[ 2017-06-16T09:01:10+08:00 ] 127.0.0.1 /
INFO: [ app_init ] --START--
INFO: Run Behavior\BuildLiteBehavior [ RunTime:0.000010s ]
INFO: [ app_init ] --END-- [ RunTime:0.011133s ]
INFO: [ app_begin ] --START--
INFO: Run Behavior\ReadHtmlCacheBehavior [ RunTime:0.011953s ]
INFO: [ app_begin ] --END-- [ RunTime:0.011995s ]
NOTIC: [2048] Declaration of Home\Controller\EmptyController::error() should be compatible with Think\Controller::error($message = '', $jumpUrl = '', $ajax = false) E:\Web\WWW\ThinkFLAT\ThinkFlat\Home\Controller\EmptyController.class.php 第 41 行.
NOTIC: [2048] Declaration of Home\Controller\EmptyController::success() should be compatible with Think\Controller::success($message = '', $jumpUrl = '', $ajax = false) E:\Web\WWW\ThinkFLAT\ThinkFlat\Home\Controller\EmptyController.class.php 第 41 行.
INFO: [ view_parse ] --START--
INFO: [ template_filter ] --START--
INFO: Run Behavior\ContentReplaceBehavior [ RunTime:0.000698s ]
INFO: [ template_filter ] --END-- [ RunTime:0.001093s ]
NOTIC: [8] Undefined variable: pjax E:\Web\WWW\ThinkFLAT\ThinkFlat\Runtime\Cache\Home\adad5d59f0ed29916ceafdad7098f5bb.php 第 147 行.
INFO: Run Behavior\ParseTemplateBehavior [ RunTime:0.222726s ]
INFO: [ view_parse ] --END-- [ RunTime:0.222753s ]
INFO: [ view_filter ] --START--
INFO: Run Behavior\WriteHtmlCacheBehavior [ RunTime:0.008219s ]
INFO: [ view_filter ] --END-- [ RunTime:0.008249s ]
INFO: [ app_end ] --START--
INFO: Run Behavior\ShowPageTraceBehavior [ RunTime:0.006861s ]
INFO: [ app_end ] --END-- [ RunTime:0.006904s ]

[ 2017-06-16T09:01:13+08:00 ] 127.0.0.1 /webnoauth/model.cgi
INFO: [ app_init ] --START--
INFO: Run Behavior\BuildLiteBehavior [ RunTime:0.000012s ]
INFO: [ app_init ] --END-- [ RunTime:0.000321s ]
INFO: [ app_begin ] --START--
INFO: Run Behavior\ReadHtmlCacheBehavior [ RunTime:0.000551s ]
INFO: [ app_begin ] --END-- [ RunTime:0.000612s ]
NOTIC: [2048] Declaration of Home\Controller\EmptyController::error() should be compatible with Think\Controller::error($message = '', $jumpUrl = '', $ajax = false) E:\Web\WWW\ThinkFLAT\ThinkFlat\Home\Controller\EmptyController.class.php 第 41 行.
NOTIC: [2048] Declaration of Home\Controller\EmptyController::success() should be compatible with Think\Controller::success($message = '', $jumpUrl = '', $ajax = false) E:\Web\WWW\ThinkFLAT\ThinkFlat\Home\Controller\EmptyController.class.php 第 41 行.
ERR: 模板不存在:./ThinkFlat/Home/View/default/./ThinkFlat/Home/View/default/Webnoauth/model.cgi.html.html

[ 2017-06-16T09:01:13+08:00 ] 127.0.0.1 /router/get_rand_key.cgi
INFO: [ app_init ] --START--
INFO: Run Behavior\BuildLiteBehavior [ RunTime:0.000016s ]
INFO: [ app_init ] --END-- [ RunTime:0.000490s ]
INFO: [ app_begin ] --START--
INFO: Run Behavior\ReadHtmlCacheBehavior [ RunTime:0.000729s ]
INFO: [ app_begin ] --END-- [ RunTime:0.000815s ]
NOTIC: [2048] Declaration of Home\Controller\EmptyController::error() should be compatible with Think\Controller::error($message = '', $jumpUrl = '', $ajax = false) E:\Web\WWW\ThinkFLAT\ThinkFlat\Home\Controller\EmptyController.class.php 第 41 行.
NOTIC: [2048] Declaration of Home\Controller\EmptyController::success() should be compatible with Think\Controller::success($message = '', $jumpUrl = '', $ajax = false) E:\Web\WWW\ThinkFLAT\ThinkFlat\Home\Controller\EmptyController.class.php 第 41 行.
ERR: 模板不存在:./ThinkFlat/Home/View/default/./ThinkFlat/Home/View/default/Router/get_rand_key.cgi.html.html

[ 2017-06-16T09:01:13+08:00 ] 127.0.0.1 /router/get_rand_key.cgi
INFO: [ app_init ] --START--
INFO: Run Behavior\BuildLiteBehavior [ RunTime:0.000010s ]
INFO: [ app_init ] --END-- [ RunTime:0.000426s ]
INFO: [ app_begin ] --START--
INFO: Run Behavior\ReadHtmlCacheBehavior [ RunTime:0.000508s ]
INFO: [ app_begin ] --END-- [ RunTime:0.000555s ]
NOTIC: [2048] Declaration of Home\Controller\EmptyController::error() should be compatible with Think\Controller::error($message = '', $jumpUrl = '', $ajax = false) E:\Web\WWW\ThinkFLAT\ThinkFlat\Home\Controller\EmptyController.class.php 第 41 行.
NOTIC: [2048] Declaration of Home\Controller\EmptyController::success() should be compatible with Think\Controller::success($message = '', $jumpUrl = '', $ajax = false) E:\Web\WWW\ThinkFLAT\ThinkFlat\Home\Controller\EmptyController.class.php 第 41 行.
ERR: 模板不存在:./ThinkFlat/Home/View/default/./ThinkFlat/Home/View/default/Router/get_rand_key.cgi.html.html

[ 2017-06-16T09:01:13+08:00 ] 127.0.0.1 /router/get_rand_key.cgi
INFO: [ app_init ] --START--
INFO: Run Behavior\BuildLiteBehavior [ RunTime:0.000009s ]
INFO: [ app_init ] --END-- [ RunTime:0.000285s ]
INFO: [ app_begin ] --START--
INFO: Run Behavior\ReadHtmlCacheBehavior [ RunTime:0.000538s ]
INFO: [ app_begin ] --END-- [ RunTime:0.000587s ]
NOTIC: [2048] Declaration of Home\Controller\EmptyController::error() should be compatible with Think\Controller::error($message = '', $jumpUrl = '', $ajax = false) E:\Web\WWW\ThinkFLAT\ThinkFlat\Home\Controller\EmptyController.class.php 第 41 行.
NOTIC: [2048] Declaration of Home\Controller\EmptyController::success() should be compatible with Think\Controller::success($message = '', $jumpUrl = '', $ajax = false) E:\Web\WWW\ThinkFLAT\ThinkFlat\Home\Controller\EmptyController.class.php 第 41 行.
ERR: 模板不存在:./ThinkFlat/Home/View/default/./ThinkFlat/Home/View/default/Router/get_rand_key.cgi.html.html

[ 2017-06-16T09:01:13+08:00 ] 127.0.0.1 /router/get_rand_key.cgi
INFO: [ app_init ] --START--
INFO: Run Behavior\BuildLiteBehavior [ RunTime:0.000013s ]
INFO: [ app_init ] --END-- [ RunTime:0.000522s ]
INFO: [ app_begin ] --START--
INFO: Run Behavior\ReadHtmlCacheBehavior [ RunTime:0.000485s ]
INFO: [ app_begin ] --END-- [ RunTime:0.000535s ]
NOTIC: [2048] Declaration of Home\Controller\EmptyController::error() should be compatible with Think\Controller::error($message = '', $jumpUrl = '', $ajax = false) E:\Web\WWW\ThinkFLAT\ThinkFlat\Home\Controller\EmptyController.class.php 第 41 行.
NOTIC: [2048] Declaration of Home\Controller\EmptyController::success() should be compatible with Think\Controller::success($message = '', $jumpUrl = '', $ajax = false) E:\Web\WWW\ThinkFLAT\ThinkFlat\Home\Controller\EmptyController.class.php 第 41 行.
ERR: 模板不存在:./ThinkFlat/Home/View/default/./ThinkFlat/Home/View/default/Router/get_rand_key.cgi.html.html

[ 2017-06-16T09:01:14+08:00 ] 127.0.0.1 /
INFO: [ app_init ] --START--
INFO: Run Behavior\BuildLiteBehavior [ RunTime:0.000011s ]
INFO: [ app_init ] --END-- [ RunTime:0.000300s ]
INFO: [ app_begin ] --START--
INFO: Run Behavior\ReadHtmlCacheBehavior [ RunTime:0.000526s ]
INFO: [ app_begin ] --END-- [ RunTime:0.000575s ]
NOTIC: [2048] Declaration of Home\Controller\EmptyController::error() should be compatible with Think\Controller::error($message = '', $jumpUrl = '', $ajax = false) E:\Web\WWW\ThinkFLAT\ThinkFlat\Home\Controller\EmptyController.class.php 第 41 行.
NOTIC: [2048] Declaration of Home\Controller\EmptyController::success() should be compatible with Think\Controller::success($message = '', $jumpUrl = '', $ajax = false) E:\Web\WWW\ThinkFLAT\ThinkFlat\Home\Controller\EmptyController.class.php 第 41 行.
INFO: [ view_parse ] --START--
INFO: [ template_filter ] --START--
INFO: Run Behavior\ContentReplaceBehavior [ RunTime:0.000089s ]
INFO: [ template_filter ] --END-- [ RunTime:0.000135s ]
NOTIC: [8] Undefined variable: pjax E:\Web\WWW\ThinkFLAT\ThinkFlat\Runtime\Cache\Home\adad5d59f0ed29916ceafdad7098f5bb.php 第 147 行.
INFO: Run Behavior\ParseTemplateBehavior [ RunTime:0.036783s ]
INFO: [ view_parse ] --END-- [ RunTime:0.036828s ]
INFO: [ view_filter ] --START--
INFO: Run Behavior\WriteHtmlCacheBehavior [ RunTime:0.000466s ]
INFO: [ view_filter ] --END-- [ RunTime:0.000509s ]
INFO: [ app_end ] --START--
INFO: Run Behavior\ShowPageTraceBehavior [ RunTime:0.000696s ]
INFO: [ app_end ] --END-- [ RunTime:0.000763s ]

[ 2017-06-16T09:01:14+08:00 ] 127.0.0.1 /webnoauth/model.cgi
INFO: [ app_init ] --START--
INFO: Run Behavior\BuildLiteBehavior [ RunTime:0.000014s ]
INFO: [ app_init ] --END-- [ RunTime:0.000525s ]
INFO: [ app_begin ] --START--
INFO: Run Behavior\ReadHtmlCacheBehavior [ RunTime:0.000641s ]
INFO: [ app_begin ] --END-- [ RunTime:0.000702s ]
NOTIC: [2048] Declaration of Home\Controller\EmptyController::error() should be compatible with Think\Controller::error($message = '', $jumpUrl = '', $ajax = false) E:\Web\WWW\ThinkFLAT\ThinkFlat\Home\Controller\EmptyController.class.php 第 41 行.
NOTIC: [2048] Declaration of Home\Controller\EmptyController::success() should be compatible with Think\Controller::success($message = '', $jumpUrl = '', $ajax = false) E:\Web\WWW\ThinkFLAT\ThinkFlat\Home\Controller\EmptyController.class.php 第 41 行.
ERR: 模板不存在:./ThinkFlat/Home/View/default/./ThinkFlat/Home/View/default/Webnoauth/model.cgi.html.html

[ 2017-06-16T09:01:14+08:00 ] 127.0.0.1 /router/get_rand_key.cgi
INFO: [ app_init ] --START--
INFO: Run Behavior\BuildLiteBehavior [ RunTime:0.000018s ]
INFO: [ app_init ] --END-- [ RunTime:0.000541s ]
INFO: [ app_begin ] --START--
INFO: Run Behavior\ReadHtmlCacheBehavior [ RunTime:0.000596s ]
INFO: [ app_begin ] --END-- [ RunTime:0.000651s ]
NOTIC: [2048] Declaration of Home\Controller\EmptyController::error() should be compatible with Think\Controller::error($message = '', $jumpUrl = '', $ajax = false) E:\Web\WWW\ThinkFLAT\ThinkFlat\Home\Controller\EmptyController.class.php 第 41 行.
NOTIC: [2048] Declaration of Home\Controller\EmptyController::success() should be compatible with Think\Controller::success($message = '', $jumpUrl = '', $ajax = false) E:\Web\WWW\ThinkFLAT\ThinkFlat\Home\Controller\EmptyController.class.php 第 41 行.
ERR: 模板不存在:./ThinkFlat/Home/View/default/./ThinkFlat/Home/View/default/Router/get_rand_key.cgi.html.html

[ 2017-06-16T09:01:14+08:00 ] 127.0.0.1 /router/get_rand_key.cgi
INFO: [ app_init ] --START--
INFO: Run Behavior\BuildLiteBehavior [ RunTime:0.000013s ]
INFO: [ app_init ] --END-- [ RunTime:0.000529s ]
INFO: [ app_begin ] --START--
INFO: Run Behavior\ReadHtmlCacheBehavior [ RunTime:0.000617s ]
INFO: [ app_begin ] --END-- [ RunTime:0.000674s ]
NOTIC: [2048] Declaration of Home\Controller\EmptyController::error() should be compatible with Think\Controller::error($message = '', $jumpUrl = '', $ajax = false) E:\Web\WWW\ThinkFLAT\ThinkFlat\Home\Controller\EmptyController.class.php 第 41 行.
NOTIC: [2048] Declaration of Home\Controller\EmptyController::success() should be compatible with Think\Controller::success($message = '', $jumpUrl = '', $ajax = false) E:\Web\WWW\ThinkFLAT\ThinkFlat\Home\Controller\EmptyController.class.php 第 41 行.
ERR: 模板不存在:./ThinkFlat/Home/View/default/./ThinkFlat/Home/View/default/Router/get_rand_key.cgi.html.html

[ 2017-06-16T09:01:15+08:00 ] 127.0.0.1 /router/get_rand_key.cgi
INFO: [ app_init ] --START--
INFO: Run Behavior\BuildLiteBehavior [ RunTime:0.000013s ]
INFO: [ app_init ] --END-- [ RunTime:0.000507s ]
INFO: [ app_begin ] --START--
INFO: Run Behavior\ReadHtmlCacheBehavior [ RunTime:0.000668s ]
INFO: [ app_begin ] --END-- [ RunTime:0.000724s ]
NOTIC: [2048] Declaration of Home\Controller\EmptyController::error() should be compatible with Think\Controller::error($message = '', $jumpUrl = '', $ajax = false) E:\Web\WWW\ThinkFLAT\ThinkFlat\Home\Controller\EmptyController.class.php 第 41 行.
NOTIC: [2048] Declaration of Home\Controller\EmptyController::success() should be compatible with Think\Controller::success($message = '', $jumpUrl = '', $ajax = false) E:\Web\WWW\ThinkFLAT\ThinkFlat\Home\Controller\EmptyController.class.php 第 41 行.
ERR: 模板不存在:./ThinkFlat/Home/View/default/./ThinkFlat/Home/View/default/Router/get_rand_key.cgi.html.html

[ 2017-06-16T09:01:15+08:00 ] 127.0.0.1 /router/get_rand_key.cgi
INFO: [ app_init ] --START--
INFO: Run Behavior\BuildLiteBehavior [ RunTime:0.000011s ]
INFO: [ app_init ] --END-- [ RunTime:0.000415s ]
INFO: [ app_begin ] --START--
INFO: Run Behavior\ReadHtmlCacheBehavior [ RunTime:0.000490s ]
INFO: [ app_begin ] --END-- [ RunTime:0.000536s ]
NOTIC: [2048] Declaration of Home\Controller\EmptyController::error() should be compatible with Think\Controller::error($message = '', $jumpUrl = '', $ajax = false) E:\Web\WWW\ThinkFLAT\ThinkFlat\Home\Controller\EmptyController.class.php 第 41 行.
NOTIC: [2048] Declaration of Home\Controller\EmptyController::success() should be compatible with Think\Controller::success($message = '', $jumpUrl = '', $ajax = false) E:\Web\WWW\ThinkFLAT\ThinkFlat\Home\Controller\EmptyController.class.php 第 41 行.
ERR: 模板不存在:./ThinkFlat/Home/View/default/./ThinkFlat/Home/View/default/Router/get_rand_key.cgi.html.html

[ 2017-06-16T09:08:54+08:00 ] 127.0.0.1 /
INFO: [ app_init ] --START--
INFO: Run Behavior\BuildLiteBehavior [ RunTime:0.000017s ]
INFO: [ app_init ] --END-- [ RunTime:0.000804s ]
INFO: [ app_begin ] --START--
INFO: Run Behavior\ReadHtmlCacheBehavior [ RunTime:0.001064s ]
INFO: [ app_begin ] --END-- [ RunTime:0.001144s ]
NOTIC: [2048] Declaration of Home\Controller\EmptyController::error() should be compatible with Think\Controller::error($message = '', $jumpUrl = '', $ajax = false) E:\Web\WWW\ThinkFLAT\ThinkFlat\Home\Controller\EmptyController.class.php 第 41 行.
NOTIC: [2048] Declaration of Home\Controller\EmptyController::success() should be compatible with Think\Controller::success($message = '', $jumpUrl = '', $ajax = false) E:\Web\WWW\ThinkFLAT\ThinkFlat\Home\Controller\EmptyController.class.php 第 41 行.
INFO: [ view_parse ] --START--
INFO: [ template_filter ] --START--
INFO: Run Behavior\ContentReplaceBehavior [ RunTime:0.000083s ]
INFO: [ template_filter ] --END-- [ RunTime:0.000146s ]
NOTIC: [8] Undefined variable: pjax E:\Web\WWW\ThinkFLAT\ThinkFlat\Runtime\Cache\Home\adad5d59f0ed29916ceafdad7098f5bb.php 第 147 行.
INFO: Run Behavior\ParseTemplateBehavior [ RunTime:0.034790s ]
INFO: [ view_parse ] --END-- [ RunTime:0.034837s ]
INFO: [ view_filter ] --START--
INFO: Run Behavior\WriteHtmlCacheBehavior [ RunTime:0.000423s ]
INFO: [ view_filter ] --END-- [ RunTime:0.000452s ]
INFO: [ app_end ] --START--
INFO: Run Behavior\ShowPageTraceBehavior [ RunTime:0.000651s ]
INFO: [ app_end ] --END-- [ RunTime:0.000700s ]

[ 2017-06-16T11:08:25+08:00 ] 127.0.0.1 /
INFO: [ app_init ] --START--
INFO: Run Behavior\BuildLiteBehavior [ RunTime:0.000009s ]
INFO: [ app_init ] --END-- [ RunTime:0.000386s ]
INFO: [ app_begin ] --START--
INFO: Run Behavior\ReadHtmlCacheBehavior [ RunTime:0.000556s ]
INFO: [ app_begin ] --END-- [ RunTime:0.000619s ]
NOTIC: [2048] Declaration of Home\Controller\EmptyController::error() should be compatible with Think\Controller::error($message = '', $jumpUrl = '', $ajax = false) E:\Web\WWW\ThinkFLAT\ThinkFlat\Home\Controller\EmptyController.class.php 第 41 行.
NOTIC: [2048] Declaration of Home\Controller\EmptyController::success() should be compatible with Think\Controller::success($message = '', $jumpUrl = '', $ajax = false) E:\Web\WWW\ThinkFLAT\ThinkFlat\Home\Controller\EmptyController.class.php 第 41 行.
INFO: [ view_parse ] --START--
INFO: [ template_filter ] --START--
INFO: Run Behavior\ContentReplaceBehavior [ RunTime:0.000285s ]
INFO: [ template_filter ] --END-- [ RunTime:0.000346s ]
NOTIC: [8] Undefined variable: pjax E:\Web\WWW\ThinkFLAT\ThinkFlat\Runtime\Cache\Home\adad5d59f0ed29916ceafdad7098f5bb.php 第 147 行.
INFO: Run Behavior\ParseTemplateBehavior [ RunTime:0.059131s ]
INFO: [ view_parse ] --END-- [ RunTime:0.059265s ]
INFO: [ view_filter ] --START--
INFO: Run Behavior\WriteHtmlCacheBehavior [ RunTime:0.000545s ]
INFO: [ view_filter ] --END-- [ RunTime:0.000804s ]
INFO: [ app_end ] --START--
INFO: Run Behavior\ShowPageTraceBehavior [ RunTime:0.005091s ]
INFO: [ app_end ] --END-- [ RunTime:0.005157s ]

[ 2017-06-16T11:08:26+08:00 ] 127.0.0.1 /webnoauth/model.cgi
INFO: [ app_init ] --START--
INFO: Run Behavior\BuildLiteBehavior [ RunTime:0.000028s ]
INFO: [ app_init ] --END-- [ RunTime:0.000891s ]
INFO: [ app_begin ] --START--
INFO: Run Behavior\ReadHtmlCacheBehavior [ RunTime:0.001019s ]
INFO: [ app_begin ] --END-- [ RunTime:0.001100s ]
NOTIC: [2048] Declaration of Home\Controller\EmptyController::error() should be compatible with Think\Controller::error($message = '', $jumpUrl = '', $ajax = false) E:\Web\WWW\ThinkFLAT\ThinkFlat\Home\Controller\EmptyController.class.php 第 41 行.
NOTIC: [2048] Declaration of Home\Controller\EmptyController::success() should be compatible with Think\Controller::success($message = '', $jumpUrl = '', $ajax = false) E:\Web\WWW\ThinkFLAT\ThinkFlat\Home\Controller\EmptyController.class.php 第 41 行.
ERR: 模板不存在:./ThinkFlat/Home/View/default/./ThinkFlat/Home/View/default/Webnoauth/model.cgi.html.html

[ 2017-06-16T11:08:26+08:00 ] 127.0.0.1 /router/get_rand_key.cgi
INFO: [ app_init ] --START--
INFO: Run Behavior\BuildLiteBehavior [ RunTime:0.000018s ]
INFO: [ app_init ] --END-- [ RunTime:0.001069s ]
INFO: [ app_begin ] --START--
INFO: Run Behavior\ReadHtmlCacheBehavior [ RunTime:0.000798s ]
INFO: [ app_begin ] --END-- [ RunTime:0.000858s ]
NOTIC: [2048] Declaration of Home\Controller\EmptyController::error() should be compatible with Think\Controller::error($message = '', $jumpUrl = '', $ajax = false) E:\Web\WWW\ThinkFLAT\ThinkFlat\Home\Controller\EmptyController.class.php 第 41 行.
NOTIC: [2048] Declaration of Home\Controller\EmptyController::success() should be compatible with Think\Controller::success($message = '', $jumpUrl = '', $ajax = false) E:\Web\WWW\ThinkFLAT\ThinkFlat\Home\Controller\EmptyController.class.php 第 41 行.
ERR: 模板不存在:./ThinkFlat/Home/View/default/./ThinkFlat/Home/View/default/Router/get_rand_key.cgi.html.html

[ 2017-06-16T11:08:26+08:00 ] 127.0.0.1 /router/get_rand_key.cgi
INFO: [ app_init ] --START--
INFO: Run Behavior\BuildLiteBehavior [ RunTime:0.000016s ]
INFO: [ app_init ] --END-- [ RunTime:0.000390s ]
INFO: [ app_begin ] --START--
INFO: Run Behavior\ReadHtmlCacheBehavior [ RunTime:0.000435s ]
INFO: [ app_begin ] --END-- [ RunTime:0.000466s ]
NOTIC: [2048] Declaration of Home\Controller\EmptyController::error() should be compatible with Think\Controller::error($message = '', $jumpUrl = '', $ajax = false) E:\Web\WWW\ThinkFLAT\ThinkFlat\Home\Controller\EmptyController.class.php 第 41 行.
NOTIC: [2048] Declaration of Home\Controller\EmptyController::success() should be compatible with Think\Controller::success($message = '', $jumpUrl = '', $ajax = false) E:\Web\WWW\ThinkFLAT\ThinkFlat\Home\Controller\EmptyController.class.php 第 41 行.
ERR: 模板不存在:./ThinkFlat/Home/View/default/./ThinkFlat/Home/View/default/Router/get_rand_key.cgi.html.html

[ 2017-06-16T11:08:26+08:00 ] 127.0.0.1 /router/get_rand_key.cgi
INFO: [ app_init ] --START--
INFO: Run Behavior\BuildLiteBehavior [ RunTime:0.000024s ]
INFO: [ app_init ] --END-- [ RunTime:0.001171s ]
INFO: [ app_begin ] --START--
INFO: Run Behavior\ReadHtmlCacheBehavior [ RunTime:0.001957s ]
INFO: [ app_begin ] --END-- [ RunTime:0.002107s ]
NOTIC: [2048] Declaration of Home\Controller\EmptyController::error() should be compatible with Think\Controller::error($message = '', $jumpUrl = '', $ajax = false) E:\Web\WWW\ThinkFLAT\ThinkFlat\Home\Controller\EmptyController.class.php 第 41 行.
NOTIC: [2048] Declaration of Home\Controller\EmptyController::success() should be compatible with Think\Controller::success($message = '', $jumpUrl = '', $ajax = false) E:\Web\WWW\ThinkFLAT\ThinkFlat\Home\Controller\EmptyController.class.php 第 41 行.
ERR: 模板不存在:./ThinkFlat/Home/View/default/./ThinkFlat/Home/View/default/Router/get_rand_key.cgi.html.html

[ 2017-06-16T11:08:26+08:00 ] 127.0.0.1 /router/get_rand_key.cgi
INFO: [ app_init ] --START--
INFO: Run Behavior\BuildLiteBehavior [ RunTime:0.000054s ]
INFO: [ app_init ] --END-- [ RunTime:0.001336s ]
INFO: [ app_begin ] --START--
INFO: Run Behavior\ReadHtmlCacheBehavior [ RunTime:0.001521s ]
INFO: [ app_begin ] --END-- [ RunTime:0.001644s ]
NOTIC: [2048] Declaration of Home\Controller\EmptyController::error() should be compatible with Think\Controller::error($message = '', $jumpUrl = '', $ajax = false) E:\Web\WWW\ThinkFLAT\ThinkFlat\Home\Controller\EmptyController.class.php 第 41 行.
NOTIC: [2048] Declaration of Home\Controller\EmptyController::success() should be compatible with Think\Controller::success($message = '', $jumpUrl = '', $ajax = false) E:\Web\WWW\ThinkFLAT\ThinkFlat\Home\Controller\EmptyController.class.php 第 41 行.
ERR: 模板不存在:./ThinkFlat/Home/View/default/./ThinkFlat/Home/View/default/Router/get_rand_key.cgi.html.html

[ 2017-06-16T11:18:11+08:00 ] 127.0.0.1 /
INFO: [ app_init ] --START--
INFO: Run Behavior\BuildLiteBehavior [ RunTime:0.000035s ]
INFO: [ app_init ] --END-- [ RunTime:0.001620s ]
INFO: [ app_begin ] --START--
INFO: Run Behavior\ReadHtmlCacheBehavior [ RunTime:0.001948s ]
INFO: [ app_begin ] --END-- [ RunTime:0.002126s ]
NOTIC: [2048] Declaration of Home\Controller\EmptyController::error() should be compatible with Think\Controller::error($message = '', $jumpUrl = '', $ajax = false) E:\Web\WWW\ThinkFLAT\ThinkFlat\Home\Controller\EmptyController.class.php 第 41 行.
NOTIC: [2048] Declaration of Home\Controller\EmptyController::success() should be compatible with Think\Controller::success($message = '', $jumpUrl = '', $ajax = false) E:\Web\WWW\ThinkFLAT\ThinkFlat\Home\Controller\EmptyController.class.php 第 41 行.
INFO: [ view_parse ] --START--
INFO: [ template_filter ] --START--
INFO: Run Behavior\ContentReplaceBehavior [ RunTime:0.000171s ]
INFO: [ template_filter ] --END-- [ RunTime:0.000243s ]
NOTIC: [8] Undefined variable: pjax E:\Web\WWW\ThinkFLAT\ThinkFlat\Runtime\Cache\Home\adad5d59f0ed29916ceafdad7098f5bb.php 第 147 行.
INFO: Run Behavior\ParseTemplateBehavior [ RunTime:0.065809s ]
INFO: [ view_parse ] --END-- [ RunTime:0.065877s ]
INFO: [ view_filter ] --START--
INFO: Run Behavior\WriteHtmlCacheBehavior [ RunTime:0.000858s ]
INFO: [ view_filter ] --END-- [ RunTime:0.000918s ]
INFO: [ app_end ] --START--
INFO: Run Behavior\ShowPageTraceBehavior [ RunTime:0.001404s ]
INFO: [ app_end ] --END-- [ RunTime:0.001540s ]

[ 2017-06-16T11:18:11+08:00 ] 127.0.0.1 /webnoauth/model.cgi
INFO: [ app_init ] --START--
INFO: Run Behavior\BuildLiteBehavior [ RunTime:0.000018s ]
INFO: [ app_init ] --END-- [ RunTime:0.000881s ]
INFO: [ app_begin ] --START--
INFO: Run Behavior\ReadHtmlCacheBehavior [ RunTime:0.001275s ]
INFO: [ app_begin ] --END-- [ RunTime:0.001379s ]
NOTIC: [2048] Declaration of Home\Controller\EmptyController::error() should be compatible with Think\Controller::error($message = '', $jumpUrl = '', $ajax = false) E:\Web\WWW\ThinkFLAT\ThinkFlat\Home\Controller\EmptyController.class.php 第 41 行.
NOTIC: [2048] Declaration of Home\Controller\EmptyController::success() should be compatible with Think\Controller::success($message = '', $jumpUrl = '', $ajax = false) E:\Web\WWW\ThinkFLAT\ThinkFlat\Home\Controller\EmptyController.class.php 第 41 行.
ERR: 模板不存在:./ThinkFlat/Home/View/default/./ThinkFlat/Home/View/default/Webnoauth/model.cgi.html.html

[ 2017-06-16T11:18:11+08:00 ] 127.0.0.1 /router/get_rand_key.cgi
INFO: [ app_init ] --START--
INFO: Run Behavior\BuildLiteBehavior [ RunTime:0.000130s ]
INFO: [ app_init ] --END-- [ RunTime:0.001909s ]
INFO: [ app_begin ] --START--
INFO: Run Behavior\ReadHtmlCacheBehavior [ RunTime:0.001989s ]
INFO: [ app_begin ] --END-- [ RunTime:0.002143s ]
NOTIC: [2048] Declaration of Home\Controller\EmptyController::error() should be compatible with Think\Controller::error($message = '', $jumpUrl = '', $ajax = false) E:\Web\WWW\ThinkFLAT\ThinkFlat\Home\Controller\EmptyController.class.php 第 41 行.
NOTIC: [2048] Declaration of Home\Controller\EmptyController::success() should be compatible with Think\Controller::success($message = '', $jumpUrl = '', $ajax = false) E:\Web\WWW\ThinkFLAT\ThinkFlat\Home\Controller\EmptyController.class.php 第 41 行.
ERR: 模板不存在:./ThinkFlat/Home/View/default/./ThinkFlat/Home/View/default/Router/get_rand_key.cgi.html.html

[ 2017-06-16T11:18:11+08:00 ] 127.0.0.1 /router/get_rand_key.cgi
INFO: [ app_init ] --START--
INFO: Run Behavior\BuildLiteBehavior [ RunTime:0.000019s ]
INFO: [ app_init ] --END-- [ RunTime:0.001461s ]
INFO: [ app_begin ] --START--
INFO: Run Behavior\ReadHtmlCacheBehavior [ RunTime:0.001235s ]
INFO: [ app_begin ] --END-- [ RunTime:0.001340s ]
NOTIC: [2048] Declaration of Home\Controller\EmptyController::error() should be compatible with Think\Controller::error($message = '', $jumpUrl = '', $ajax = false) E:\Web\WWW\ThinkFLAT\ThinkFlat\Home\Controller\EmptyController.class.php 第 41 行.
NOTIC: [2048] Declaration of Home\Controller\EmptyController::success() should be compatible with Think\Controller::success($message = '', $jumpUrl = '', $ajax = false) E:\Web\WWW\ThinkFLAT\ThinkFlat\Home\Controller\EmptyController.class.php 第 41 行.
ERR: 模板不存在:./ThinkFlat/Home/View/default/./ThinkFlat/Home/View/default/Router/get_rand_key.cgi.html.html

[ 2017-06-16T11:18:11+08:00 ] 127.0.0.1 /router/get_rand_key.cgi
INFO: [ app_init ] --START--
INFO: Run Behavior\BuildLiteBehavior [ RunTime:0.000016s ]
INFO: [ app_init ] --END-- [ RunTime:0.000753s ]
INFO: [ app_begin ] --START--
INFO: Run Behavior\ReadHtmlCacheBehavior [ RunTime:0.000863s ]
INFO: [ app_begin ] --END-- [ RunTime:0.000929s ]
NOTIC: [2048] Declaration of Home\Controller\EmptyController::error() should be compatible with Think\Controller::error($message = '', $jumpUrl = '', $ajax = false) E:\Web\WWW\ThinkFLAT\ThinkFlat\Home\Controller\EmptyController.class.php 第 41 行.
NOTIC: [2048] Declaration of Home\Controller\EmptyController::success() should be compatible with Think\Controller::success($message = '', $jumpUrl = '', $ajax = false) E:\Web\WWW\ThinkFLAT\ThinkFlat\Home\Controller\EmptyController.class.php 第 41 行.
ERR: 模板不存在:./ThinkFlat/Home/View/default/./ThinkFlat/Home/View/default/Router/get_rand_key.cgi.html.html

[ 2017-06-16T11:18:11+08:00 ] 127.0.0.1 /router/get_rand_key.cgi
INFO: [ app_init ] --START--
INFO: Run Behavior\BuildLiteBehavior [ RunTime:0.000017s ]
INFO: [ app_init ] --END-- [ RunTime:0.000751s ]
INFO: [ app_begin ] --START--
INFO: Run Behavior\ReadHtmlCacheBehavior [ RunTime:0.001333s ]
INFO: [ app_begin ] --END-- [ RunTime:0.001442s ]
NOTIC: [2048] Declaration of Home\Controller\EmptyController::error() should be compatible with Think\Controller::error($message = '', $jumpUrl = '', $ajax = false) E:\Web\WWW\ThinkFLAT\ThinkFlat\Home\Controller\EmptyController.class.php 第 41 行.
NOTIC: [2048] Declaration of Home\Controller\EmptyController::success() should be compatible with Think\Controller::success($message = '', $jumpUrl = '', $ajax = false) E:\Web\WWW\ThinkFLAT\ThinkFlat\Home\Controller\EmptyController.class.php 第 41 行.
ERR: 模板不存在:./ThinkFlat/Home/View/default/./ThinkFlat/Home/View/default/Router/get_rand_key.cgi.html.html

[ 2017-06-16T13:46:51+08:00 ] 127.0.0.1 /
INFO: [ app_init ] --START--
INFO: Run Behavior\BuildLiteBehavior [ RunTime:0.000017s ]
INFO: [ app_init ] --END-- [ RunTime:0.000922s ]
INFO: [ app_begin ] --START--
INFO: Run Behavior\ReadHtmlCacheBehavior [ RunTime:0.001537s ]
INFO: [ app_begin ] --END-- [ RunTime:0.001700s ]
NOTIC: [2048] Declaration of Home\Controller\EmptyController::error() should be compatible with Think\Controller::error($message = '', $jumpUrl = '', $ajax = false) E:\Web\WWW\ThinkFLAT\ThinkFlat\Home\Controller\EmptyController.class.php 第 41 行.
NOTIC: [2048] Declaration of Home\Controller\EmptyController::success() should be compatible with Think\Controller::success($message = '', $jumpUrl = '', $ajax = false) E:\Web\WWW\ThinkFLAT\ThinkFlat\Home\Controller\EmptyController.class.php 第 41 行.
INFO: [ view_parse ] --START--
INFO: [ template_filter ] --START--
INFO: Run Behavior\ContentReplaceBehavior [ RunTime:0.000162s ]
INFO: [ template_filter ] --END-- [ RunTime:0.000234s ]
NOTIC: [8] Undefined variable: pjax E:\Web\WWW\ThinkFLAT\ThinkFlat\Runtime\Cache\Home\adad5d59f0ed29916ceafdad7098f5bb.php 第 147 行.
INFO: Run Behavior\ParseTemplateBehavior [ RunTime:0.060257s ]
INFO: [ view_parse ] --END-- [ RunTime:0.060307s ]
INFO: [ view_filter ] --START--
INFO: Run Behavior\WriteHtmlCacheBehavior [ RunTime:0.000542s ]
INFO: [ view_filter ] --END-- [ RunTime:0.000578s ]
INFO: [ app_end ] --START--
INFO: Run Behavior\ShowPageTraceBehavior [ RunTime:0.000891s ]
INFO: [ app_end ] --END-- [ RunTime:0.000960s ]

[ 2017-06-16T13:46:51+08:00 ] 127.0.0.1 /webnoauth/model.cgi
INFO: [ app_init ] --START--
INFO: Run Behavior\BuildLiteBehavior [ RunTime:0.000021s ]
INFO: [ app_init ] --END-- [ RunTime:0.001021s ]
INFO: [ app_begin ] --START--
INFO: Run Behavior\ReadHtmlCacheBehavior [ RunTime:0.001099s ]
INFO: [ app_begin ] --END-- [ RunTime:0.001190s ]
NOTIC: [2048] Declaration of Home\Controller\EmptyController::error() should be compatible with Think\Controller::error($message = '', $jumpUrl = '', $ajax = false) E:\Web\WWW\ThinkFLAT\ThinkFlat\Home\Controller\EmptyController.class.php 第 41 行.
NOTIC: [2048] Declaration of Home\Controller\EmptyController::success() should be compatible with Think\Controller::success($message = '', $jumpUrl = '', $ajax = false) E:\Web\WWW\ThinkFLAT\ThinkFlat\Home\Controller\EmptyController.class.php 第 41 行.
ERR: 模板不存在:./ThinkFlat/Home/View/default/./ThinkFlat/Home/View/default/Webnoauth/model.cgi.html.html

[ 2017-06-16T13:46:51+08:00 ] 127.0.0.1 /router/get_rand_key.cgi
INFO: [ app_init ] --START--
INFO: Run Behavior\BuildLiteBehavior [ RunTime:0.000020s ]
INFO: [ app_init ] --END-- [ RunTime:0.001052s ]
INFO: [ app_begin ] --START--
INFO: Run Behavior\ReadHtmlCacheBehavior [ RunTime:0.001225s ]
INFO: [ app_begin ] --END-- [ RunTime:0.001317s ]
NOTIC: [2048] Declaration of Home\Controller\EmptyController::error() should be compatible with Think\Controller::error($message = '', $jumpUrl = '', $ajax = false) E:\Web\WWW\ThinkFLAT\ThinkFlat\Home\Controller\EmptyController.class.php 第 41 行.
NOTIC: [2048] Declaration of Home\Controller\EmptyController::success() should be compatible with Think\Controller::success($message = '', $jumpUrl = '', $ajax = false) E:\Web\WWW\ThinkFLAT\ThinkFlat\Home\Controller\EmptyController.class.php 第 41 行.
ERR: 模板不存在:./ThinkFlat/Home/View/default/./ThinkFlat/Home/View/default/Router/get_rand_key.cgi.html.html

[ 2017-06-16T13:46:52+08:00 ] 127.0.0.1 /router/get_rand_key.cgi
INFO: [ app_init ] --START--
INFO: Run Behavior\BuildLiteBehavior [ RunTime:0.000013s ]
INFO: [ app_init ] --END-- [ RunTime:0.000619s ]
INFO: [ app_begin ] --START--
INFO: Run Behavior\ReadHtmlCacheBehavior [ RunTime:0.000740s ]
INFO: [ app_begin ] --END-- [ RunTime:0.000796s ]
NOTIC: [2048] Declaration of Home\Controller\EmptyController::error() should be compatible with Think\Controller::error($message = '', $jumpUrl = '', $ajax = false) E:\Web\WWW\ThinkFLAT\ThinkFlat\Home\Controller\EmptyController.class.php 第 41 行.
NOTIC: [2048] Declaration of Home\Controller\EmptyController::success() should be compatible with Think\Controller::success($message = '', $jumpUrl = '', $ajax = false) E:\Web\WWW\ThinkFLAT\ThinkFlat\Home\Controller\EmptyController.class.php 第 41 行.
ERR: 模板不存在:./ThinkFlat/Home/View/default/./ThinkFlat/Home/View/default/Router/get_rand_key.cgi.html.html

[ 2017-06-16T13:46:52+08:00 ] 127.0.0.1 /router/get_rand_key.cgi
INFO: [ app_init ] --START--
INFO: Run Behavior\BuildLiteBehavior [ RunTime:0.000033s ]
INFO: [ app_init ] --END-- [ RunTime:0.001996s ]
INFO: [ app_begin ] --START--
INFO: Run Behavior\ReadHtmlCacheBehavior [ RunTime:0.002111s ]
INFO: [ app_begin ] --END-- [ RunTime:0.002291s ]
NOTIC: [2048] Declaration of Home\Controller\EmptyController::error() should be compatible with Think\Controller::error($message = '', $jumpUrl = '', $ajax = false) E:\Web\WWW\ThinkFLAT\ThinkFlat\Home\Controller\EmptyController.class.php 第 41 行.
NOTIC: [2048] Declaration of Home\Controller\EmptyController::success() should be compatible with Think\Controller::success($message = '', $jumpUrl = '', $ajax = false) E:\Web\WWW\ThinkFLAT\ThinkFlat\Home\Controller\EmptyController.class.php 第 41 行.
ERR: 模板不存在:./ThinkFlat/Home/View/default/./ThinkFlat/Home/View/default/Router/get_rand_key.cgi.html.html

[ 2017-06-16T13:46:52+08:00 ] 127.0.0.1 /router/get_rand_key.cgi
INFO: [ app_init ] --START--
INFO: Run Behavior\BuildLiteBehavior [ RunTime:0.000008s ]
INFO: [ app_init ] --END-- [ RunTime:0.000412s ]
INFO: [ app_begin ] --START--
INFO: Run Behavior\ReadHtmlCacheBehavior [ RunTime:0.000490s ]
INFO: [ app_begin ] --END-- [ RunTime:0.000526s ]
NOTIC: [2048] Declaration of Home\Controller\EmptyController::error() should be compatible with Think\Controller::error($message = '', $jumpUrl = '', $ajax = false) E:\Web\WWW\ThinkFLAT\ThinkFlat\Home\Controller\EmptyController.class.php 第 41 行.
NOTIC: [2048] Declaration of Home\Controller\EmptyController::success() should be compatible with Think\Controller::success($message = '', $jumpUrl = '', $ajax = false) E:\Web\WWW\ThinkFLAT\ThinkFlat\Home\Controller\EmptyController.class.php 第 41 行.
ERR: 模板不存在:./ThinkFlat/Home/View/default/./ThinkFlat/Home/View/default/Router/get_rand_key.cgi.html.html

[ 2017-06-16T13:46:53+08:00 ] 127.0.0.1 /
INFO: [ app_init ] --START--
INFO: Run Behavior\BuildLiteBehavior [ RunTime:0.000027s ]
INFO: [ app_init ] --END-- [ RunTime:0.001243s ]
INFO: [ app_begin ] --START--
INFO: Run Behavior\ReadHtmlCacheBehavior [ RunTime:0.000856s ]
INFO: [ app_begin ] --END-- [ RunTime:0.000920s ]
NOTIC: [2048] Declaration of Home\Controller\EmptyController::error() should be compatible with Think\Controller::error($message = '', $jumpUrl = '', $ajax = false) E:\Web\WWW\ThinkFLAT\ThinkFlat\Home\Controller\EmptyController.class.php 第 41 行.
NOTIC: [2048] Declaration of Home\Controller\EmptyController::success() should be compatible with Think\Controller::success($message = '', $jumpUrl = '', $ajax = false) E:\Web\WWW\ThinkFLAT\ThinkFlat\Home\Controller\EmptyController.class.php 第 41 行.
INFO: [ view_parse ] --START--
INFO: [ template_filter ] --START--
INFO: Run Behavior\ContentReplaceBehavior [ RunTime:0.000185s ]
INFO: [ template_filter ] --END-- [ RunTime:0.000274s ]
NOTIC: [8] Undefined variable: pjax E:\Web\WWW\ThinkFLAT\ThinkFlat\Runtime\Cache\Home\adad5d59f0ed29916ceafdad7098f5bb.php 第 147 行.
INFO: Run Behavior\ParseTemplateBehavior [ RunTime:0.038422s ]
INFO: [ view_parse ] --END-- [ RunTime:0.038472s ]
INFO: [ view_filter ] --START--
INFO: Run Behavior\WriteHtmlCacheBehavior [ RunTime:0.000455s ]
INFO: [ view_filter ] --END-- [ RunTime:0.000482s ]
INFO: [ app_end ] --START--
INFO: Run Behavior\ShowPageTraceBehavior [ RunTime:0.000625s ]
INFO: [ app_end ] --END-- [ RunTime:0.000691s ]

