[ 2017-06-02T10:01:20+08:00 ] 127.0.0.1 /
INFO: [ app_init ] --START--
INFO: Run Behavior\BuildLiteBehavior [ RunTime:0.000009s ]
INFO: [ app_init ] --END-- [ RunTime:0.016363s ]
INFO: [ app_begin ] --START--
INFO: Run Behavior\ReadHtmlCacheBehavior [ RunTime:0.020712s ]
INFO: [ app_begin ] --END-- [ RunTime:0.020759s ]
NOTIC: [2048] Declaration of Home\Controller\EmptyController::error() should be compatible with Think\Controller::error($message = '', $jumpUrl = '', $ajax = false) E:\Web\WWW\ThinkFLAT\ThinkFlat\Home\Controller\EmptyController.class.php 第 41 行.
NOTIC: [2048] Declaration of Home\Controller\EmptyController::success() should be compatible with Think\Controller::success($message = '', $jumpUrl = '', $ajax = false) E:\Web\WWW\ThinkFLAT\ThinkFlat\Home\Controller\EmptyController.class.php 第 41 行.
INFO: [ view_parse ] --START--
INFO: [ template_filter ] --START--
INFO: Run Behavior\ContentReplaceBehavior [ RunTime:0.017242s ]
INFO: [ template_filter ] --END-- [ RunTime:0.017298s ]
NOTIC: [8] Undefined variable: pjax E:\Web\WWW\ThinkFLAT\ThinkFlat\Runtime\Cache\Home\adad5d59f0ed29916ceafdad7098f5bb.php 第 148 行.
INFO: Run Behavior\ParseTemplateBehavior [ RunTime:0.251392s ]
INFO: [ view_parse ] --END-- [ RunTime:0.251420s ]
INFO: [ view_filter ] --START--
INFO: Run Behavior\WriteHtmlCacheBehavior [ RunTime:0.017811s ]
INFO: [ view_filter ] --END-- [ RunTime:0.017856s ]
INFO: [ app_end ] --START--
INFO: Run Behavior\ShowPageTraceBehavior [ RunTime:0.012513s ]
INFO: [ app_end ] --END-- [ RunTime:0.012652s ]

[ 2017-06-02T10:01:22+08:00 ] 127.0.0.1 /index.php/substance/prereg.html
INFO: [ app_init ] --START--
INFO: Run Behavior\BuildLiteBehavior [ RunTime:0.000008s ]
INFO: [ app_init ] --END-- [ RunTime:0.000308s ]
INFO: [ app_begin ] --START--
INFO: Run Behavior\ReadHtmlCacheBehavior [ RunTime:0.000637s ]
INFO: [ app_begin ] --END-- [ RunTime:0.000717s ]
NOTIC: [2048] Declaration of Home\Controller\EmptyController::error() should be compatible with Think\Controller::error($message = '', $jumpUrl = '', $ajax = false) E:\Web\WWW\ThinkFLAT\ThinkFlat\Home\Controller\EmptyController.class.php 第 41 行.
NOTIC: [2048] Declaration of Home\Controller\EmptyController::success() should be compatible with Think\Controller::success($message = '', $jumpUrl = '', $ajax = false) E:\Web\WWW\ThinkFLAT\ThinkFlat\Home\Controller\EmptyController.class.php 第 41 行.
ERR: 模板不存在:./ThinkFlat/Home/View/default/./ThinkFlat/Home/View/pjax/Substance/prereg.html.html

[ 2017-06-02T10:01:22+08:00 ] 127.0.0.1 /index.php/substance/prereg.html
INFO: [ app_init ] --START--
INFO: Run Behavior\BuildLiteBehavior [ RunTime:0.000009s ]
INFO: [ app_init ] --END-- [ RunTime:0.000372s ]
INFO: [ app_begin ] --START--
INFO: Run Behavior\ReadHtmlCacheBehavior [ RunTime:0.000375s ]
INFO: [ app_begin ] --END-- [ RunTime:0.000407s ]
NOTIC: [2048] Declaration of Home\Controller\EmptyController::error() should be compatible with Think\Controller::error($message = '', $jumpUrl = '', $ajax = false) E:\Web\WWW\ThinkFLAT\ThinkFlat\Home\Controller\EmptyController.class.php 第 41 行.
NOTIC: [2048] Declaration of Home\Controller\EmptyController::success() should be compatible with Think\Controller::success($message = '', $jumpUrl = '', $ajax = false) E:\Web\WWW\ThinkFLAT\ThinkFlat\Home\Controller\EmptyController.class.php 第 41 行.
ERR: 模板不存在:./ThinkFlat/Home/View/default/./ThinkFlat/Home/View/default/Substance/prereg.html.html

[ 2017-06-02T10:01:22+08:00 ] 127.0.0.1 /favicon.ico
INFO: [ app_init ] --START--
INFO: Run Behavior\BuildLiteBehavior [ RunTime:0.000008s ]
INFO: [ app_init ] --END-- [ RunTime:0.000307s ]

[ 2017-06-02T10:01:25+08:00 ] 127.0.0.1 /
INFO: [ app_init ] --START--
INFO: Run Behavior\BuildLiteBehavior [ RunTime:0.000011s ]
INFO: [ app_init ] --END-- [ RunTime:0.000430s ]
INFO: [ app_begin ] --START--
INFO: Run Behavior\ReadHtmlCacheBehavior [ RunTime:0.000464s ]
INFO: [ app_begin ] --END-- [ RunTime:0.000512s ]
NOTIC: [2048] Declaration of Home\Controller\EmptyController::error() should be compatible with Think\Controller::error($message = '', $jumpUrl = '', $ajax = false) E:\Web\WWW\ThinkFLAT\ThinkFlat\Home\Controller\EmptyController.class.php 第 41 行.
NOTIC: [2048] Declaration of Home\Controller\EmptyController::success() should be compatible with Think\Controller::success($message = '', $jumpUrl = '', $ajax = false) E:\Web\WWW\ThinkFLAT\ThinkFlat\Home\Controller\EmptyController.class.php 第 41 行.
INFO: [ view_parse ] --START--
INFO: [ template_filter ] --START--
INFO: Run Behavior\ContentReplaceBehavior [ RunTime:0.000060s ]
INFO: [ template_filter ] --END-- [ RunTime:0.000090s ]
NOTIC: [8] Undefined variable: pjax E:\Web\WWW\ThinkFLAT\ThinkFlat\Runtime\Cache\Home\adad5d59f0ed29916ceafdad7098f5bb.php 第 148 行.
INFO: Run Behavior\ParseTemplateBehavior [ RunTime:0.025738s ]
INFO: [ view_parse ] --END-- [ RunTime:0.025778s ]
INFO: [ view_filter ] --START--
INFO: Run Behavior\WriteHtmlCacheBehavior [ RunTime:0.000293s ]
INFO: [ view_filter ] --END-- [ RunTime:0.000313s ]
INFO: [ app_end ] --START--
INFO: Run Behavior\ShowPageTraceBehavior [ RunTime:0.000634s ]
INFO: [ app_end ] --END-- [ RunTime:0.000687s ]

[ 2017-06-02T10:12:17+08:00 ] 127.0.0.1 /index/post
INFO: [ app_init ] --START--
INFO: Run Behavior\BuildLiteBehavior [ RunTime:0.000007s ]
INFO: [ app_init ] --END-- [ RunTime:0.000344s ]
INFO: [ app_begin ] --START--
INFO: Run Behavior\ReadHtmlCacheBehavior [ RunTime:0.000398s ]
INFO: [ app_begin ] --END-- [ RunTime:0.000436s ]
NOTIC: [2048] Declaration of Home\Controller\EmptyController::error() should be compatible with Think\Controller::error($message = '', $jumpUrl = '', $ajax = false) E:\Web\WWW\ThinkFLAT\ThinkFlat\Home\Controller\EmptyController.class.php 第 41 行.
NOTIC: [2048] Declaration of Home\Controller\EmptyController::success() should be compatible with Think\Controller::success($message = '', $jumpUrl = '', $ajax = false) E:\Web\WWW\ThinkFLAT\ThinkFlat\Home\Controller\EmptyController.class.php 第 41 行.
ERR: 模板不存在:./ThinkFlat/Home/View/default/./ThinkFlat/Home/View/default/Index/post.html.html

[ 2017-06-02T10:12:25+08:00 ] 127.0.0.1 /index/post
INFO: [ app_init ] --START--
INFO: Run Behavior\BuildLiteBehavior [ RunTime:0.000010s ]
INFO: [ app_init ] --END-- [ RunTime:0.000390s ]
INFO: [ app_begin ] --START--
INFO: Run Behavior\ReadHtmlCacheBehavior [ RunTime:0.000415s ]
INFO: [ app_begin ] --END-- [ RunTime:0.000453s ]
NOTIC: [2048] Declaration of Home\Controller\EmptyController::error() should be compatible with Think\Controller::error($message = '', $jumpUrl = '', $ajax = false) E:\Web\WWW\ThinkFLAT\ThinkFlat\Home\Controller\EmptyController.class.php 第 41 行.
NOTIC: [2048] Declaration of Home\Controller\EmptyController::success() should be compatible with Think\Controller::success($message = '', $jumpUrl = '', $ajax = false) E:\Web\WWW\ThinkFLAT\ThinkFlat\Home\Controller\EmptyController.class.php 第 41 行.
ERR: 模板不存在:./ThinkFlat/Home/View/default/./ThinkFlat/Home/View/default/Index/post.html.html

[ 2017-06-02T10:16:18+08:00 ] 127.0.0.1 /
INFO: [ app_init ] --START--
INFO: Run Behavior\BuildLiteBehavior [ RunTime:0.000011s ]
INFO: [ app_init ] --END-- [ RunTime:0.000564s ]
INFO: [ app_begin ] --START--
INFO: Run Behavior\ReadHtmlCacheBehavior [ RunTime:0.000617s ]
INFO: [ app_begin ] --END-- [ RunTime:0.000669s ]
NOTIC: [2048] Declaration of Home\Controller\EmptyController::error() should be compatible with Think\Controller::error($message = '', $jumpUrl = '', $ajax = false) E:\Web\WWW\ThinkFLAT\ThinkFlat\Home\Controller\EmptyController.class.php 第 41 行.
NOTIC: [2048] Declaration of Home\Controller\EmptyController::success() should be compatible with Think\Controller::success($message = '', $jumpUrl = '', $ajax = false) E:\Web\WWW\ThinkFLAT\ThinkFlat\Home\Controller\EmptyController.class.php 第 41 行.
INFO: [ view_parse ] --START--
INFO: [ template_filter ] --START--
INFO: Run Behavior\ContentReplaceBehavior [ RunTime:0.000099s ]
INFO: [ template_filter ] --END-- [ RunTime:0.000148s ]
NOTIC: [8] Undefined variable: pjax E:\Web\WWW\ThinkFLAT\ThinkFlat\Runtime\Cache\Home\adad5d59f0ed29916ceafdad7098f5bb.php 第 148 行.
INFO: Run Behavior\ParseTemplateBehavior [ RunTime:0.031912s ]
INFO: [ view_parse ] --END-- [ RunTime:0.031951s ]
INFO: [ view_filter ] --START--
INFO: Run Behavior\WriteHtmlCacheBehavior [ RunTime:0.000549s ]
INFO: [ view_filter ] --END-- [ RunTime:0.000582s ]
INFO: [ app_end ] --START--
INFO: Run Behavior\ShowPageTraceBehavior [ RunTime:0.001206s ]
INFO: [ app_end ] --END-- [ RunTime:0.001281s ]

[ 2017-06-02T10:16:22+08:00 ] 127.0.0.1 /index/post
INFO: [ app_init ] --START--
INFO: Run Behavior\BuildLiteBehavior [ RunTime:0.000008s ]
INFO: [ app_init ] --END-- [ RunTime:0.000340s ]
INFO: [ app_begin ] --START--
INFO: Run Behavior\ReadHtmlCacheBehavior [ RunTime:0.000387s ]
INFO: [ app_begin ] --END-- [ RunTime:0.000417s ]
NOTIC: [2048] Declaration of Home\Controller\EmptyController::error() should be compatible with Think\Controller::error($message = '', $jumpUrl = '', $ajax = false) E:\Web\WWW\ThinkFLAT\ThinkFlat\Home\Controller\EmptyController.class.php 第 41 行.
NOTIC: [2048] Declaration of Home\Controller\EmptyController::success() should be compatible with Think\Controller::success($message = '', $jumpUrl = '', $ajax = false) E:\Web\WWW\ThinkFLAT\ThinkFlat\Home\Controller\EmptyController.class.php 第 41 行.
ERR: 模板不存在:./ThinkFlat/Home/View/default/./ThinkFlat/Home/View/default/Index/post.html.html

[ 2017-06-02T10:16:40+08:00 ] 127.0.0.1 /index/post
INFO: [ app_init ] --START--
INFO: Run Behavior\BuildLiteBehavior [ RunTime:0.000021s ]
INFO: [ app_init ] --END-- [ RunTime:0.000773s ]
INFO: [ app_begin ] --START--
INFO: Run Behavior\ReadHtmlCacheBehavior [ RunTime:0.000552s ]
INFO: [ app_begin ] --END-- [ RunTime:0.000604s ]
NOTIC: [2048] Declaration of Home\Controller\EmptyController::error() should be compatible with Think\Controller::error($message = '', $jumpUrl = '', $ajax = false) E:\Web\WWW\ThinkFLAT\ThinkFlat\Home\Controller\EmptyController.class.php 第 41 行.
NOTIC: [2048] Declaration of Home\Controller\EmptyController::success() should be compatible with Think\Controller::success($message = '', $jumpUrl = '', $ajax = false) E:\Web\WWW\ThinkFLAT\ThinkFlat\Home\Controller\EmptyController.class.php 第 41 行.
ERR: 模板不存在:./ThinkFlat/Home/View/default/./ThinkFlat/Home/View/default/Index/post.html.html

[ 2017-06-02T10:16:43+08:00 ] 127.0.0.1 /index/post
INFO: [ app_init ] --START--
INFO: Run Behavior\BuildLiteBehavior [ RunTime:0.000010s ]
INFO: [ app_init ] --END-- [ RunTime:0.000329s ]
INFO: [ app_begin ] --START--
INFO: Run Behavior\ReadHtmlCacheBehavior [ RunTime:0.000407s ]
INFO: [ app_begin ] --END-- [ RunTime:0.000447s ]
NOTIC: [2048] Declaration of Home\Controller\EmptyController::error() should be compatible with Think\Controller::error($message = '', $jumpUrl = '', $ajax = false) E:\Web\WWW\ThinkFLAT\ThinkFlat\Home\Controller\EmptyController.class.php 第 41 行.
NOTIC: [2048] Declaration of Home\Controller\EmptyController::success() should be compatible with Think\Controller::success($message = '', $jumpUrl = '', $ajax = false) E:\Web\WWW\ThinkFLAT\ThinkFlat\Home\Controller\EmptyController.class.php 第 41 行.
ERR: 模板不存在:./ThinkFlat/Home/View/default/./ThinkFlat/Home/View/default/Index/post.html.html

[ 2017-06-02T10:16:55+08:00 ] 127.0.0.1 /
INFO: [ app_init ] --START--
INFO: Run Behavior\BuildLiteBehavior [ RunTime:0.000012s ]
INFO: [ app_init ] --END-- [ RunTime:0.000461s ]
INFO: [ app_begin ] --START--
INFO: Run Behavior\ReadHtmlCacheBehavior [ RunTime:0.001409s ]
INFO: [ app_begin ] --END-- [ RunTime:0.001494s ]
NOTIC: [2048] Declaration of Home\Controller\EmptyController::error() should be compatible with Think\Controller::error($message = '', $jumpUrl = '', $ajax = false) E:\Web\WWW\ThinkFLAT\ThinkFlat\Home\Controller\EmptyController.class.php 第 41 行.
NOTIC: [2048] Declaration of Home\Controller\EmptyController::success() should be compatible with Think\Controller::success($message = '', $jumpUrl = '', $ajax = false) E:\Web\WWW\ThinkFLAT\ThinkFlat\Home\Controller\EmptyController.class.php 第 41 行.
INFO: [ view_parse ] --START--
INFO: [ template_filter ] --START--
INFO: Run Behavior\ContentReplaceBehavior [ RunTime:0.000077s ]
INFO: [ template_filter ] --END-- [ RunTime:0.000146s ]
NOTIC: [8] Undefined variable: pjax E:\Web\WWW\ThinkFLAT\ThinkFlat\Runtime\Cache\Home\adad5d59f0ed29916ceafdad7098f5bb.php 第 148 行.
INFO: Run Behavior\ParseTemplateBehavior [ RunTime:0.027742s ]
INFO: [ view_parse ] --END-- [ RunTime:0.027787s ]
INFO: [ view_filter ] --START--
INFO: Run Behavior\WriteHtmlCacheBehavior [ RunTime:0.001036s ]
INFO: [ view_filter ] --END-- [ RunTime:0.001081s ]
INFO: [ app_end ] --START--
INFO: Run Behavior\ShowPageTraceBehavior [ RunTime:0.002001s ]
INFO: [ app_end ] --END-- [ RunTime:0.002060s ]

[ 2017-06-02T10:16:58+08:00 ] 127.0.0.1 /index/post
INFO: [ app_init ] --START--
INFO: Run Behavior\BuildLiteBehavior [ RunTime:0.000015s ]
INFO: [ app_init ] --END-- [ RunTime:0.000528s ]
INFO: [ app_begin ] --START--
INFO: Run Behavior\ReadHtmlCacheBehavior [ RunTime:0.000567s ]
INFO: [ app_begin ] --END-- [ RunTime:0.000622s ]
NOTIC: [2048] Declaration of Home\Controller\EmptyController::error() should be compatible with Think\Controller::error($message = '', $jumpUrl = '', $ajax = false) E:\Web\WWW\ThinkFLAT\ThinkFlat\Home\Controller\EmptyController.class.php 第 41 行.
NOTIC: [2048] Declaration of Home\Controller\EmptyController::success() should be compatible with Think\Controller::success($message = '', $jumpUrl = '', $ajax = false) E:\Web\WWW\ThinkFLAT\ThinkFlat\Home\Controller\EmptyController.class.php 第 41 行.
ERR: 模板不存在:./ThinkFlat/Home/View/default/./ThinkFlat/Home/View/default/Index/post.html.html

[ 2017-06-02T10:17:17+08:00 ] 127.0.0.1 /
INFO: [ app_init ] --START--
INFO: Run Behavior\BuildLiteBehavior [ RunTime:0.000015s ]
INFO: [ app_init ] --END-- [ RunTime:0.000723s ]
INFO: [ app_begin ] --START--
INFO: Run Behavior\ReadHtmlCacheBehavior [ RunTime:0.000608s ]
INFO: [ app_begin ] --END-- [ RunTime:0.000668s ]
NOTIC: [2048] Declaration of Home\Controller\EmptyController::error() should be compatible with Think\Controller::error($message = '', $jumpUrl = '', $ajax = false) E:\Web\WWW\ThinkFLAT\ThinkFlat\Home\Controller\EmptyController.class.php 第 41 行.
NOTIC: [2048] Declaration of Home\Controller\EmptyController::success() should be compatible with Think\Controller::success($message = '', $jumpUrl = '', $ajax = false) E:\Web\WWW\ThinkFLAT\ThinkFlat\Home\Controller\EmptyController.class.php 第 41 行.
INFO: [ view_parse ] --START--
INFO: [ template_filter ] --START--
INFO: Run Behavior\ContentReplaceBehavior [ RunTime:0.000253s ]
INFO: [ template_filter ] --END-- [ RunTime:0.000454s ]
NOTIC: [8] Undefined variable: pjax E:\Web\WWW\ThinkFLAT\ThinkFlat\Runtime\Cache\Home\adad5d59f0ed29916ceafdad7098f5bb.php 第 148 行.
INFO: Run Behavior\ParseTemplateBehavior [ RunTime:0.031250s ]
INFO: [ view_parse ] --END-- [ RunTime:0.031344s ]
INFO: [ view_filter ] --START--
INFO: Run Behavior\WriteHtmlCacheBehavior [ RunTime:0.000353s ]
INFO: [ view_filter ] --END-- [ RunTime:0.000375s ]
INFO: [ app_end ] --START--
INFO: Run Behavior\ShowPageTraceBehavior [ RunTime:0.000519s ]
INFO: [ app_end ] --END-- [ RunTime:0.000570s ]

[ 2017-06-02T10:17:21+08:00 ] 127.0.0.1 /index/post
INFO: [ app_init ] --START--
INFO: Run Behavior\BuildLiteBehavior [ RunTime:0.000009s ]
INFO: [ app_init ] --END-- [ RunTime:0.000388s ]
INFO: [ app_begin ] --START--
INFO: Run Behavior\ReadHtmlCacheBehavior [ RunTime:0.000358s ]
INFO: [ app_begin ] --END-- [ RunTime:0.000387s ]
NOTIC: [2048] Declaration of Home\Controller\EmptyController::error() should be compatible with Think\Controller::error($message = '', $jumpUrl = '', $ajax = false) E:\Web\WWW\ThinkFLAT\ThinkFlat\Home\Controller\EmptyController.class.php 第 41 行.
NOTIC: [2048] Declaration of Home\Controller\EmptyController::success() should be compatible with Think\Controller::success($message = '', $jumpUrl = '', $ajax = false) E:\Web\WWW\ThinkFLAT\ThinkFlat\Home\Controller\EmptyController.class.php 第 41 行.
ERR: 模板不存在:./ThinkFlat/Home/View/default/./ThinkFlat/Home/View/default/Index/post.html.html

[ 2017-06-02T10:18:12+08:00 ] 127.0.0.1 /
INFO: [ app_init ] --START--
INFO: Run Behavior\BuildLiteBehavior [ RunTime:0.000009s ]
INFO: [ app_init ] --END-- [ RunTime:0.000398s ]
INFO: [ app_begin ] --START--
INFO: Run Behavior\ReadHtmlCacheBehavior [ RunTime:0.000337s ]
INFO: [ app_begin ] --END-- [ RunTime:0.000373s ]
NOTIC: [2048] Declaration of Home\Controller\EmptyController::error() should be compatible with Think\Controller::error($message = '', $jumpUrl = '', $ajax = false) E:\Web\WWW\ThinkFLAT\ThinkFlat\Home\Controller\EmptyController.class.php 第 41 行.
NOTIC: [2048] Declaration of Home\Controller\EmptyController::success() should be compatible with Think\Controller::success($message = '', $jumpUrl = '', $ajax = false) E:\Web\WWW\ThinkFLAT\ThinkFlat\Home\Controller\EmptyController.class.php 第 41 行.
INFO: [ view_parse ] --START--
INFO: [ template_filter ] --START--
INFO: Run Behavior\ContentReplaceBehavior [ RunTime:0.000063s ]
INFO: [ template_filter ] --END-- [ RunTime:0.000093s ]
NOTIC: [8] Undefined variable: pjax E:\Web\WWW\ThinkFLAT\ThinkFlat\Runtime\Cache\Home\adad5d59f0ed29916ceafdad7098f5bb.php 第 148 行.
INFO: Run Behavior\ParseTemplateBehavior [ RunTime:0.025762s ]
INFO: [ view_parse ] --END-- [ RunTime:0.025794s ]
INFO: [ view_filter ] --START--
INFO: Run Behavior\WriteHtmlCacheBehavior [ RunTime:0.000305s ]
INFO: [ view_filter ] --END-- [ RunTime:0.000328s ]
INFO: [ app_end ] --START--
INFO: Run Behavior\ShowPageTraceBehavior [ RunTime:0.000514s ]
INFO: [ app_end ] --END-- [ RunTime:0.000557s ]

[ 2017-06-02T10:18:15+08:00 ] 127.0.0.1 /index/post
INFO: [ app_init ] --START--
INFO: Run Behavior\BuildLiteBehavior [ RunTime:0.000007s ]
INFO: [ app_init ] --END-- [ RunTime:0.000344s ]
INFO: [ app_begin ] --START--
INFO: Run Behavior\ReadHtmlCacheBehavior [ RunTime:0.000372s ]
INFO: [ app_begin ] --END-- [ RunTime:0.000401s ]
NOTIC: [2048] Declaration of Home\Controller\EmptyController::error() should be compatible with Think\Controller::error($message = '', $jumpUrl = '', $ajax = false) E:\Web\WWW\ThinkFLAT\ThinkFlat\Home\Controller\EmptyController.class.php 第 41 行.
NOTIC: [2048] Declaration of Home\Controller\EmptyController::success() should be compatible with Think\Controller::success($message = '', $jumpUrl = '', $ajax = false) E:\Web\WWW\ThinkFLAT\ThinkFlat\Home\Controller\EmptyController.class.php 第 41 行.
ERR: 模板不存在:./ThinkFlat/Home/View/default/./ThinkFlat/Home/View/default/Index/post.html.html

[ 2017-06-02T10:18:20+08:00 ] 127.0.0.1 /index/post
INFO: [ app_init ] --START--
INFO: Run Behavior\BuildLiteBehavior [ RunTime:0.000008s ]
INFO: [ app_init ] --END-- [ RunTime:0.000377s ]
INFO: [ app_begin ] --START--
INFO: Run Behavior\ReadHtmlCacheBehavior [ RunTime:0.000412s ]
INFO: [ app_begin ] --END-- [ RunTime:0.000444s ]
NOTIC: [2048] Declaration of Home\Controller\EmptyController::error() should be compatible with Think\Controller::error($message = '', $jumpUrl = '', $ajax = false) E:\Web\WWW\ThinkFLAT\ThinkFlat\Home\Controller\EmptyController.class.php 第 41 行.
NOTIC: [2048] Declaration of Home\Controller\EmptyController::success() should be compatible with Think\Controller::success($message = '', $jumpUrl = '', $ajax = false) E:\Web\WWW\ThinkFLAT\ThinkFlat\Home\Controller\EmptyController.class.php 第 41 行.
ERR: 模板不存在:./ThinkFlat/Home/View/default/./ThinkFlat/Home/View/default/Index/post.html.html

[ 2017-06-02T10:20:57+08:00 ] 127.0.0.1 /
INFO: [ app_init ] --START--
INFO: Run Behavior\BuildLiteBehavior [ RunTime:0.000016s ]
INFO: [ app_init ] --END-- [ RunTime:0.000745s ]
INFO: [ app_begin ] --START--
INFO: Run Behavior\ReadHtmlCacheBehavior [ RunTime:0.000724s ]
INFO: [ app_begin ] --END-- [ RunTime:0.000793s ]
NOTIC: [2048] Declaration of Home\Controller\EmptyController::error() should be compatible with Think\Controller::error($message = '', $jumpUrl = '', $ajax = false) E:\Web\WWW\ThinkFLAT\ThinkFlat\Home\Controller\EmptyController.class.php 第 41 行.
NOTIC: [2048] Declaration of Home\Controller\EmptyController::success() should be compatible with Think\Controller::success($message = '', $jumpUrl = '', $ajax = false) E:\Web\WWW\ThinkFLAT\ThinkFlat\Home\Controller\EmptyController.class.php 第 41 行.
INFO: [ view_parse ] --START--
INFO: [ template_filter ] --START--
INFO: Run Behavior\ContentReplaceBehavior [ RunTime:0.000100s ]
INFO: [ template_filter ] --END-- [ RunTime:0.000141s ]
NOTIC: [8] Undefined variable: pjax E:\Web\WWW\ThinkFLAT\ThinkFlat\Runtime\Cache\Home\adad5d59f0ed29916ceafdad7098f5bb.php 第 148 行.
INFO: Run Behavior\ParseTemplateBehavior [ RunTime:0.041662s ]
INFO: [ view_parse ] --END-- [ RunTime:0.041693s ]
INFO: [ view_filter ] --START--
INFO: Run Behavior\WriteHtmlCacheBehavior [ RunTime:0.000399s ]
INFO: [ view_filter ] --END-- [ RunTime:0.000422s ]
INFO: [ app_end ] --START--
INFO: Run Behavior\ShowPageTraceBehavior [ RunTime:0.000631s ]
INFO: [ app_end ] --END-- [ RunTime:0.000671s ]

[ 2017-06-02T13:43:53+08:00 ] 127.0.0.1 /demo/flat/html/img/demo/shop/1.jpg
INFO: [ app_init ] --START--
INFO: Run Behavior\BuildLiteBehavior [ RunTime:0.000014s ]
INFO: [ app_init ] --END-- [ RunTime:0.000637s ]

[ 2017-06-02T13:43:53+08:00 ] 127.0.0.1 /demo/flat/html/img/demo/shop/2.jpg
INFO: [ app_init ] --START--
INFO: Run Behavior\BuildLiteBehavior [ RunTime:0.000010s ]
INFO: [ app_init ] --END-- [ RunTime:0.000453s ]

[ 2017-06-02T13:43:53+08:00 ] 127.0.0.1 /demo/flat/html/img/demo/shop/3.jpg
INFO: [ app_init ] --START--
INFO: Run Behavior\BuildLiteBehavior [ RunTime:0.000008s ]
INFO: [ app_init ] --END-- [ RunTime:0.000387s ]

[ 2017-06-02T13:43:53+08:00 ] 127.0.0.1 /demo/flat/html/img/demo/shop/4.jpg
INFO: [ app_init ] --START--
INFO: Run Behavior\BuildLiteBehavior [ RunTime:0.000009s ]
INFO: [ app_init ] --END-- [ RunTime:0.000361s ]

[ 2017-06-02T13:43:53+08:00 ] 127.0.0.1 /demo/flat/html/img/demo/shop/6.jpg
INFO: [ app_init ] --START--
INFO: Run Behavior\BuildLiteBehavior [ RunTime:0.000007s ]
INFO: [ app_init ] --END-- [ RunTime:0.000308s ]

[ 2017-06-02T13:43:56+08:00 ] 127.0.0.1 /demo/flat/html/img/demo/shop/1.jpg
INFO: [ app_init ] --START--
INFO: Run Behavior\BuildLiteBehavior [ RunTime:0.000016s ]
INFO: [ app_init ] --END-- [ RunTime:0.000690s ]

[ 2017-06-02T13:43:56+08:00 ] 127.0.0.1 /demo/flat/html/img/demo/shop/2.jpg
INFO: [ app_init ] --START--
INFO: Run Behavior\BuildLiteBehavior [ RunTime:0.000009s ]
INFO: [ app_init ] --END-- [ RunTime:0.000397s ]

[ 2017-06-02T13:43:56+08:00 ] 127.0.0.1 /demo/flat/html/img/demo/shop/3.jpg
INFO: [ app_init ] --START--
INFO: Run Behavior\BuildLiteBehavior [ RunTime:0.000010s ]
INFO: [ app_init ] --END-- [ RunTime:0.000416s ]

[ 2017-06-02T13:43:56+08:00 ] 127.0.0.1 /demo/flat/html/img/demo/shop/4.jpg
INFO: [ app_init ] --START--
INFO: Run Behavior\BuildLiteBehavior [ RunTime:0.000008s ]
INFO: [ app_init ] --END-- [ RunTime:0.000302s ]

[ 2017-06-02T13:43:56+08:00 ] 127.0.0.1 /demo/flat/html/img/demo/shop/8.jpg
INFO: [ app_init ] --START--
INFO: Run Behavior\BuildLiteBehavior [ RunTime:0.000008s ]
INFO: [ app_init ] --END-- [ RunTime:0.000319s ]

[ 2017-06-02T13:43:56+08:00 ] 127.0.0.1 /demo/flat/html/img/demo/shop/6.jpg
INFO: [ app_init ] --START--
INFO: Run Behavior\BuildLiteBehavior [ RunTime:0.000008s ]
INFO: [ app_init ] --END-- [ RunTime:0.000301s ]

[ 2017-06-02T13:43:56+08:00 ] 127.0.0.1 /demo/flat/html/img/demo/shop/7.jpg
INFO: [ app_init ] --START--
INFO: Run Behavior\BuildLiteBehavior [ RunTime:0.000009s ]
INFO: [ app_init ] --END-- [ RunTime:0.000348s ]

[ 2017-06-02T13:46:20+08:00 ] 127.0.0.1 /index.php/substance/prereg.html
INFO: [ app_init ] --START--
INFO: Run Behavior\BuildLiteBehavior [ RunTime:0.000008s ]
INFO: [ app_init ] --END-- [ RunTime:0.000402s ]
INFO: [ app_begin ] --START--
INFO: Run Behavior\ReadHtmlCacheBehavior [ RunTime:0.000543s ]
INFO: [ app_begin ] --END-- [ RunTime:0.000576s ]
NOTIC: [2048] Declaration of Home\Controller\EmptyController::error() should be compatible with Think\Controller::error($message = '', $jumpUrl = '', $ajax = false) E:\Web\WWW\ThinkFLAT\ThinkFlat\Home\Controller\EmptyController.class.php 第 41 行.
NOTIC: [2048] Declaration of Home\Controller\EmptyController::success() should be compatible with Think\Controller::success($message = '', $jumpUrl = '', $ajax = false) E:\Web\WWW\ThinkFLAT\ThinkFlat\Home\Controller\EmptyController.class.php 第 41 行.
ERR: 模板不存在:./ThinkFlat/Home/View/default/./ThinkFlat/Home/View/pjax/Substance/prereg.html.html

[ 2017-06-02T13:46:20+08:00 ] 127.0.0.1 /index.php/substance/prereg.html
INFO: [ app_init ] --START--
INFO: Run Behavior\BuildLiteBehavior [ RunTime:0.000013s ]
INFO: [ app_init ] --END-- [ RunTime:0.000515s ]
INFO: [ app_begin ] --START--
INFO: Run Behavior\ReadHtmlCacheBehavior [ RunTime:0.000639s ]
INFO: [ app_begin ] --END-- [ RunTime:0.000699s ]
NOTIC: [2048] Declaration of Home\Controller\EmptyController::error() should be compatible with Think\Controller::error($message = '', $jumpUrl = '', $ajax = false) E:\Web\WWW\ThinkFLAT\ThinkFlat\Home\Controller\EmptyController.class.php 第 41 行.
NOTIC: [2048] Declaration of Home\Controller\EmptyController::success() should be compatible with Think\Controller::success($message = '', $jumpUrl = '', $ajax = false) E:\Web\WWW\ThinkFLAT\ThinkFlat\Home\Controller\EmptyController.class.php 第 41 行.
ERR: 模板不存在:./ThinkFlat/Home/View/default/./ThinkFlat/Home/View/default/Substance/prereg.html.html

