[ 2017-07-27T09:28:18+08:00 ] 127.0.0.1 /
INFO: [ app_init ] --START--
INFO: Run Behavior\BuildLiteBehavior [ RunTime:0.000010s ]
INFO: [ app_init ] --END-- [ RunTime:0.012399s ]
INFO: [ app_begin ] --START--
INFO: Run Behavior\ReadHtmlCacheBehavior [ RunTime:0.000641s ]
INFO: [ app_begin ] --END-- [ RunTime:0.000693s ]
NOTIC: [2048] Declaration of Home\Controller\EmptyController::error() should be compatible with Think\Controller::error($message = '', $jumpUrl = '', $ajax = false) E:\Web\WWW\ThinkFLAT\ThinkFlat\Home\Controller\EmptyController.class.php 第 41 行.
NOTIC: [2048] Declaration of Home\Controller\EmptyController::success() should be compatible with Think\Controller::success($message = '', $jumpUrl = '', $ajax = false) E:\Web\WWW\ThinkFLAT\ThinkFlat\Home\Controller\EmptyController.class.php 第 41 行.
INFO: [ view_parse ] --START--
INFO: [ template_filter ] --START--
INFO: Run Behavior\ContentReplaceBehavior [ RunTime:0.000906s ]
INFO: [ template_filter ] --END-- [ RunTime:0.001023s ]
NOTIC: [8] Undefined variable: pjax E:\Web\WWW\ThinkFLAT\ThinkFlat\Runtime\Cache\Home\adad5d59f0ed29916ceafdad7098f5bb.php 第 155 行.
INFO: Run Behavior\ParseTemplateBehavior [ RunTime:0.188135s ]
INFO: [ view_parse ] --END-- [ RunTime:0.188183s ]
INFO: [ view_filter ] --START--
INFO: Run Behavior\WriteHtmlCacheBehavior [ RunTime:0.000590s ]
INFO: [ view_filter ] --END-- [ RunTime:0.000627s ]
INFO: [ app_end ] --START--
INFO: Run Behavior\ShowPageTraceBehavior [ RunTime:0.000786s ]
INFO: [ app_end ] --END-- [ RunTime:0.000837s ]

[ 2017-07-27T09:34:51+08:00 ] 127.0.0.1 /index.php
INFO: [ app_init ] --START--
INFO: Run Behavior\BuildLiteBehavior [ RunTime:0.000008s ]
INFO: [ app_init ] --END-- [ RunTime:0.000310s ]
INFO: [ app_begin ] --START--
INFO: Run Behavior\ReadHtmlCacheBehavior [ RunTime:0.000475s ]
INFO: [ app_begin ] --END-- [ RunTime:0.000515s ]
NOTIC: [2048] Declaration of Home\Controller\EmptyController::error() should be compatible with Think\Controller::error($message = '', $jumpUrl = '', $ajax = false) E:\Web\WWW\ThinkFLAT\ThinkFlat\Home\Controller\EmptyController.class.php 第 41 行.
NOTIC: [2048] Declaration of Home\Controller\EmptyController::success() should be compatible with Think\Controller::success($message = '', $jumpUrl = '', $ajax = false) E:\Web\WWW\ThinkFLAT\ThinkFlat\Home\Controller\EmptyController.class.php 第 41 行.
INFO: [ view_parse ] --START--
INFO: [ template_filter ] --START--
INFO: Run Behavior\ContentReplaceBehavior [ RunTime:0.005243s ]
INFO: [ template_filter ] --END-- [ RunTime:0.005294s ]
NOTIC: [8] Undefined variable: pjax E:\Web\WWW\ThinkFLAT\ThinkFlat\Runtime\Cache\Home\adad5d59f0ed29916ceafdad7098f5bb.php 第 155 行.
INFO: Run Behavior\ParseTemplateBehavior [ RunTime:0.034987s ]
INFO: [ view_parse ] --END-- [ RunTime:0.035015s ]
INFO: [ view_filter ] --START--
INFO: Run Behavior\WriteHtmlCacheBehavior [ RunTime:0.000310s ]
INFO: [ view_filter ] --END-- [ RunTime:0.000332s ]
INFO: [ app_end ] --START--
INFO: Run Behavior\ShowPageTraceBehavior [ RunTime:0.000519s ]
INFO: [ app_end ] --END-- [ RunTime:0.000564s ]

[ 2017-07-27T09:34:54+08:00 ] 127.0.0.1 /
INFO: [ app_init ] --START--
INFO: Run Behavior\BuildLiteBehavior [ RunTime:0.000015s ]
INFO: [ app_init ] --END-- [ RunTime:0.000470s ]
INFO: [ app_begin ] --START--
INFO: Run Behavior\ReadHtmlCacheBehavior [ RunTime:0.000454s ]
INFO: [ app_begin ] --END-- [ RunTime:0.000493s ]
NOTIC: [2048] Declaration of Home\Controller\EmptyController::error() should be compatible with Think\Controller::error($message = '', $jumpUrl = '', $ajax = false) E:\Web\WWW\ThinkFLAT\ThinkFlat\Home\Controller\EmptyController.class.php 第 41 行.
NOTIC: [2048] Declaration of Home\Controller\EmptyController::success() should be compatible with Think\Controller::success($message = '', $jumpUrl = '', $ajax = false) E:\Web\WWW\ThinkFLAT\ThinkFlat\Home\Controller\EmptyController.class.php 第 41 行.
INFO: [ view_parse ] --START--
INFO: [ template_filter ] --START--
INFO: Run Behavior\ContentReplaceBehavior [ RunTime:0.000117s ]
INFO: [ template_filter ] --END-- [ RunTime:0.000273s ]
NOTIC: [8] Undefined variable: pjax E:\Web\WWW\ThinkFLAT\ThinkFlat\Runtime\Cache\Home\adad5d59f0ed29916ceafdad7098f5bb.php 第 155 行.
INFO: Run Behavior\ParseTemplateBehavior [ RunTime:0.034541s ]
INFO: [ view_parse ] --END-- [ RunTime:0.034573s ]
INFO: [ view_filter ] --START--
INFO: Run Behavior\WriteHtmlCacheBehavior [ RunTime:0.000419s ]
INFO: [ view_filter ] --END-- [ RunTime:0.000445s ]
INFO: [ app_end ] --START--
INFO: Run Behavior\ShowPageTraceBehavior [ RunTime:0.000637s ]
INFO: [ app_end ] --END-- [ RunTime:0.000707s ]

[ 2017-07-27T09:35:03+08:00 ] 127.0.0.1 /index/post
INFO: [ app_init ] --START--
INFO: Run Behavior\BuildLiteBehavior [ RunTime:0.000008s ]
INFO: [ app_init ] --END-- [ RunTime:0.000314s ]
INFO: [ app_begin ] --START--
INFO: Run Behavior\ReadHtmlCacheBehavior [ RunTime:0.001060s ]
INFO: [ app_begin ] --END-- [ RunTime:0.001220s ]
NOTIC: [2048] Declaration of Home\Controller\EmptyController::error() should be compatible with Think\Controller::error($message = '', $jumpUrl = '', $ajax = false) E:\Web\WWW\ThinkFLAT\ThinkFlat\Home\Controller\EmptyController.class.php 第 41 行.
NOTIC: [2048] Declaration of Home\Controller\EmptyController::success() should be compatible with Think\Controller::success($message = '', $jumpUrl = '', $ajax = false) E:\Web\WWW\ThinkFLAT\ThinkFlat\Home\Controller\EmptyController.class.php 第 41 行.
ERR: 模板不存在:./ThinkFlat/Home/View/default/./ThinkFlat/Home/View/default/Index/post.html.html

[ 2017-07-27T09:35:28+08:00 ] 127.0.0.1 /
INFO: [ app_init ] --START--
INFO: Run Behavior\BuildLiteBehavior [ RunTime:0.000010s ]
INFO: [ app_init ] --END-- [ RunTime:0.000385s ]
INFO: [ app_begin ] --START--
INFO: Run Behavior\ReadHtmlCacheBehavior [ RunTime:0.000518s ]
INFO: [ app_begin ] --END-- [ RunTime:0.000586s ]
NOTIC: [2048] Declaration of Home\Controller\EmptyController::error() should be compatible with Think\Controller::error($message = '', $jumpUrl = '', $ajax = false) E:\Web\WWW\ThinkFLAT\ThinkFlat\Home\Controller\EmptyController.class.php 第 41 行.
NOTIC: [2048] Declaration of Home\Controller\EmptyController::success() should be compatible with Think\Controller::success($message = '', $jumpUrl = '', $ajax = false) E:\Web\WWW\ThinkFLAT\ThinkFlat\Home\Controller\EmptyController.class.php 第 41 行.
INFO: [ view_parse ] --START--
INFO: [ template_filter ] --START--
INFO: Run Behavior\ContentReplaceBehavior [ RunTime:0.000037s ]
INFO: [ template_filter ] --END-- [ RunTime:0.000064s ]
INFO: Run Behavior\ParseTemplateBehavior [ RunTime:0.019364s ]
INFO: [ view_parse ] --END-- [ RunTime:0.019411s ]
INFO: [ view_filter ] --START--
INFO: Run Behavior\WriteHtmlCacheBehavior [ RunTime:0.000356s ]
INFO: [ view_filter ] --END-- [ RunTime:0.000381s ]
INFO: [ app_end ] --START--
INFO: Run Behavior\ShowPageTraceBehavior [ RunTime:0.000605s ]
INFO: [ app_end ] --END-- [ RunTime:0.000657s ]

[ 2017-07-27T09:35:29+08:00 ] 127.0.0.1 /index/footer
INFO: [ app_init ] --START--
INFO: Run Behavior\BuildLiteBehavior [ RunTime:0.000007s ]
INFO: [ app_init ] --END-- [ RunTime:0.000302s ]
INFO: [ app_begin ] --START--
INFO: Run Behavior\ReadHtmlCacheBehavior [ RunTime:0.000342s ]
INFO: [ app_begin ] --END-- [ RunTime:0.000367s ]
NOTIC: [2048] Declaration of Home\Controller\EmptyController::error() should be compatible with Think\Controller::error($message = '', $jumpUrl = '', $ajax = false) E:\Web\WWW\ThinkFLAT\ThinkFlat\Home\Controller\EmptyController.class.php 第 41 行.
NOTIC: [2048] Declaration of Home\Controller\EmptyController::success() should be compatible with Think\Controller::success($message = '', $jumpUrl = '', $ajax = false) E:\Web\WWW\ThinkFLAT\ThinkFlat\Home\Controller\EmptyController.class.php 第 41 行.
INFO: [ view_parse ] --START--
INFO: [ template_filter ] --START--
INFO: Run Behavior\ContentReplaceBehavior [ RunTime:0.000021s ]
INFO: [ template_filter ] --END-- [ RunTime:0.000048s ]
INFO: Run Behavior\ParseTemplateBehavior [ RunTime:0.023757s ]
INFO: [ view_parse ] --END-- [ RunTime:0.023794s ]
INFO: [ view_filter ] --START--
INFO: Run Behavior\WriteHtmlCacheBehavior [ RunTime:0.000273s ]
INFO: [ view_filter ] --END-- [ RunTime:0.000291s ]
INFO: [ app_end ] --START--
INFO: Run Behavior\ShowPageTraceBehavior [ RunTime:0.000383s ]
INFO: [ app_end ] --END-- [ RunTime:0.000407s ]

[ 2017-07-27T09:35:30+08:00 ] 127.0.0.1 /index/plugins
INFO: [ app_init ] --START--
INFO: Run Behavior\BuildLiteBehavior [ RunTime:0.000008s ]
INFO: [ app_init ] --END-- [ RunTime:0.000303s ]
INFO: [ app_begin ] --START--
INFO: Run Behavior\ReadHtmlCacheBehavior [ RunTime:0.000365s ]
INFO: [ app_begin ] --END-- [ RunTime:0.000407s ]
NOTIC: [2048] Declaration of Home\Controller\EmptyController::error() should be compatible with Think\Controller::error($message = '', $jumpUrl = '', $ajax = false) E:\Web\WWW\ThinkFLAT\ThinkFlat\Home\Controller\EmptyController.class.php 第 41 行.
NOTIC: [2048] Declaration of Home\Controller\EmptyController::success() should be compatible with Think\Controller::success($message = '', $jumpUrl = '', $ajax = false) E:\Web\WWW\ThinkFLAT\ThinkFlat\Home\Controller\EmptyController.class.php 第 41 行.
INFO: [ view_parse ] --START--
INFO: [ template_filter ] --START--
INFO: Run Behavior\ContentReplaceBehavior [ RunTime:0.000022s ]
INFO: [ template_filter ] --END-- [ RunTime:0.000069s ]
INFO: Run Behavior\ParseTemplateBehavior [ RunTime:0.011220s ]
INFO: [ view_parse ] --END-- [ RunTime:0.011258s ]
INFO: [ view_filter ] --START--
INFO: Run Behavior\WriteHtmlCacheBehavior [ RunTime:0.000314s ]
INFO: [ view_filter ] --END-- [ RunTime:0.000345s ]
INFO: [ app_end ] --START--
INFO: Run Behavior\ShowPageTraceBehavior [ RunTime:0.000455s ]
INFO: [ app_end ] --END-- [ RunTime:0.000500s ]

[ 2017-07-27T09:35:32+08:00 ] 127.0.0.1 /index.php/substance/prereg.html
INFO: [ app_init ] --START--
INFO: Run Behavior\BuildLiteBehavior [ RunTime:0.000008s ]
INFO: [ app_init ] --END-- [ RunTime:0.000329s ]
INFO: [ app_begin ] --START--
INFO: Run Behavior\ReadHtmlCacheBehavior [ RunTime:0.000368s ]
INFO: [ app_begin ] --END-- [ RunTime:0.000403s ]
NOTIC: [2048] Declaration of Home\Controller\EmptyController::error() should be compatible with Think\Controller::error($message = '', $jumpUrl = '', $ajax = false) E:\Web\WWW\ThinkFLAT\ThinkFlat\Home\Controller\EmptyController.class.php 第 41 行.
NOTIC: [2048] Declaration of Home\Controller\EmptyController::success() should be compatible with Think\Controller::success($message = '', $jumpUrl = '', $ajax = false) E:\Web\WWW\ThinkFLAT\ThinkFlat\Home\Controller\EmptyController.class.php 第 41 行.
INFO: [ view_parse ] --START--
INFO: [ template_filter ] --START--
INFO: Run Behavior\ContentReplaceBehavior [ RunTime:0.000030s ]
INFO: [ template_filter ] --END-- [ RunTime:0.000055s ]
INFO: Run Behavior\ParseTemplateBehavior [ RunTime:0.011828s ]
INFO: [ view_parse ] --END-- [ RunTime:0.011869s ]
INFO: [ view_filter ] --START--
INFO: Run Behavior\WriteHtmlCacheBehavior [ RunTime:0.000314s ]
INFO: [ view_filter ] --END-- [ RunTime:0.000338s ]
INFO: [ app_end ] --START--
INFO: Run Behavior\ShowPageTraceBehavior [ RunTime:0.001336s ]
INFO: [ app_end ] --END-- [ RunTime:0.001394s ]

[ 2017-07-27T09:35:37+08:00 ] 127.0.0.1 /index.php/substance/prereg.html
INFO: [ app_init ] --START--
INFO: Run Behavior\BuildLiteBehavior [ RunTime:0.000007s ]
INFO: [ app_init ] --END-- [ RunTime:0.000334s ]
INFO: [ app_begin ] --START--
INFO: Run Behavior\ReadHtmlCacheBehavior [ RunTime:0.000407s ]
INFO: [ app_begin ] --END-- [ RunTime:0.000446s ]
NOTIC: [2048] Declaration of Home\Controller\EmptyController::error() should be compatible with Think\Controller::error($message = '', $jumpUrl = '', $ajax = false) E:\Web\WWW\ThinkFLAT\ThinkFlat\Home\Controller\EmptyController.class.php 第 41 行.
NOTIC: [2048] Declaration of Home\Controller\EmptyController::success() should be compatible with Think\Controller::success($message = '', $jumpUrl = '', $ajax = false) E:\Web\WWW\ThinkFLAT\ThinkFlat\Home\Controller\EmptyController.class.php 第 41 行.
INFO: [ view_parse ] --START--
INFO: [ template_filter ] --START--
INFO: Run Behavior\ContentReplaceBehavior [ RunTime:0.000033s ]
INFO: [ template_filter ] --END-- [ RunTime:0.000069s ]
INFO: Run Behavior\ParseTemplateBehavior [ RunTime:0.014714s ]
INFO: [ view_parse ] --END-- [ RunTime:0.014749s ]
INFO: [ view_filter ] --START--
INFO: Run Behavior\WriteHtmlCacheBehavior [ RunTime:0.000288s ]
INFO: [ view_filter ] --END-- [ RunTime:0.000308s ]
INFO: [ app_end ] --START--
INFO: Run Behavior\ShowPageTraceBehavior [ RunTime:0.000496s ]
INFO: [ app_end ] --END-- [ RunTime:0.000537s ]

[ 2017-07-27T09:36:27+08:00 ] 127.0.0.1 /index.php/substance/prereg.html
INFO: [ app_init ] --START--
INFO: Run Behavior\BuildLiteBehavior [ RunTime:0.000009s ]
INFO: [ app_init ] --END-- [ RunTime:0.000333s ]
INFO: [ app_begin ] --START--
INFO: Run Behavior\ReadHtmlCacheBehavior [ RunTime:0.000407s ]
INFO: [ app_begin ] --END-- [ RunTime:0.000450s ]
NOTIC: [2048] Declaration of Home\Controller\EmptyController::error() should be compatible with Think\Controller::error($message = '', $jumpUrl = '', $ajax = false) E:\Web\WWW\ThinkFLAT\ThinkFlat\Home\Controller\EmptyController.class.php 第 41 行.
NOTIC: [2048] Declaration of Home\Controller\EmptyController::success() should be compatible with Think\Controller::success($message = '', $jumpUrl = '', $ajax = false) E:\Web\WWW\ThinkFLAT\ThinkFlat\Home\Controller\EmptyController.class.php 第 41 行.
INFO: [ view_parse ] --START--
INFO: [ template_filter ] --START--
INFO: Run Behavior\ContentReplaceBehavior [ RunTime:0.000061s ]
INFO: [ template_filter ] --END-- [ RunTime:0.000096s ]
NOTIC: [8] Undefined variable: pjax E:\Web\WWW\ThinkFLAT\ThinkFlat\Runtime\Cache\Home\564e8ba16e4e48579c29a3b455201bd5.php 第 155 行.
INFO: Run Behavior\ParseTemplateBehavior [ RunTime:0.026310s ]
INFO: [ view_parse ] --END-- [ RunTime:0.026338s ]
INFO: [ view_filter ] --START--
INFO: Run Behavior\WriteHtmlCacheBehavior [ RunTime:0.000300s ]
INFO: [ view_filter ] --END-- [ RunTime:0.000322s ]
INFO: [ app_end ] --START--
INFO: Run Behavior\ShowPageTraceBehavior [ RunTime:0.000446s ]
INFO: [ app_end ] --END-- [ RunTime:0.000481s ]

[ 2017-07-27T09:36:30+08:00 ] 127.0.0.1 /
INFO: [ app_init ] --START--
INFO: Run Behavior\BuildLiteBehavior [ RunTime:0.000009s ]
INFO: [ app_init ] --END-- [ RunTime:0.000318s ]
INFO: [ app_begin ] --START--
INFO: Run Behavior\ReadHtmlCacheBehavior [ RunTime:0.000338s ]
INFO: [ app_begin ] --END-- [ RunTime:0.000368s ]
NOTIC: [2048] Declaration of Home\Controller\EmptyController::error() should be compatible with Think\Controller::error($message = '', $jumpUrl = '', $ajax = false) E:\Web\WWW\ThinkFLAT\ThinkFlat\Home\Controller\EmptyController.class.php 第 41 行.
NOTIC: [2048] Declaration of Home\Controller\EmptyController::success() should be compatible with Think\Controller::success($message = '', $jumpUrl = '', $ajax = false) E:\Web\WWW\ThinkFLAT\ThinkFlat\Home\Controller\EmptyController.class.php 第 41 行.
INFO: [ view_parse ] --START--
INFO: [ template_filter ] --START--
INFO: Run Behavior\ContentReplaceBehavior [ RunTime:0.000045s ]
INFO: [ template_filter ] --END-- [ RunTime:0.000084s ]
INFO: Run Behavior\ParseTemplateBehavior [ RunTime:0.024449s ]
INFO: [ view_parse ] --END-- [ RunTime:0.024486s ]
INFO: [ view_filter ] --START--
INFO: Run Behavior\WriteHtmlCacheBehavior [ RunTime:0.000238s ]
INFO: [ view_filter ] --END-- [ RunTime:0.000261s ]
INFO: [ app_end ] --START--
INFO: Run Behavior\ShowPageTraceBehavior [ RunTime:0.000601s ]
INFO: [ app_end ] --END-- [ RunTime:0.000657s ]

[ 2017-07-27T09:36:32+08:00 ] 127.0.0.1 /index/footer
INFO: [ app_init ] --START--
INFO: Run Behavior\BuildLiteBehavior [ RunTime:0.000011s ]
INFO: [ app_init ] --END-- [ RunTime:0.000402s ]
INFO: [ app_begin ] --START--
INFO: Run Behavior\ReadHtmlCacheBehavior [ RunTime:0.000555s ]
INFO: [ app_begin ] --END-- [ RunTime:0.000605s ]
NOTIC: [2048] Declaration of Home\Controller\EmptyController::error() should be compatible with Think\Controller::error($message = '', $jumpUrl = '', $ajax = false) E:\Web\WWW\ThinkFLAT\ThinkFlat\Home\Controller\EmptyController.class.php 第 41 行.
NOTIC: [2048] Declaration of Home\Controller\EmptyController::success() should be compatible with Think\Controller::success($message = '', $jumpUrl = '', $ajax = false) E:\Web\WWW\ThinkFLAT\ThinkFlat\Home\Controller\EmptyController.class.php 第 41 行.
INFO: [ view_parse ] --START--
INFO: [ template_filter ] --START--
INFO: Run Behavior\ContentReplaceBehavior [ RunTime:0.000038s ]
INFO: [ template_filter ] --END-- [ RunTime:0.000084s ]
INFO: Run Behavior\ParseTemplateBehavior [ RunTime:0.019640s ]
INFO: [ view_parse ] --END-- [ RunTime:0.019710s ]
INFO: [ view_filter ] --START--
INFO: Run Behavior\WriteHtmlCacheBehavior [ RunTime:0.000376s ]
INFO: [ view_filter ] --END-- [ RunTime:0.000402s ]
INFO: [ app_end ] --START--
INFO: Run Behavior\ShowPageTraceBehavior [ RunTime:0.000520s ]
INFO: [ app_end ] --END-- [ RunTime:0.000555s ]

[ 2017-07-27T09:36:33+08:00 ] 127.0.0.1 /index/validate
INFO: [ app_init ] --START--
INFO: Run Behavior\BuildLiteBehavior [ RunTime:0.000014s ]
INFO: [ app_init ] --END-- [ RunTime:0.000473s ]
INFO: [ app_begin ] --START--
INFO: Run Behavior\ReadHtmlCacheBehavior [ RunTime:0.000581s ]
INFO: [ app_begin ] --END-- [ RunTime:0.000630s ]
NOTIC: [2048] Declaration of Home\Controller\EmptyController::error() should be compatible with Think\Controller::error($message = '', $jumpUrl = '', $ajax = false) E:\Web\WWW\ThinkFLAT\ThinkFlat\Home\Controller\EmptyController.class.php 第 41 行.
NOTIC: [2048] Declaration of Home\Controller\EmptyController::success() should be compatible with Think\Controller::success($message = '', $jumpUrl = '', $ajax = false) E:\Web\WWW\ThinkFLAT\ThinkFlat\Home\Controller\EmptyController.class.php 第 41 行.
INFO: [ view_parse ] --START--
INFO: [ template_filter ] --START--
INFO: Run Behavior\ContentReplaceBehavior [ RunTime:0.000056s ]
INFO: [ template_filter ] --END-- [ RunTime:0.000095s ]
INFO: Run Behavior\ParseTemplateBehavior [ RunTime:0.027129s ]
INFO: [ view_parse ] --END-- [ RunTime:0.027179s ]
INFO: [ view_filter ] --START--
INFO: Run Behavior\WriteHtmlCacheBehavior [ RunTime:0.000289s ]
INFO: [ view_filter ] --END-- [ RunTime:0.000314s ]
INFO: [ app_end ] --START--
INFO: Run Behavior\ShowPageTraceBehavior [ RunTime:0.000586s ]
INFO: [ app_end ] --END-- [ RunTime:0.000635s ]

[ 2017-07-27T09:36:34+08:00 ] 127.0.0.1 /index/plugins
INFO: [ app_init ] --START--
INFO: Run Behavior\BuildLiteBehavior [ RunTime:0.000014s ]
INFO: [ app_init ] --END-- [ RunTime:0.000480s ]
INFO: [ app_begin ] --START--
INFO: Run Behavior\ReadHtmlCacheBehavior [ RunTime:0.000585s ]
INFO: [ app_begin ] --END-- [ RunTime:0.000637s ]
NOTIC: [2048] Declaration of Home\Controller\EmptyController::error() should be compatible with Think\Controller::error($message = '', $jumpUrl = '', $ajax = false) E:\Web\WWW\ThinkFLAT\ThinkFlat\Home\Controller\EmptyController.class.php 第 41 行.
NOTIC: [2048] Declaration of Home\Controller\EmptyController::success() should be compatible with Think\Controller::success($message = '', $jumpUrl = '', $ajax = false) E:\Web\WWW\ThinkFLAT\ThinkFlat\Home\Controller\EmptyController.class.php 第 41 行.
INFO: [ view_parse ] --START--
INFO: [ template_filter ] --START--
INFO: Run Behavior\ContentReplaceBehavior [ RunTime:0.000031s ]
INFO: [ template_filter ] --END-- [ RunTime:0.000075s ]
INFO: Run Behavior\ParseTemplateBehavior [ RunTime:0.010010s ]
INFO: [ view_parse ] --END-- [ RunTime:0.010056s ]
INFO: [ view_filter ] --START--
INFO: Run Behavior\WriteHtmlCacheBehavior [ RunTime:0.000344s ]
INFO: [ view_filter ] --END-- [ RunTime:0.000371s ]
INFO: [ app_end ] --START--
INFO: Run Behavior\ShowPageTraceBehavior [ RunTime:0.000584s ]
INFO: [ app_end ] --END-- [ RunTime:0.000622s ]

[ 2017-07-27T09:36:36+08:00 ] 127.0.0.1 /index/footer
INFO: [ app_init ] --START--
INFO: Run Behavior\BuildLiteBehavior [ RunTime:0.000009s ]
INFO: [ app_init ] --END-- [ RunTime:0.000332s ]
INFO: [ app_begin ] --START--
INFO: Run Behavior\ReadHtmlCacheBehavior [ RunTime:0.000407s ]
INFO: [ app_begin ] --END-- [ RunTime:0.000447s ]
NOTIC: [2048] Declaration of Home\Controller\EmptyController::error() should be compatible with Think\Controller::error($message = '', $jumpUrl = '', $ajax = false) E:\Web\WWW\ThinkFLAT\ThinkFlat\Home\Controller\EmptyController.class.php 第 41 行.
NOTIC: [2048] Declaration of Home\Controller\EmptyController::success() should be compatible with Think\Controller::success($message = '', $jumpUrl = '', $ajax = false) E:\Web\WWW\ThinkFLAT\ThinkFlat\Home\Controller\EmptyController.class.php 第 41 行.
INFO: [ view_parse ] --START--
INFO: [ template_filter ] --START--
INFO: Run Behavior\ContentReplaceBehavior [ RunTime:0.000034s ]
INFO: [ template_filter ] --END-- [ RunTime:0.000117s ]
INFO: Run Behavior\ParseTemplateBehavior [ RunTime:0.009081s ]
INFO: [ view_parse ] --END-- [ RunTime:0.009140s ]
INFO: [ view_filter ] --START--
INFO: Run Behavior\WriteHtmlCacheBehavior [ RunTime:0.000572s ]
INFO: [ view_filter ] --END-- [ RunTime:0.000647s ]
INFO: [ app_end ] --START--
INFO: Run Behavior\ShowPageTraceBehavior [ RunTime:0.000838s ]
INFO: [ app_end ] --END-- [ RunTime:0.000892s ]

[ 2017-07-27T09:36:37+08:00 ] 127.0.0.1 /index/plugins
INFO: [ app_init ] --START--
INFO: Run Behavior\BuildLiteBehavior [ RunTime:0.000013s ]
INFO: [ app_init ] --END-- [ RunTime:0.000528s ]
INFO: [ app_begin ] --START--
INFO: Run Behavior\ReadHtmlCacheBehavior [ RunTime:0.000452s ]
INFO: [ app_begin ] --END-- [ RunTime:0.000482s ]
NOTIC: [2048] Declaration of Home\Controller\EmptyController::error() should be compatible with Think\Controller::error($message = '', $jumpUrl = '', $ajax = false) E:\Web\WWW\ThinkFLAT\ThinkFlat\Home\Controller\EmptyController.class.php 第 41 行.
NOTIC: [2048] Declaration of Home\Controller\EmptyController::success() should be compatible with Think\Controller::success($message = '', $jumpUrl = '', $ajax = false) E:\Web\WWW\ThinkFLAT\ThinkFlat\Home\Controller\EmptyController.class.php 第 41 行.
INFO: [ view_parse ] --START--
INFO: [ template_filter ] --START--
INFO: Run Behavior\ContentReplaceBehavior [ RunTime:0.000031s ]
INFO: [ template_filter ] --END-- [ RunTime:0.000077s ]
INFO: Run Behavior\ParseTemplateBehavior [ RunTime:0.008136s ]
INFO: [ view_parse ] --END-- [ RunTime:0.008176s ]
INFO: [ view_filter ] --START--
INFO: Run Behavior\WriteHtmlCacheBehavior [ RunTime:0.000382s ]
INFO: [ view_filter ] --END-- [ RunTime:0.000413s ]
INFO: [ app_end ] --START--
INFO: Run Behavior\ShowPageTraceBehavior [ RunTime:0.000725s ]
INFO: [ app_end ] --END-- [ RunTime:0.000770s ]

[ 2017-07-27T09:36:38+08:00 ] 127.0.0.1 /index/validate
INFO: [ app_init ] --START--
INFO: Run Behavior\BuildLiteBehavior [ RunTime:0.000014s ]
INFO: [ app_init ] --END-- [ RunTime:0.000490s ]
INFO: [ app_begin ] --START--
INFO: Run Behavior\ReadHtmlCacheBehavior [ RunTime:0.000545s ]
INFO: [ app_begin ] --END-- [ RunTime:0.000594s ]
NOTIC: [2048] Declaration of Home\Controller\EmptyController::error() should be compatible with Think\Controller::error($message = '', $jumpUrl = '', $ajax = false) E:\Web\WWW\ThinkFLAT\ThinkFlat\Home\Controller\EmptyController.class.php 第 41 行.
NOTIC: [2048] Declaration of Home\Controller\EmptyController::success() should be compatible with Think\Controller::success($message = '', $jumpUrl = '', $ajax = false) E:\Web\WWW\ThinkFLAT\ThinkFlat\Home\Controller\EmptyController.class.php 第 41 行.
INFO: [ view_parse ] --START--
INFO: [ template_filter ] --START--
INFO: Run Behavior\ContentReplaceBehavior [ RunTime:0.000057s ]
INFO: [ template_filter ] --END-- [ RunTime:0.000112s ]
INFO: Run Behavior\ParseTemplateBehavior [ RunTime:0.034679s ]
INFO: [ view_parse ] --END-- [ RunTime:0.034740s ]
INFO: [ view_filter ] --START--
INFO: Run Behavior\WriteHtmlCacheBehavior [ RunTime:0.000347s ]
INFO: [ view_filter ] --END-- [ RunTime:0.000374s ]
INFO: [ app_end ] --START--
INFO: Run Behavior\ShowPageTraceBehavior [ RunTime:0.001120s ]
INFO: [ app_end ] --END-- [ RunTime:0.001239s ]

[ 2017-07-27T09:36:43+08:00 ] 127.0.0.1 /index/plugins
INFO: [ app_init ] --START--
INFO: Run Behavior\BuildLiteBehavior [ RunTime:0.000007s ]
INFO: [ app_init ] --END-- [ RunTime:0.000324s ]
INFO: [ app_begin ] --START--
INFO: Run Behavior\ReadHtmlCacheBehavior [ RunTime:0.000473s ]
INFO: [ app_begin ] --END-- [ RunTime:0.000513s ]
NOTIC: [2048] Declaration of Home\Controller\EmptyController::error() should be compatible with Think\Controller::error($message = '', $jumpUrl = '', $ajax = false) E:\Web\WWW\ThinkFLAT\ThinkFlat\Home\Controller\EmptyController.class.php 第 41 行.
NOTIC: [2048] Declaration of Home\Controller\EmptyController::success() should be compatible with Think\Controller::success($message = '', $jumpUrl = '', $ajax = false) E:\Web\WWW\ThinkFLAT\ThinkFlat\Home\Controller\EmptyController.class.php 第 41 行.
INFO: [ view_parse ] --START--
INFO: [ template_filter ] --START--
INFO: Run Behavior\ContentReplaceBehavior [ RunTime:0.000021s ]
INFO: [ template_filter ] --END-- [ RunTime:0.000048s ]
INFO: Run Behavior\ParseTemplateBehavior [ RunTime:0.005484s ]
INFO: [ view_parse ] --END-- [ RunTime:0.005526s ]
INFO: [ view_filter ] --START--
INFO: Run Behavior\WriteHtmlCacheBehavior [ RunTime:0.000354s ]
INFO: [ view_filter ] --END-- [ RunTime:0.000385s ]
INFO: [ app_end ] --START--
INFO: Run Behavior\ShowPageTraceBehavior [ RunTime:0.000537s ]
INFO: [ app_end ] --END-- [ RunTime:0.000571s ]

[ 2017-07-27T09:36:44+08:00 ] 127.0.0.1 /index/footer
INFO: [ app_init ] --START--
INFO: Run Behavior\BuildLiteBehavior [ RunTime:0.000013s ]
INFO: [ app_init ] --END-- [ RunTime:0.000361s ]
INFO: [ app_begin ] --START--
INFO: Run Behavior\ReadHtmlCacheBehavior [ RunTime:0.000638s ]
INFO: [ app_begin ] --END-- [ RunTime:0.000691s ]
NOTIC: [2048] Declaration of Home\Controller\EmptyController::error() should be compatible with Think\Controller::error($message = '', $jumpUrl = '', $ajax = false) E:\Web\WWW\ThinkFLAT\ThinkFlat\Home\Controller\EmptyController.class.php 第 41 行.
NOTIC: [2048] Declaration of Home\Controller\EmptyController::success() should be compatible with Think\Controller::success($message = '', $jumpUrl = '', $ajax = false) E:\Web\WWW\ThinkFLAT\ThinkFlat\Home\Controller\EmptyController.class.php 第 41 行.
INFO: [ view_parse ] --START--
INFO: [ template_filter ] --START--
INFO: Run Behavior\ContentReplaceBehavior [ RunTime:0.000068s ]
INFO: [ template_filter ] --END-- [ RunTime:0.000118s ]
INFO: Run Behavior\ParseTemplateBehavior [ RunTime:0.008128s ]
INFO: [ view_parse ] --END-- [ RunTime:0.008173s ]
INFO: [ view_filter ] --START--
INFO: Run Behavior\WriteHtmlCacheBehavior [ RunTime:0.000274s ]
INFO: [ view_filter ] --END-- [ RunTime:0.000297s ]
INFO: [ app_end ] --START--
INFO: Run Behavior\ShowPageTraceBehavior [ RunTime:0.000395s ]
INFO: [ app_end ] --END-- [ RunTime:0.000418s ]

[ 2017-07-27T09:36:45+08:00 ] 127.0.0.1 /index/plugins
INFO: [ app_init ] --START--
INFO: Run Behavior\BuildLiteBehavior [ RunTime:0.000013s ]
INFO: [ app_init ] --END-- [ RunTime:0.000357s ]
INFO: [ app_begin ] --START--
INFO: Run Behavior\ReadHtmlCacheBehavior [ RunTime:0.000512s ]
INFO: [ app_begin ] --END-- [ RunTime:0.000561s ]
NOTIC: [2048] Declaration of Home\Controller\EmptyController::error() should be compatible with Think\Controller::error($message = '', $jumpUrl = '', $ajax = false) E:\Web\WWW\ThinkFLAT\ThinkFlat\Home\Controller\EmptyController.class.php 第 41 行.
NOTIC: [2048] Declaration of Home\Controller\EmptyController::success() should be compatible with Think\Controller::success($message = '', $jumpUrl = '', $ajax = false) E:\Web\WWW\ThinkFLAT\ThinkFlat\Home\Controller\EmptyController.class.php 第 41 行.
INFO: [ view_parse ] --START--
INFO: [ template_filter ] --START--
INFO: Run Behavior\ContentReplaceBehavior [ RunTime:0.000031s ]
INFO: [ template_filter ] --END-- [ RunTime:0.000072s ]
INFO: Run Behavior\ParseTemplateBehavior [ RunTime:0.007622s ]
INFO: [ view_parse ] --END-- [ RunTime:0.007705s ]
INFO: [ view_filter ] --START--
INFO: Run Behavior\WriteHtmlCacheBehavior [ RunTime:0.000359s ]
INFO: [ view_filter ] --END-- [ RunTime:0.000394s ]
INFO: [ app_end ] --START--
INFO: Run Behavior\ShowPageTraceBehavior [ RunTime:0.000557s ]
INFO: [ app_end ] --END-- [ RunTime:0.000596s ]

[ 2017-07-27T09:36:46+08:00 ] 127.0.0.1 /index/validate
INFO: [ app_init ] --START--
INFO: Run Behavior\BuildLiteBehavior [ RunTime:0.000008s ]
INFO: [ app_init ] --END-- [ RunTime:0.000321s ]
INFO: [ app_begin ] --START--
INFO: Run Behavior\ReadHtmlCacheBehavior [ RunTime:0.000394s ]
INFO: [ app_begin ] --END-- [ RunTime:0.000426s ]
NOTIC: [2048] Declaration of Home\Controller\EmptyController::error() should be compatible with Think\Controller::error($message = '', $jumpUrl = '', $ajax = false) E:\Web\WWW\ThinkFLAT\ThinkFlat\Home\Controller\EmptyController.class.php 第 41 行.
NOTIC: [2048] Declaration of Home\Controller\EmptyController::success() should be compatible with Think\Controller::success($message = '', $jumpUrl = '', $ajax = false) E:\Web\WWW\ThinkFLAT\ThinkFlat\Home\Controller\EmptyController.class.php 第 41 行.
INFO: [ view_parse ] --START--
INFO: [ template_filter ] --START--
INFO: Run Behavior\ContentReplaceBehavior [ RunTime:0.000034s ]
INFO: [ template_filter ] --END-- [ RunTime:0.000062s ]
INFO: Run Behavior\ParseTemplateBehavior [ RunTime:0.021594s ]
INFO: [ view_parse ] --END-- [ RunTime:0.021627s ]
INFO: [ view_filter ] --START--
INFO: Run Behavior\WriteHtmlCacheBehavior [ RunTime:0.000275s ]
INFO: [ view_filter ] --END-- [ RunTime:0.000295s ]
INFO: [ app_end ] --START--
INFO: Run Behavior\ShowPageTraceBehavior [ RunTime:0.000471s ]
INFO: [ app_end ] --END-- [ RunTime:0.000511s ]

[ 2017-07-27T09:36:49+08:00 ] 127.0.0.1 /index.php/substance/prereg.html
INFO: [ app_init ] --START--
INFO: Run Behavior\BuildLiteBehavior [ RunTime:0.000009s ]
INFO: [ app_init ] --END-- [ RunTime:0.000306s ]
INFO: [ app_begin ] --START--
INFO: Run Behavior\ReadHtmlCacheBehavior [ RunTime:0.000426s ]
INFO: [ app_begin ] --END-- [ RunTime:0.000461s ]
NOTIC: [2048] Declaration of Home\Controller\EmptyController::error() should be compatible with Think\Controller::error($message = '', $jumpUrl = '', $ajax = false) E:\Web\WWW\ThinkFLAT\ThinkFlat\Home\Controller\EmptyController.class.php 第 41 行.
NOTIC: [2048] Declaration of Home\Controller\EmptyController::success() should be compatible with Think\Controller::success($message = '', $jumpUrl = '', $ajax = false) E:\Web\WWW\ThinkFLAT\ThinkFlat\Home\Controller\EmptyController.class.php 第 41 行.
INFO: [ view_parse ] --START--
INFO: [ template_filter ] --START--
INFO: Run Behavior\ContentReplaceBehavior [ RunTime:0.000033s ]
INFO: [ template_filter ] --END-- [ RunTime:0.000060s ]
INFO: Run Behavior\ParseTemplateBehavior [ RunTime:0.012707s ]
INFO: [ view_parse ] --END-- [ RunTime:0.012780s ]
INFO: [ view_filter ] --START--
INFO: Run Behavior\WriteHtmlCacheBehavior [ RunTime:0.000529s ]
INFO: [ view_filter ] --END-- [ RunTime:0.000557s ]
INFO: [ app_end ] --START--
INFO: Run Behavior\ShowPageTraceBehavior [ RunTime:0.000551s ]
INFO: [ app_end ] --END-- [ RunTime:0.000601s ]

[ 2017-07-27T09:36:58+08:00 ] 127.0.0.1 /index/footer
INFO: [ app_init ] --START--
INFO: Run Behavior\BuildLiteBehavior [ RunTime:0.000009s ]
INFO: [ app_init ] --END-- [ RunTime:0.000356s ]
INFO: [ app_begin ] --START--
INFO: Run Behavior\ReadHtmlCacheBehavior [ RunTime:0.000453s ]
INFO: [ app_begin ] --END-- [ RunTime:0.000492s ]
NOTIC: [2048] Declaration of Home\Controller\EmptyController::error() should be compatible with Think\Controller::error($message = '', $jumpUrl = '', $ajax = false) E:\Web\WWW\ThinkFLAT\ThinkFlat\Home\Controller\EmptyController.class.php 第 41 行.
NOTIC: [2048] Declaration of Home\Controller\EmptyController::success() should be compatible with Think\Controller::success($message = '', $jumpUrl = '', $ajax = false) E:\Web\WWW\ThinkFLAT\ThinkFlat\Home\Controller\EmptyController.class.php 第 41 行.
INFO: [ view_parse ] --START--
INFO: [ template_filter ] --START--
INFO: Run Behavior\ContentReplaceBehavior [ RunTime:0.000023s ]
INFO: [ template_filter ] --END-- [ RunTime:0.000054s ]
INFO: Run Behavior\ParseTemplateBehavior [ RunTime:0.007129s ]
INFO: [ view_parse ] --END-- [ RunTime:0.007171s ]
INFO: [ view_filter ] --START--
INFO: Run Behavior\WriteHtmlCacheBehavior [ RunTime:0.000361s ]
INFO: [ view_filter ] --END-- [ RunTime:0.000386s ]
INFO: [ app_end ] --START--
INFO: Run Behavior\ShowPageTraceBehavior [ RunTime:0.000413s ]
INFO: [ app_end ] --END-- [ RunTime:0.000441s ]

[ 2017-07-27T09:36:59+08:00 ] 127.0.0.1 /index/plugins
INFO: [ app_init ] --START--
INFO: Run Behavior\BuildLiteBehavior [ RunTime:0.000008s ]
INFO: [ app_init ] --END-- [ RunTime:0.000265s ]
INFO: [ app_begin ] --START--
INFO: Run Behavior\ReadHtmlCacheBehavior [ RunTime:0.000316s ]
INFO: [ app_begin ] --END-- [ RunTime:0.000344s ]
NOTIC: [2048] Declaration of Home\Controller\EmptyController::error() should be compatible with Think\Controller::error($message = '', $jumpUrl = '', $ajax = false) E:\Web\WWW\ThinkFLAT\ThinkFlat\Home\Controller\EmptyController.class.php 第 41 行.
NOTIC: [2048] Declaration of Home\Controller\EmptyController::success() should be compatible with Think\Controller::success($message = '', $jumpUrl = '', $ajax = false) E:\Web\WWW\ThinkFLAT\ThinkFlat\Home\Controller\EmptyController.class.php 第 41 行.
INFO: [ view_parse ] --START--
INFO: [ template_filter ] --START--
INFO: Run Behavior\ContentReplaceBehavior [ RunTime:0.000029s ]
INFO: [ template_filter ] --END-- [ RunTime:0.000072s ]
INFO: Run Behavior\ParseTemplateBehavior [ RunTime:0.006954s ]
INFO: [ view_parse ] --END-- [ RunTime:0.007007s ]
INFO: [ view_filter ] --START--
INFO: Run Behavior\WriteHtmlCacheBehavior [ RunTime:0.000388s ]
INFO: [ view_filter ] --END-- [ RunTime:0.000420s ]
INFO: [ app_end ] --START--
INFO: Run Behavior\ShowPageTraceBehavior [ RunTime:0.000489s ]
INFO: [ app_end ] --END-- [ RunTime:0.000525s ]

[ 2017-07-27T09:37:00+08:00 ] 127.0.0.1 /index/validate
INFO: [ app_init ] --START--
INFO: Run Behavior\BuildLiteBehavior [ RunTime:0.000013s ]
INFO: [ app_init ] --END-- [ RunTime:0.000498s ]
INFO: [ app_begin ] --START--
INFO: Run Behavior\ReadHtmlCacheBehavior [ RunTime:0.000664s ]
INFO: [ app_begin ] --END-- [ RunTime:0.000719s ]
NOTIC: [2048] Declaration of Home\Controller\EmptyController::error() should be compatible with Think\Controller::error($message = '', $jumpUrl = '', $ajax = false) E:\Web\WWW\ThinkFLAT\ThinkFlat\Home\Controller\EmptyController.class.php 第 41 行.
NOTIC: [2048] Declaration of Home\Controller\EmptyController::success() should be compatible with Think\Controller::success($message = '', $jumpUrl = '', $ajax = false) E:\Web\WWW\ThinkFLAT\ThinkFlat\Home\Controller\EmptyController.class.php 第 41 行.
INFO: [ view_parse ] --START--
INFO: [ template_filter ] --START--
INFO: Run Behavior\ContentReplaceBehavior [ RunTime:0.000047s ]
INFO: [ template_filter ] --END-- [ RunTime:0.000089s ]
INFO: Run Behavior\ParseTemplateBehavior [ RunTime:0.020622s ]
INFO: [ view_parse ] --END-- [ RunTime:0.020670s ]
INFO: [ view_filter ] --START--
INFO: Run Behavior\WriteHtmlCacheBehavior [ RunTime:0.000323s ]
INFO: [ view_filter ] --END-- [ RunTime:0.000355s ]
INFO: [ app_end ] --START--
INFO: Run Behavior\ShowPageTraceBehavior [ RunTime:0.000596s ]
INFO: [ app_end ] --END-- [ RunTime:0.000644s ]

[ 2017-07-27T10:05:49+08:00 ] 127.0.0.1 /index/footer
INFO: [ app_init ] --START--
INFO: Run Behavior\BuildLiteBehavior [ RunTime:0.000011s ]
INFO: [ app_init ] --END-- [ RunTime:0.000596s ]
INFO: [ app_begin ] --START--
INFO: Run Behavior\ReadHtmlCacheBehavior [ RunTime:0.000724s ]
INFO: [ app_begin ] --END-- [ RunTime:0.000782s ]
NOTIC: [2048] Declaration of Home\Controller\EmptyController::error() should be compatible with Think\Controller::error($message = '', $jumpUrl = '', $ajax = false) E:\Web\WWW\ThinkFLAT\ThinkFlat\Home\Controller\EmptyController.class.php 第 41 行.
NOTIC: [2048] Declaration of Home\Controller\EmptyController::success() should be compatible with Think\Controller::success($message = '', $jumpUrl = '', $ajax = false) E:\Web\WWW\ThinkFLAT\ThinkFlat\Home\Controller\EmptyController.class.php 第 41 行.
INFO: [ view_parse ] --START--
INFO: [ template_filter ] --START--
INFO: Run Behavior\ContentReplaceBehavior [ RunTime:0.000051s ]
INFO: [ template_filter ] --END-- [ RunTime:0.000163s ]
INFO: Run Behavior\ParseTemplateBehavior [ RunTime:0.010849s ]
INFO: [ view_parse ] --END-- [ RunTime:0.010918s ]
INFO: [ view_filter ] --START--
INFO: Run Behavior\WriteHtmlCacheBehavior [ RunTime:0.000533s ]
INFO: [ view_filter ] --END-- [ RunTime:0.000575s ]
INFO: [ app_end ] --START--
INFO: Run Behavior\ShowPageTraceBehavior [ RunTime:0.000760s ]
INFO: [ app_end ] --END-- [ RunTime:0.000810s ]

[ 2017-07-27T10:05:50+08:00 ] 127.0.0.1 /index/plugins
INFO: [ app_init ] --START--
INFO: Run Behavior\BuildLiteBehavior [ RunTime:0.000018s ]
INFO: [ app_init ] --END-- [ RunTime:0.000475s ]
INFO: [ app_begin ] --START--
INFO: Run Behavior\ReadHtmlCacheBehavior [ RunTime:0.000581s ]
INFO: [ app_begin ] --END-- [ RunTime:0.000629s ]
NOTIC: [2048] Declaration of Home\Controller\EmptyController::error() should be compatible with Think\Controller::error($message = '', $jumpUrl = '', $ajax = false) E:\Web\WWW\ThinkFLAT\ThinkFlat\Home\Controller\EmptyController.class.php 第 41 行.
NOTIC: [2048] Declaration of Home\Controller\EmptyController::success() should be compatible with Think\Controller::success($message = '', $jumpUrl = '', $ajax = false) E:\Web\WWW\ThinkFLAT\ThinkFlat\Home\Controller\EmptyController.class.php 第 41 行.
INFO: [ view_parse ] --START--
INFO: [ template_filter ] --START--
INFO: Run Behavior\ContentReplaceBehavior [ RunTime:0.000020s ]
INFO: [ template_filter ] --END-- [ RunTime:0.000048s ]
INFO: Run Behavior\ParseTemplateBehavior [ RunTime:0.006282s ]
INFO: [ view_parse ] --END-- [ RunTime:0.006327s ]
INFO: [ view_filter ] --START--
INFO: Run Behavior\WriteHtmlCacheBehavior [ RunTime:0.000342s ]
INFO: [ view_filter ] --END-- [ RunTime:0.000371s ]
INFO: [ app_end ] --START--
INFO: Run Behavior\ShowPageTraceBehavior [ RunTime:0.000382s ]
INFO: [ app_end ] --END-- [ RunTime:0.000406s ]

[ 2017-07-27T10:05:51+08:00 ] 127.0.0.1 /index/validate
INFO: [ app_init ] --START--
INFO: Run Behavior\BuildLiteBehavior [ RunTime:0.000009s ]
INFO: [ app_init ] --END-- [ RunTime:0.000303s ]
INFO: [ app_begin ] --START--
INFO: Run Behavior\ReadHtmlCacheBehavior [ RunTime:0.001089s ]
INFO: [ app_begin ] --END-- [ RunTime:0.001206s ]
NOTIC: [2048] Declaration of Home\Controller\EmptyController::error() should be compatible with Think\Controller::error($message = '', $jumpUrl = '', $ajax = false) E:\Web\WWW\ThinkFLAT\ThinkFlat\Home\Controller\EmptyController.class.php 第 41 行.
NOTIC: [2048] Declaration of Home\Controller\EmptyController::success() should be compatible with Think\Controller::success($message = '', $jumpUrl = '', $ajax = false) E:\Web\WWW\ThinkFLAT\ThinkFlat\Home\Controller\EmptyController.class.php 第 41 行.
INFO: [ view_parse ] --START--
INFO: [ template_filter ] --START--
INFO: Run Behavior\ContentReplaceBehavior [ RunTime:0.000036s ]
INFO: [ template_filter ] --END-- [ RunTime:0.000066s ]
INFO: Run Behavior\ParseTemplateBehavior [ RunTime:0.019176s ]
INFO: [ view_parse ] --END-- [ RunTime:0.019210s ]
INFO: [ view_filter ] --START--
INFO: Run Behavior\WriteHtmlCacheBehavior [ RunTime:0.000240s ]
INFO: [ view_filter ] --END-- [ RunTime:0.000266s ]
INFO: [ app_end ] --START--
INFO: Run Behavior\ShowPageTraceBehavior [ RunTime:0.000505s ]
INFO: [ app_end ] --END-- [ RunTime:0.000552s ]

[ 2017-07-27T10:05:54+08:00 ] 127.0.0.1 /index.php/substance/prereg.html
INFO: [ app_init ] --START--
INFO: Run Behavior\BuildLiteBehavior [ RunTime:0.000010s ]
INFO: [ app_init ] --END-- [ RunTime:0.000387s ]
INFO: [ app_begin ] --START--
INFO: Run Behavior\ReadHtmlCacheBehavior [ RunTime:0.000515s ]
INFO: [ app_begin ] --END-- [ RunTime:0.000556s ]
NOTIC: [2048] Declaration of Home\Controller\EmptyController::error() should be compatible with Think\Controller::error($message = '', $jumpUrl = '', $ajax = false) E:\Web\WWW\ThinkFLAT\ThinkFlat\Home\Controller\EmptyController.class.php 第 41 行.
NOTIC: [2048] Declaration of Home\Controller\EmptyController::success() should be compatible with Think\Controller::success($message = '', $jumpUrl = '', $ajax = false) E:\Web\WWW\ThinkFLAT\ThinkFlat\Home\Controller\EmptyController.class.php 第 41 行.
INFO: [ view_parse ] --START--
INFO: [ template_filter ] --START--
INFO: Run Behavior\ContentReplaceBehavior [ RunTime:0.000047s ]
INFO: [ template_filter ] --END-- [ RunTime:0.000091s ]
INFO: Run Behavior\ParseTemplateBehavior [ RunTime:0.017988s ]
INFO: [ view_parse ] --END-- [ RunTime:0.018033s ]
INFO: [ view_filter ] --START--
INFO: Run Behavior\WriteHtmlCacheBehavior [ RunTime:0.000308s ]
INFO: [ view_filter ] --END-- [ RunTime:0.000342s ]
INFO: [ app_end ] --START--
INFO: Run Behavior\ShowPageTraceBehavior [ RunTime:0.000700s ]
INFO: [ app_end ] --END-- [ RunTime:0.000774s ]

[ 2017-07-27T11:29:03+08:00 ] 127.0.0.1 /flat.php/substance/prereg.html
INFO: [ app_init ] --START--
INFO: Run Behavior\BuildLiteBehavior [ RunTime:0.000009s ]
INFO: [ app_init ] --END-- [ RunTime:0.007751s ]
INFO: [ app_begin ] --START--
INFO: Run Behavior\ReadHtmlCacheBehavior [ RunTime:0.012034s ]
INFO: [ app_begin ] --END-- [ RunTime:0.012072s ]
NOTIC: [2048] Declaration of Home\Controller\EmptyController::error() should be compatible with Think\Controller::error($message = '', $jumpUrl = '', $ajax = false) E:\Web\WWW\ThinkFLAT\ThinkFlat\Home\Controller\EmptyController.class.php 第 41 行.
NOTIC: [2048] Declaration of Home\Controller\EmptyController::success() should be compatible with Think\Controller::success($message = '', $jumpUrl = '', $ajax = false) E:\Web\WWW\ThinkFLAT\ThinkFlat\Home\Controller\EmptyController.class.php 第 41 行.
INFO: [ view_parse ] --START--
INFO: [ template_filter ] --START--
INFO: Run Behavior\ContentReplaceBehavior [ RunTime:0.000060s ]
INFO: [ template_filter ] --END-- [ RunTime:0.000088s ]
NOTIC: [8] Undefined variable: pjax E:\Web\WWW\ThinkFLAT\ThinkFlat\Runtime\Cache\Home\564e8ba16e4e48579c29a3b455201bd5.php 第 155 行.
INFO: Run Behavior\ParseTemplateBehavior [ RunTime:0.144788s ]
INFO: [ view_parse ] --END-- [ RunTime:0.144816s ]
INFO: [ view_filter ] --START--
INFO: Run Behavior\WriteHtmlCacheBehavior [ RunTime:0.008834s ]
INFO: [ view_filter ] --END-- [ RunTime:0.008863s ]
INFO: [ app_end ] --START--
INFO: Run Behavior\ShowPageTraceBehavior [ RunTime:0.006711s ]
INFO: [ app_end ] --END-- [ RunTime:0.006750s ]

[ 2017-07-27T11:29:07+08:00 ] 127.0.0.1 /flat.php/substance/prereg.html
INFO: [ app_init ] --START--
INFO: Run Behavior\BuildLiteBehavior [ RunTime:0.000024s ]
INFO: [ app_init ] --END-- [ RunTime:0.000462s ]
INFO: [ app_begin ] --START--
INFO: Run Behavior\ReadHtmlCacheBehavior [ RunTime:0.000458s ]
INFO: [ app_begin ] --END-- [ RunTime:0.000500s ]
NOTIC: [2048] Declaration of Home\Controller\EmptyController::error() should be compatible with Think\Controller::error($message = '', $jumpUrl = '', $ajax = false) E:\Web\WWW\ThinkFLAT\ThinkFlat\Home\Controller\EmptyController.class.php 第 41 行.
NOTIC: [2048] Declaration of Home\Controller\EmptyController::success() should be compatible with Think\Controller::success($message = '', $jumpUrl = '', $ajax = false) E:\Web\WWW\ThinkFLAT\ThinkFlat\Home\Controller\EmptyController.class.php 第 41 行.
INFO: [ view_parse ] --START--
INFO: [ template_filter ] --START--
INFO: Run Behavior\ContentReplaceBehavior [ RunTime:0.000080s ]
INFO: [ template_filter ] --END-- [ RunTime:0.000142s ]
INFO: Run Behavior\ParseTemplateBehavior [ RunTime:0.021783s ]
INFO: [ view_parse ] --END-- [ RunTime:0.021854s ]
INFO: [ view_filter ] --START--
INFO: Run Behavior\WriteHtmlCacheBehavior [ RunTime:0.000584s ]
INFO: [ view_filter ] --END-- [ RunTime:0.000633s ]
INFO: [ app_end ] --START--
INFO: Run Behavior\ShowPageTraceBehavior [ RunTime:0.001048s ]
INFO: [ app_end ] --END-- [ RunTime:0.001137s ]

[ 2017-07-27T11:29:09+08:00 ] 127.0.0.1 /flat.php/substance/prereg.html
INFO: [ app_init ] --START--
INFO: Run Behavior\BuildLiteBehavior [ RunTime:0.000013s ]
INFO: [ app_init ] --END-- [ RunTime:0.000483s ]
INFO: [ app_begin ] --START--
INFO: Run Behavior\ReadHtmlCacheBehavior [ RunTime:0.000460s ]
INFO: [ app_begin ] --END-- [ RunTime:0.000503s ]
NOTIC: [2048] Declaration of Home\Controller\EmptyController::error() should be compatible with Think\Controller::error($message = '', $jumpUrl = '', $ajax = false) E:\Web\WWW\ThinkFLAT\ThinkFlat\Home\Controller\EmptyController.class.php 第 41 行.
NOTIC: [2048] Declaration of Home\Controller\EmptyController::success() should be compatible with Think\Controller::success($message = '', $jumpUrl = '', $ajax = false) E:\Web\WWW\ThinkFLAT\ThinkFlat\Home\Controller\EmptyController.class.php 第 41 行.
INFO: [ view_parse ] --START--
INFO: [ template_filter ] --START--
INFO: Run Behavior\ContentReplaceBehavior [ RunTime:0.000035s ]
INFO: [ template_filter ] --END-- [ RunTime:0.000074s ]
INFO: Run Behavior\ParseTemplateBehavior [ RunTime:0.016532s ]
INFO: [ view_parse ] --END-- [ RunTime:0.016603s ]
INFO: [ view_filter ] --START--
INFO: Run Behavior\WriteHtmlCacheBehavior [ RunTime:0.000526s ]
INFO: [ view_filter ] --END-- [ RunTime:0.000573s ]
INFO: [ app_end ] --START--
INFO: Run Behavior\ShowPageTraceBehavior [ RunTime:0.001016s ]
INFO: [ app_end ] --END-- [ RunTime:0.001101s ]

[ 2017-07-27T11:35:03+08:00 ] 127.0.0.1 /flat.php
INFO: [ app_init ] --START--
INFO: Run Behavior\BuildLiteBehavior [ RunTime:0.000009s ]
INFO: [ app_init ] --END-- [ RunTime:0.000360s ]
INFO: [ app_begin ] --START--
INFO: Run Behavior\ReadHtmlCacheBehavior [ RunTime:0.000848s ]
INFO: [ app_begin ] --END-- [ RunTime:0.000936s ]
NOTIC: [2048] Declaration of Home\Controller\EmptyController::error() should be compatible with Think\Controller::error($message = '', $jumpUrl = '', $ajax = false) E:\Web\WWW\ThinkFLAT\ThinkFlat\Home\Controller\EmptyController.class.php 第 41 行.
NOTIC: [2048] Declaration of Home\Controller\EmptyController::success() should be compatible with Think\Controller::success($message = '', $jumpUrl = '', $ajax = false) E:\Web\WWW\ThinkFLAT\ThinkFlat\Home\Controller\EmptyController.class.php 第 41 行.
INFO: [ view_parse ] --START--
INFO: [ template_filter ] --START--
INFO: Run Behavior\ContentReplaceBehavior [ RunTime:0.000062s ]
INFO: [ template_filter ] --END-- [ RunTime:0.000090s ]
NOTIC: [8] Undefined variable: pjax E:\Web\WWW\ThinkFLAT\ThinkFlat\Runtime\Cache\Home\adad5d59f0ed29916ceafdad7098f5bb.php 第 155 行.
INFO: Run Behavior\ParseTemplateBehavior [ RunTime:0.058324s ]
INFO: [ view_parse ] --END-- [ RunTime:0.058382s ]
INFO: [ view_filter ] --START--
INFO: Run Behavior\WriteHtmlCacheBehavior [ RunTime:0.000352s ]
INFO: [ view_filter ] --END-- [ RunTime:0.000374s ]
INFO: [ app_end ] --START--
INFO: Run Behavior\ShowPageTraceBehavior [ RunTime:0.000547s ]
INFO: [ app_end ] --END-- [ RunTime:0.000593s ]

[ 2017-07-27T13:53:12+08:00 ] 127.0.0.1 /flat.php
INFO: [ app_init ] --START--
INFO: Run Behavior\BuildLiteBehavior [ RunTime:0.000013s ]
INFO: [ app_init ] --END-- [ RunTime:0.013223s ]
INFO: [ app_begin ] --START--
INFO: Run Behavior\ReadHtmlCacheBehavior [ RunTime:0.019113s ]
INFO: [ app_begin ] --END-- [ RunTime:0.019172s ]
NOTIC: [2048] Declaration of Home\Controller\EmptyController::error() should be compatible with Think\Controller::error($message = '', $jumpUrl = '', $ajax = false) E:\Web\WWW\ThinkFLAT\ThinkFlat\Home\Controller\EmptyController.class.php 第 41 行.
NOTIC: [2048] Declaration of Home\Controller\EmptyController::success() should be compatible with Think\Controller::success($message = '', $jumpUrl = '', $ajax = false) E:\Web\WWW\ThinkFLAT\ThinkFlat\Home\Controller\EmptyController.class.php 第 41 行.
INFO: [ view_parse ] --START--
INFO: [ template_filter ] --START--
INFO: Run Behavior\ContentReplaceBehavior [ RunTime:0.000119s ]
INFO: [ template_filter ] --END-- [ RunTime:0.000171s ]
NOTIC: [8] Undefined variable: pjax E:\Web\WWW\ThinkFLAT\ThinkFlat\Runtime\Cache\Home\adad5d59f0ed29916ceafdad7098f5bb.php 第 155 行.
INFO: Run Behavior\ParseTemplateBehavior [ RunTime:0.175131s ]
INFO: [ view_parse ] --END-- [ RunTime:0.175245s ]
INFO: [ view_filter ] --START--
INFO: Run Behavior\WriteHtmlCacheBehavior [ RunTime:0.008805s ]
INFO: [ view_filter ] --END-- [ RunTime:0.008839s ]
INFO: [ app_end ] --START--
INFO: Run Behavior\ShowPageTraceBehavior [ RunTime:0.010103s ]
INFO: [ app_end ] --END-- [ RunTime:0.010153s ]

[ 2017-07-27T13:56:59+08:00 ] 127.0.0.1 /flat.php
INFO: [ app_init ] --START--
INFO: Run Behavior\BuildLiteBehavior [ RunTime:0.000010s ]
INFO: [ app_init ] --END-- [ RunTime:0.000538s ]
INFO: [ app_begin ] --START--
INFO: Run Behavior\ReadHtmlCacheBehavior [ RunTime:0.000514s ]
INFO: [ app_begin ] --END-- [ RunTime:0.000560s ]
NOTIC: [2048] Declaration of Home\Controller\EmptyController::error() should be compatible with Think\Controller::error($message = '', $jumpUrl = '', $ajax = false) E:\Web\WWW\ThinkFLAT\ThinkFlat\Home\Controller\EmptyController.class.php 第 41 行.
NOTIC: [2048] Declaration of Home\Controller\EmptyController::success() should be compatible with Think\Controller::success($message = '', $jumpUrl = '', $ajax = false) E:\Web\WWW\ThinkFLAT\ThinkFlat\Home\Controller\EmptyController.class.php 第 41 行.
INFO: [ view_parse ] --START--
INFO: [ template_filter ] --START--
INFO: Run Behavior\ContentReplaceBehavior [ RunTime:0.000086s ]
INFO: [ template_filter ] --END-- [ RunTime:0.000124s ]
NOTIC: [8] Undefined variable: pjax E:\Web\WWW\ThinkFLAT\ThinkFlat\Runtime\Cache\Home\adad5d59f0ed29916ceafdad7098f5bb.php 第 155 行.
INFO: Run Behavior\ParseTemplateBehavior [ RunTime:0.032741s ]
INFO: [ view_parse ] --END-- [ RunTime:0.032775s ]
INFO: [ view_filter ] --START--
INFO: Run Behavior\WriteHtmlCacheBehavior [ RunTime:0.000354s ]
INFO: [ view_filter ] --END-- [ RunTime:0.000377s ]
INFO: [ app_end ] --START--
INFO: Run Behavior\ShowPageTraceBehavior [ RunTime:0.000667s ]
INFO: [ app_end ] --END-- [ RunTime:0.000714s ]

[ 2017-07-27T13:57:01+08:00 ] 127.0.0.1 /flat.php
INFO: [ app_init ] --START--
INFO: Run Behavior\BuildLiteBehavior [ RunTime:0.000013s ]
INFO: [ app_init ] --END-- [ RunTime:0.000471s ]
INFO: [ app_begin ] --START--
INFO: Run Behavior\ReadHtmlCacheBehavior [ RunTime:0.000535s ]
INFO: [ app_begin ] --END-- [ RunTime:0.000584s ]
NOTIC: [2048] Declaration of Home\Controller\EmptyController::error() should be compatible with Think\Controller::error($message = '', $jumpUrl = '', $ajax = false) E:\Web\WWW\ThinkFLAT\ThinkFlat\Home\Controller\EmptyController.class.php 第 41 行.
NOTIC: [2048] Declaration of Home\Controller\EmptyController::success() should be compatible with Think\Controller::success($message = '', $jumpUrl = '', $ajax = false) E:\Web\WWW\ThinkFLAT\ThinkFlat\Home\Controller\EmptyController.class.php 第 41 行.
INFO: [ view_parse ] --START--
INFO: [ template_filter ] --START--
INFO: Run Behavior\ContentReplaceBehavior [ RunTime:0.000095s ]
INFO: [ template_filter ] --END-- [ RunTime:0.000142s ]
NOTIC: [8] Undefined variable: pjax E:\Web\WWW\ThinkFLAT\ThinkFlat\Runtime\Cache\Home\adad5d59f0ed29916ceafdad7098f5bb.php 第 155 行.
INFO: Run Behavior\ParseTemplateBehavior [ RunTime:0.060998s ]
INFO: [ view_parse ] --END-- [ RunTime:0.061105s ]
INFO: [ view_filter ] --START--
INFO: Run Behavior\WriteHtmlCacheBehavior [ RunTime:0.000584s ]
INFO: [ view_filter ] --END-- [ RunTime:0.000623s ]
INFO: [ app_end ] --START--
INFO: Run Behavior\ShowPageTraceBehavior [ RunTime:0.000644s ]
INFO: [ app_end ] --END-- [ RunTime:0.000705s ]

[ 2017-07-27T13:59:54+08:00 ] 127.0.0.1 /flat.php
INFO: [ app_init ] --START--
INFO: Run Behavior\BuildLiteBehavior [ RunTime:0.000008s ]
INFO: [ app_init ] --END-- [ RunTime:0.000434s ]
INFO: [ app_begin ] --START--
INFO: Run Behavior\ReadHtmlCacheBehavior [ RunTime:0.000394s ]
INFO: [ app_begin ] --END-- [ RunTime:0.000425s ]
NOTIC: [2048] Declaration of Home\Controller\EmptyController::error() should be compatible with Think\Controller::error($message = '', $jumpUrl = '', $ajax = false) E:\Web\WWW\ThinkFLAT\ThinkFlat\Home\Controller\EmptyController.class.php 第 41 行.
NOTIC: [2048] Declaration of Home\Controller\EmptyController::success() should be compatible with Think\Controller::success($message = '', $jumpUrl = '', $ajax = false) E:\Web\WWW\ThinkFLAT\ThinkFlat\Home\Controller\EmptyController.class.php 第 41 行.
INFO: [ view_parse ] --START--
INFO: [ template_filter ] --START--
INFO: Run Behavior\ContentReplaceBehavior [ RunTime:0.000062s ]
INFO: [ template_filter ] --END-- [ RunTime:0.000090s ]
NOTIC: [8] Undefined variable: pjax E:\Web\WWW\ThinkFLAT\ThinkFlat\Runtime\Cache\Home\adad5d59f0ed29916ceafdad7098f5bb.php 第 155 行.
INFO: Run Behavior\ParseTemplateBehavior [ RunTime:0.026705s ]
INFO: [ view_parse ] --END-- [ RunTime:0.026733s ]
INFO: [ view_filter ] --START--
INFO: Run Behavior\WriteHtmlCacheBehavior [ RunTime:0.000313s ]
INFO: [ view_filter ] --END-- [ RunTime:0.000336s ]
INFO: [ app_end ] --START--
INFO: Run Behavior\ShowPageTraceBehavior [ RunTime:0.000512s ]
INFO: [ app_end ] --END-- [ RunTime:0.000549s ]

[ 2017-07-27T14:33:26+08:00 ] 127.0.0.1 /flat.php
INFO: [ app_init ] --START--
INFO: Run Behavior\BuildLiteBehavior [ RunTime:0.000014s ]
INFO: [ app_init ] --END-- [ RunTime:0.014542s ]
INFO: [ app_begin ] --START--
INFO: Run Behavior\ReadHtmlCacheBehavior [ RunTime:0.020339s ]
INFO: [ app_begin ] --END-- [ RunTime:0.020437s ]
NOTIC: [2048] Declaration of Home\Controller\EmptyController::error() should be compatible with Think\Controller::error($message = '', $jumpUrl = '', $ajax = false) E:\Web\WWW\ThinkFLAT\ThinkFlat\Home\Controller\EmptyController.class.php 第 41 行.
NOTIC: [2048] Declaration of Home\Controller\EmptyController::success() should be compatible with Think\Controller::success($message = '', $jumpUrl = '', $ajax = false) E:\Web\WWW\ThinkFLAT\ThinkFlat\Home\Controller\EmptyController.class.php 第 41 行.
INFO: [ view_parse ] --START--
INFO: [ template_filter ] --START--
INFO: Run Behavior\ContentReplaceBehavior [ RunTime:0.008202s ]
INFO: [ template_filter ] --END-- [ RunTime:0.008346s ]
NOTIC: [8] Undefined variable: pjax E:\Web\WWW\ThinkFLAT\ThinkFlat\Runtime\Cache\Home\adad5d59f0ed29916ceafdad7098f5bb.php 第 155 行.
INFO: Run Behavior\ParseTemplateBehavior [ RunTime:0.285951s ]
INFO: [ view_parse ] --END-- [ RunTime:0.286020s ]
INFO: [ view_filter ] --START--
INFO: Run Behavior\WriteHtmlCacheBehavior [ RunTime:0.015191s ]
INFO: [ view_filter ] --END-- [ RunTime:0.015250s ]
INFO: [ app_end ] --START--
INFO: Run Behavior\ShowPageTraceBehavior [ RunTime:0.015570s ]
INFO: [ app_end ] --END-- [ RunTime:0.015651s ]

[ 2017-07-27T14:54:14+08:00 ] 127.0.0.1 /flat.php
INFO: [ app_init ] --START--
INFO: Run Behavior\BuildLiteBehavior [ RunTime:0.000019s ]
INFO: [ app_init ] --END-- [ RunTime:0.000625s ]
INFO: [ app_begin ] --START--
INFO: Run Behavior\ReadHtmlCacheBehavior [ RunTime:0.000969s ]
INFO: [ app_begin ] --END-- [ RunTime:0.008589s ]
NOTIC: [2048] Declaration of Home\Controller\EmptyController::error() should be compatible with Think\Controller::error($message = '', $jumpUrl = '', $ajax = false) E:\Web\WWW\ThinkFLAT\ThinkFlat\Home\Controller\EmptyController.class.php 第 41 行.
NOTIC: [2048] Declaration of Home\Controller\EmptyController::success() should be compatible with Think\Controller::success($message = '', $jumpUrl = '', $ajax = false) E:\Web\WWW\ThinkFLAT\ThinkFlat\Home\Controller\EmptyController.class.php 第 41 行.
INFO: [ view_parse ] --START--
INFO: [ template_filter ] --START--
INFO: Run Behavior\ContentReplaceBehavior [ RunTime:0.000384s ]
INFO: [ template_filter ] --END-- [ RunTime:0.000507s ]
NOTIC: [8] Undefined variable: pjax E:\Web\WWW\ThinkFLAT\ThinkFlat\Runtime\Cache\Home\adad5d59f0ed29916ceafdad7098f5bb.php 第 155 行.
INFO: Run Behavior\ParseTemplateBehavior [ RunTime:0.070604s ]
INFO: [ view_parse ] --END-- [ RunTime:0.070678s ]
INFO: [ view_filter ] --START--
INFO: Run Behavior\WriteHtmlCacheBehavior [ RunTime:0.001020s ]
INFO: [ view_filter ] --END-- [ RunTime:0.001080s ]
INFO: [ app_end ] --START--
INFO: Run Behavior\ShowPageTraceBehavior [ RunTime:0.000983s ]
INFO: [ app_end ] --END-- [ RunTime:0.001065s ]

[ 2017-07-27T14:55:59+08:00 ] 127.0.0.1 /flat.php
INFO: [ app_init ] --START--
INFO: Run Behavior\BuildLiteBehavior [ RunTime:0.000017s ]
INFO: [ app_init ] --END-- [ RunTime:0.000728s ]
INFO: [ app_begin ] --START--
INFO: Run Behavior\ReadHtmlCacheBehavior [ RunTime:0.000832s ]
INFO: [ app_begin ] --END-- [ RunTime:0.000912s ]
NOTIC: [2048] Declaration of Home\Controller\EmptyController::error() should be compatible with Think\Controller::error($message = '', $jumpUrl = '', $ajax = false) E:\Web\WWW\ThinkFLAT\ThinkFlat\Home\Controller\EmptyController.class.php 第 41 行.
NOTIC: [2048] Declaration of Home\Controller\EmptyController::success() should be compatible with Think\Controller::success($message = '', $jumpUrl = '', $ajax = false) E:\Web\WWW\ThinkFLAT\ThinkFlat\Home\Controller\EmptyController.class.php 第 41 行.
INFO: [ view_parse ] --START--
INFO: [ template_filter ] --START--
INFO: Run Behavior\ContentReplaceBehavior [ RunTime:0.000092s ]
INFO: [ template_filter ] --END-- [ RunTime:0.000137s ]
NOTIC: [8] Undefined variable: pjax E:\Web\WWW\ThinkFLAT\ThinkFlat\Runtime\Cache\Home\adad5d59f0ed29916ceafdad7098f5bb.php 第 155 行.
INFO: Run Behavior\ParseTemplateBehavior [ RunTime:0.039372s ]
INFO: [ view_parse ] --END-- [ RunTime:0.039410s ]
INFO: [ view_filter ] --START--
INFO: Run Behavior\WriteHtmlCacheBehavior [ RunTime:0.000296s ]
INFO: [ view_filter ] --END-- [ RunTime:0.000322s ]
INFO: [ app_end ] --START--
INFO: Run Behavior\ShowPageTraceBehavior [ RunTime:0.000838s ]
INFO: [ app_end ] --END-- [ RunTime:0.000915s ]

[ 2017-07-27T15:18:07+08:00 ] 127.0.0.1 /flat.php/substance/prereg.html
INFO: [ app_init ] --START--
INFO: Run Behavior\BuildLiteBehavior [ RunTime:0.000009s ]
INFO: [ app_init ] --END-- [ RunTime:0.000364s ]
INFO: [ app_begin ] --START--
INFO: Run Behavior\ReadHtmlCacheBehavior [ RunTime:0.000440s ]
INFO: [ app_begin ] --END-- [ RunTime:0.000477s ]
NOTIC: [2048] Declaration of Home\Controller\EmptyController::error() should be compatible with Think\Controller::error($message = '', $jumpUrl = '', $ajax = false) E:\Web\WWW\ThinkFLAT\ThinkFlat\Home\Controller\EmptyController.class.php 第 41 行.
NOTIC: [2048] Declaration of Home\Controller\EmptyController::success() should be compatible with Think\Controller::success($message = '', $jumpUrl = '', $ajax = false) E:\Web\WWW\ThinkFLAT\ThinkFlat\Home\Controller\EmptyController.class.php 第 41 行.
INFO: [ view_parse ] --START--
INFO: [ template_filter ] --START--
INFO: Run Behavior\ContentReplaceBehavior [ RunTime:0.000141s ]
INFO: [ template_filter ] --END-- [ RunTime:0.000231s ]
NOTIC: [8] Undefined variable: pjax E:\Web\WWW\ThinkFLAT\ThinkFlat\Runtime\Cache\Home\564e8ba16e4e48579c29a3b455201bd5.php 第 155 行.
INFO: Run Behavior\ParseTemplateBehavior [ RunTime:0.039281s ]
INFO: [ view_parse ] --END-- [ RunTime:0.039308s ]
INFO: [ view_filter ] --START--
INFO: Run Behavior\WriteHtmlCacheBehavior [ RunTime:0.000322s ]
INFO: [ view_filter ] --END-- [ RunTime:0.000344s ]
INFO: [ app_end ] --START--
INFO: Run Behavior\ShowPageTraceBehavior [ RunTime:0.000526s ]
INFO: [ app_end ] --END-- [ RunTime:0.000568s ]

[ 2017-07-27T15:29:45+08:00 ] 127.0.0.1 /flat.php
INFO: [ app_init ] --START--
INFO: Run Behavior\BuildLiteBehavior [ RunTime:0.000008s ]
INFO: [ app_init ] --END-- [ RunTime:0.000382s ]
INFO: [ app_begin ] --START--
INFO: Run Behavior\ReadHtmlCacheBehavior [ RunTime:0.000368s ]
INFO: [ app_begin ] --END-- [ RunTime:0.000397s ]
NOTIC: [2048] Declaration of Home\Controller\EmptyController::error() should be compatible with Think\Controller::error($message = '', $jumpUrl = '', $ajax = false) E:\Web\WWW\ThinkFLAT\ThinkFlat\Home\Controller\EmptyController.class.php 第 41 行.
NOTIC: [2048] Declaration of Home\Controller\EmptyController::success() should be compatible with Think\Controller::success($message = '', $jumpUrl = '', $ajax = false) E:\Web\WWW\ThinkFLAT\ThinkFlat\Home\Controller\EmptyController.class.php 第 41 行.
INFO: [ view_parse ] --START--
INFO: [ template_filter ] --START--
INFO: Run Behavior\ContentReplaceBehavior [ RunTime:0.000075s ]
INFO: [ template_filter ] --END-- [ RunTime:0.000117s ]
NOTIC: [8] Undefined variable: pjax E:\Web\WWW\ThinkFLAT\ThinkFlat\Runtime\Cache\Home\adad5d59f0ed29916ceafdad7098f5bb.php 第 155 行.
INFO: Run Behavior\ParseTemplateBehavior [ RunTime:0.026086s ]
INFO: [ view_parse ] --END-- [ RunTime:0.026126s ]
INFO: [ view_filter ] --START--
INFO: Run Behavior\WriteHtmlCacheBehavior [ RunTime:0.000428s ]
INFO: [ view_filter ] --END-- [ RunTime:0.000466s ]
INFO: [ app_end ] --START--
INFO: Run Behavior\ShowPageTraceBehavior [ RunTime:0.000556s ]
INFO: [ app_end ] --END-- [ RunTime:0.000605s ]

[ 2017-07-27T15:35:36+08:00 ] 127.0.0.1 /flat.php/Index/company.html
INFO: [ app_init ] --START--
INFO: Run Behavior\BuildLiteBehavior [ RunTime:0.000013s ]
INFO: [ app_init ] --END-- [ RunTime:0.000654s ]
INFO: [ app_begin ] --START--
INFO: Run Behavior\ReadHtmlCacheBehavior [ RunTime:0.000364s ]
INFO: [ app_begin ] --END-- [ RunTime:0.000398s ]
NOTIC: [2048] Declaration of Home\Controller\EmptyController::error() should be compatible with Think\Controller::error($message = '', $jumpUrl = '', $ajax = false) E:\Web\WWW\ThinkFLAT\ThinkFlat\Home\Controller\EmptyController.class.php 第 41 行.
NOTIC: [2048] Declaration of Home\Controller\EmptyController::success() should be compatible with Think\Controller::success($message = '', $jumpUrl = '', $ajax = false) E:\Web\WWW\ThinkFLAT\ThinkFlat\Home\Controller\EmptyController.class.php 第 41 行.
ERR: 模板不存在:./ThinkFlat/Home/View/default/./ThinkFlat/Home/View/default/Index/company.html.html

[ 2017-07-27T15:36:18+08:00 ] 127.0.0.1 /flat.php
INFO: [ app_init ] --START--
INFO: Run Behavior\BuildLiteBehavior [ RunTime:0.000007s ]
INFO: [ app_init ] --END-- [ RunTime:0.000265s ]
INFO: [ app_begin ] --START--
INFO: Run Behavior\ReadHtmlCacheBehavior [ RunTime:0.000287s ]
INFO: [ app_begin ] --END-- [ RunTime:0.000314s ]
NOTIC: [2048] Declaration of Home\Controller\EmptyController::error() should be compatible with Think\Controller::error($message = '', $jumpUrl = '', $ajax = false) E:\Web\WWW\ThinkFLAT\ThinkFlat\Home\Controller\EmptyController.class.php 第 41 行.
NOTIC: [2048] Declaration of Home\Controller\EmptyController::success() should be compatible with Think\Controller::success($message = '', $jumpUrl = '', $ajax = false) E:\Web\WWW\ThinkFLAT\ThinkFlat\Home\Controller\EmptyController.class.php 第 41 行.
INFO: [ view_parse ] --START--
INFO: [ template_filter ] --START--
INFO: Run Behavior\ContentReplaceBehavior [ RunTime:0.000064s ]
INFO: [ template_filter ] --END-- [ RunTime:0.000091s ]
NOTIC: [8] Undefined variable: pjax E:\Web\WWW\ThinkFLAT\ThinkFlat\Runtime\Cache\Home\adad5d59f0ed29916ceafdad7098f5bb.php 第 155 行.
INFO: Run Behavior\ParseTemplateBehavior [ RunTime:0.025409s ]
INFO: [ view_parse ] --END-- [ RunTime:0.025436s ]
INFO: [ view_filter ] --START--
INFO: Run Behavior\WriteHtmlCacheBehavior [ RunTime:0.000250s ]
INFO: [ view_filter ] --END-- [ RunTime:0.000271s ]
INFO: [ app_end ] --START--
INFO: Run Behavior\ShowPageTraceBehavior [ RunTime:0.000455s ]
INFO: [ app_end ] --END-- [ RunTime:0.000494s ]

[ 2017-07-27T15:36:29+08:00 ] 127.0.0.1 /flat.php/Index/company.html
INFO: [ app_init ] --START--
INFO: Run Behavior\BuildLiteBehavior [ RunTime:0.000012s ]
INFO: [ app_init ] --END-- [ RunTime:0.000274s ]
INFO: [ app_begin ] --START--
INFO: Run Behavior\ReadHtmlCacheBehavior [ RunTime:0.000323s ]
INFO: [ app_begin ] --END-- [ RunTime:0.000356s ]
NOTIC: [2048] Declaration of Home\Controller\EmptyController::error() should be compatible with Think\Controller::error($message = '', $jumpUrl = '', $ajax = false) E:\Web\WWW\ThinkFLAT\ThinkFlat\Home\Controller\EmptyController.class.php 第 41 行.
NOTIC: [2048] Declaration of Home\Controller\EmptyController::success() should be compatible with Think\Controller::success($message = '', $jumpUrl = '', $ajax = false) E:\Web\WWW\ThinkFLAT\ThinkFlat\Home\Controller\EmptyController.class.php 第 41 行.
ERR: 模板不存在:./ThinkFlat/Home/View/default/./ThinkFlat/Home/View/default/Index/company.html.html

[ 2017-07-27T15:40:23+08:00 ] 127.0.0.1 /flat.php
INFO: [ app_init ] --START--
INFO: Run Behavior\BuildLiteBehavior [ RunTime:0.000009s ]
INFO: [ app_init ] --END-- [ RunTime:0.000366s ]
INFO: [ app_begin ] --START--
INFO: Run Behavior\ReadHtmlCacheBehavior [ RunTime:0.000402s ]
INFO: [ app_begin ] --END-- [ RunTime:0.000432s ]
NOTIC: [2048] Declaration of Home\Controller\EmptyController::error() should be compatible with Think\Controller::error($message = '', $jumpUrl = '', $ajax = false) E:\Web\WWW\ThinkFLAT\ThinkFlat\Home\Controller\EmptyController.class.php 第 41 行.
NOTIC: [2048] Declaration of Home\Controller\EmptyController::success() should be compatible with Think\Controller::success($message = '', $jumpUrl = '', $ajax = false) E:\Web\WWW\ThinkFLAT\ThinkFlat\Home\Controller\EmptyController.class.php 第 41 行.
INFO: [ view_parse ] --START--
INFO: [ template_filter ] --START--
INFO: Run Behavior\ContentReplaceBehavior [ RunTime:0.000068s ]
INFO: [ template_filter ] --END-- [ RunTime:0.000100s ]
NOTIC: [8] Undefined variable: pjax E:\Web\WWW\ThinkFLAT\ThinkFlat\Runtime\Cache\Home\adad5d59f0ed29916ceafdad7098f5bb.php 第 155 行.
INFO: Run Behavior\ParseTemplateBehavior [ RunTime:0.026124s ]
INFO: [ view_parse ] --END-- [ RunTime:0.026157s ]
INFO: [ view_filter ] --START--
INFO: Run Behavior\WriteHtmlCacheBehavior [ RunTime:0.000413s ]
INFO: [ view_filter ] --END-- [ RunTime:0.000443s ]
INFO: [ app_end ] --START--
INFO: Run Behavior\ShowPageTraceBehavior [ RunTime:0.000569s ]
INFO: [ app_end ] --END-- [ RunTime:0.000622s ]

[ 2017-07-27T15:42:31+08:00 ] 127.0.0.1 /flat.php
INFO: [ app_init ] --START--
INFO: Run Behavior\BuildLiteBehavior [ RunTime:0.000015s ]
INFO: [ app_init ] --END-- [ RunTime:0.000565s ]
INFO: [ app_begin ] --START--
INFO: Run Behavior\ReadHtmlCacheBehavior [ RunTime:0.000456s ]
INFO: [ app_begin ] --END-- [ RunTime:0.000499s ]
NOTIC: [2048] Declaration of Home\Controller\EmptyController::error() should be compatible with Think\Controller::error($message = '', $jumpUrl = '', $ajax = false) E:\Web\WWW\ThinkFLAT\ThinkFlat\Home\Controller\EmptyController.class.php 第 41 行.
NOTIC: [2048] Declaration of Home\Controller\EmptyController::success() should be compatible with Think\Controller::success($message = '', $jumpUrl = '', $ajax = false) E:\Web\WWW\ThinkFLAT\ThinkFlat\Home\Controller\EmptyController.class.php 第 41 行.
INFO: [ view_parse ] --START--
INFO: [ template_filter ] --START--
INFO: Run Behavior\ContentReplaceBehavior [ RunTime:0.000079s ]
INFO: [ template_filter ] --END-- [ RunTime:0.000147s ]
NOTIC: [8] Undefined variable: pjax E:\Web\WWW\ThinkFLAT\ThinkFlat\Runtime\Cache\Home\adad5d59f0ed29916ceafdad7098f5bb.php 第 155 行.
INFO: Run Behavior\ParseTemplateBehavior [ RunTime:0.028860s ]
INFO: [ view_parse ] --END-- [ RunTime:0.028889s ]
INFO: [ view_filter ] --START--
INFO: Run Behavior\WriteHtmlCacheBehavior [ RunTime:0.000463s ]
INFO: [ view_filter ] --END-- [ RunTime:0.000502s ]
INFO: [ app_end ] --START--
INFO: Run Behavior\ShowPageTraceBehavior [ RunTime:0.000759s ]
INFO: [ app_end ] --END-- [ RunTime:0.000816s ]

[ 2017-07-27T15:42:33+08:00 ] 127.0.0.1 /flat.php/Index/company.html
INFO: [ app_init ] --START--
INFO: Run Behavior\BuildLiteBehavior [ RunTime:0.000007s ]
INFO: [ app_init ] --END-- [ RunTime:0.000293s ]
INFO: [ app_begin ] --START--
INFO: Run Behavior\ReadHtmlCacheBehavior [ RunTime:0.000374s ]
INFO: [ app_begin ] --END-- [ RunTime:0.000403s ]
NOTIC: [2048] Declaration of Home\Controller\EmptyController::error() should be compatible with Think\Controller::error($message = '', $jumpUrl = '', $ajax = false) E:\Web\WWW\ThinkFLAT\ThinkFlat\Home\Controller\EmptyController.class.php 第 41 行.
NOTIC: [2048] Declaration of Home\Controller\EmptyController::success() should be compatible with Think\Controller::success($message = '', $jumpUrl = '', $ajax = false) E:\Web\WWW\ThinkFLAT\ThinkFlat\Home\Controller\EmptyController.class.php 第 41 行.
ERR: 模板不存在:./ThinkFlat/Home/View/default/./ThinkFlat/Home/View/default/Index/company.html.html

[ 2017-07-27T15:42:34+08:00 ] 127.0.0.1 /flat.php/Index/company.html
INFO: [ app_init ] --START--
INFO: Run Behavior\BuildLiteBehavior [ RunTime:0.000021s ]
INFO: [ app_init ] --END-- [ RunTime:0.000881s ]
INFO: [ app_begin ] --START--
INFO: Run Behavior\ReadHtmlCacheBehavior [ RunTime:0.000830s ]
INFO: [ app_begin ] --END-- [ RunTime:0.000892s ]
NOTIC: [2048] Declaration of Home\Controller\EmptyController::error() should be compatible with Think\Controller::error($message = '', $jumpUrl = '', $ajax = false) E:\Web\WWW\ThinkFLAT\ThinkFlat\Home\Controller\EmptyController.class.php 第 41 行.
NOTIC: [2048] Declaration of Home\Controller\EmptyController::success() should be compatible with Think\Controller::success($message = '', $jumpUrl = '', $ajax = false) E:\Web\WWW\ThinkFLAT\ThinkFlat\Home\Controller\EmptyController.class.php 第 41 行.
ERR: 模板不存在:./ThinkFlat/Home/View/default/./ThinkFlat/Home/View/default/Index/company.html.html

[ 2017-07-27T15:45:23+08:00 ] 127.0.0.1 /flat.php
INFO: [ app_init ] --START--
INFO: Run Behavior\BuildLiteBehavior [ RunTime:0.000029s ]
INFO: [ app_init ] --END-- [ RunTime:0.001436s ]
INFO: [ app_begin ] --START--
INFO: Run Behavior\ReadHtmlCacheBehavior [ RunTime:0.001010s ]
INFO: [ app_begin ] --END-- [ RunTime:0.001106s ]
NOTIC: [2048] Declaration of Home\Controller\EmptyController::error() should be compatible with Think\Controller::error($message = '', $jumpUrl = '', $ajax = false) E:\Web\WWW\ThinkFLAT\ThinkFlat\Home\Controller\EmptyController.class.php 第 41 行.
NOTIC: [2048] Declaration of Home\Controller\EmptyController::success() should be compatible with Think\Controller::success($message = '', $jumpUrl = '', $ajax = false) E:\Web\WWW\ThinkFLAT\ThinkFlat\Home\Controller\EmptyController.class.php 第 41 行.
INFO: [ view_parse ] --START--
INFO: [ template_filter ] --START--
INFO: Run Behavior\ContentReplaceBehavior [ RunTime:0.000070s ]
INFO: [ template_filter ] --END-- [ RunTime:0.000104s ]
NOTIC: [8] Undefined variable: pjax E:\Web\WWW\ThinkFLAT\ThinkFlat\Runtime\Cache\Home\adad5d59f0ed29916ceafdad7098f5bb.php 第 155 行.
INFO: Run Behavior\ParseTemplateBehavior [ RunTime:0.048941s ]
INFO: [ view_parse ] --END-- [ RunTime:0.048970s ]
INFO: [ view_filter ] --START--
INFO: Run Behavior\WriteHtmlCacheBehavior [ RunTime:0.000282s ]
INFO: [ view_filter ] --END-- [ RunTime:0.000305s ]
INFO: [ app_end ] --START--
INFO: Run Behavior\ShowPageTraceBehavior [ RunTime:0.000571s ]
INFO: [ app_end ] --END-- [ RunTime:0.000613s ]

[ 2017-07-27T15:46:45+08:00 ] 127.0.0.1 /flat.php
INFO: [ app_init ] --START--
INFO: Run Behavior\BuildLiteBehavior [ RunTime:0.000007s ]
INFO: [ app_init ] --END-- [ RunTime:0.000319s ]
INFO: [ app_begin ] --START--
INFO: Run Behavior\ReadHtmlCacheBehavior [ RunTime:0.000592s ]
INFO: [ app_begin ] --END-- [ RunTime:0.000661s ]
NOTIC: [2048] Declaration of Home\Controller\EmptyController::error() should be compatible with Think\Controller::error($message = '', $jumpUrl = '', $ajax = false) E:\Web\WWW\ThinkFLAT\ThinkFlat\Home\Controller\EmptyController.class.php 第 41 行.
NOTIC: [2048] Declaration of Home\Controller\EmptyController::success() should be compatible with Think\Controller::success($message = '', $jumpUrl = '', $ajax = false) E:\Web\WWW\ThinkFLAT\ThinkFlat\Home\Controller\EmptyController.class.php 第 41 行.
INFO: [ view_parse ] --START--
INFO: [ template_filter ] --START--
INFO: Run Behavior\ContentReplaceBehavior [ RunTime:0.000068s ]
INFO: [ template_filter ] --END-- [ RunTime:0.000105s ]
NOTIC: [8] Undefined variable: pjax E:\Web\WWW\ThinkFLAT\ThinkFlat\Runtime\Cache\Home\adad5d59f0ed29916ceafdad7098f5bb.php 第 155 行.
INFO: Run Behavior\ParseTemplateBehavior [ RunTime:0.026485s ]
INFO: [ view_parse ] --END-- [ RunTime:0.026511s ]
INFO: [ view_filter ] --START--
INFO: Run Behavior\WriteHtmlCacheBehavior [ RunTime:0.000270s ]
INFO: [ view_filter ] --END-- [ RunTime:0.000295s ]
INFO: [ app_end ] --START--
INFO: Run Behavior\ShowPageTraceBehavior [ RunTime:0.000690s ]
INFO: [ app_end ] --END-- [ RunTime:0.000750s ]

[ 2017-07-27T15:54:17+08:00 ] 127.0.0.1 /flat.php
INFO: [ app_init ] --START--
INFO: Run Behavior\BuildLiteBehavior [ RunTime:0.000007s ]
INFO: [ app_init ] --END-- [ RunTime:0.000355s ]
INFO: [ app_begin ] --START--
INFO: Run Behavior\ReadHtmlCacheBehavior [ RunTime:0.000387s ]
INFO: [ app_begin ] --END-- [ RunTime:0.000416s ]
NOTIC: [2048] Declaration of Home\Controller\EmptyController::error() should be compatible with Think\Controller::error($message = '', $jumpUrl = '', $ajax = false) E:\Web\WWW\ThinkFLAT\ThinkFlat\Home\Controller\EmptyController.class.php 第 41 行.
NOTIC: [2048] Declaration of Home\Controller\EmptyController::success() should be compatible with Think\Controller::success($message = '', $jumpUrl = '', $ajax = false) E:\Web\WWW\ThinkFLAT\ThinkFlat\Home\Controller\EmptyController.class.php 第 41 行.
INFO: [ view_parse ] --START--
INFO: [ template_filter ] --START--
INFO: Run Behavior\ContentReplaceBehavior [ RunTime:0.000062s ]
INFO: [ template_filter ] --END-- [ RunTime:0.000090s ]
NOTIC: [8] Undefined variable: pjax E:\Web\WWW\ThinkFLAT\ThinkFlat\Runtime\Cache\Home\adad5d59f0ed29916ceafdad7098f5bb.php 第 155 行.
INFO: Run Behavior\ParseTemplateBehavior [ RunTime:0.027142s ]
INFO: [ view_parse ] --END-- [ RunTime:0.027180s ]
INFO: [ view_filter ] --START--
INFO: Run Behavior\WriteHtmlCacheBehavior [ RunTime:0.000317s ]
INFO: [ view_filter ] --END-- [ RunTime:0.000339s ]
INFO: [ app_end ] --START--
INFO: Run Behavior\ShowPageTraceBehavior [ RunTime:0.000482s ]
INFO: [ app_end ] --END-- [ RunTime:0.000519s ]

[ 2017-07-27T16:08:31+08:00 ] 127.0.0.1 /flat.php
INFO: [ app_init ] --START--
INFO: Run Behavior\BuildLiteBehavior [ RunTime:0.000010s ]
INFO: [ app_init ] --END-- [ RunTime:0.000517s ]
INFO: [ app_begin ] --START--
INFO: Run Behavior\ReadHtmlCacheBehavior [ RunTime:0.000569s ]
INFO: [ app_begin ] --END-- [ RunTime:0.000620s ]
NOTIC: [2048] Declaration of Home\Controller\EmptyController::error() should be compatible with Think\Controller::error($message = '', $jumpUrl = '', $ajax = false) E:\Web\WWW\ThinkFLAT\ThinkFlat\Home\Controller\EmptyController.class.php 第 41 行.
NOTIC: [2048] Declaration of Home\Controller\EmptyController::success() should be compatible with Think\Controller::success($message = '', $jumpUrl = '', $ajax = false) E:\Web\WWW\ThinkFLAT\ThinkFlat\Home\Controller\EmptyController.class.php 第 41 行.
INFO: [ view_parse ] --START--
INFO: [ template_filter ] --START--
INFO: Run Behavior\ContentReplaceBehavior [ RunTime:0.000098s ]
INFO: [ template_filter ] --END-- [ RunTime:0.000140s ]
NOTIC: [8] Undefined variable: pjax E:\Web\WWW\ThinkFLAT\ThinkFlat\Runtime\Cache\Home\adad5d59f0ed29916ceafdad7098f5bb.php 第 155 行.
INFO: Run Behavior\ParseTemplateBehavior [ RunTime:0.029538s ]
INFO: [ view_parse ] --END-- [ RunTime:0.029569s ]
INFO: [ view_filter ] --START--
INFO: Run Behavior\WriteHtmlCacheBehavior [ RunTime:0.000315s ]
INFO: [ view_filter ] --END-- [ RunTime:0.000337s ]
INFO: [ app_end ] --START--
INFO: Run Behavior\ShowPageTraceBehavior [ RunTime:0.000506s ]
INFO: [ app_end ] --END-- [ RunTime:0.000546s ]

[ 2017-07-27T16:13:27+08:00 ] 127.0.0.1 /flat.php/Index/company.html
INFO: [ app_init ] --START--
INFO: Run Behavior\BuildLiteBehavior [ RunTime:0.000008s ]
INFO: [ app_init ] --END-- [ RunTime:0.000293s ]
INFO: [ app_begin ] --START--
INFO: Run Behavior\ReadHtmlCacheBehavior [ RunTime:0.000361s ]
INFO: [ app_begin ] --END-- [ RunTime:0.000400s ]
NOTIC: [2048] Declaration of Home\Controller\EmptyController::error() should be compatible with Think\Controller::error($message = '', $jumpUrl = '', $ajax = false) E:\Web\WWW\ThinkFLAT\ThinkFlat\Home\Controller\EmptyController.class.php 第 41 行.
NOTIC: [2048] Declaration of Home\Controller\EmptyController::success() should be compatible with Think\Controller::success($message = '', $jumpUrl = '', $ajax = false) E:\Web\WWW\ThinkFLAT\ThinkFlat\Home\Controller\EmptyController.class.php 第 41 行.
ERR: 模板不存在:./ThinkFlat/Home/View/default/./ThinkFlat/Home/View/default/Index/company.html.html

[ 2017-07-27T16:14:52+08:00 ] 127.0.0.1 /flat.php
INFO: [ app_init ] --START--
INFO: Run Behavior\BuildLiteBehavior [ RunTime:0.000007s ]
INFO: [ app_init ] --END-- [ RunTime:0.000264s ]
INFO: [ app_begin ] --START--
INFO: Run Behavior\ReadHtmlCacheBehavior [ RunTime:0.000315s ]
INFO: [ app_begin ] --END-- [ RunTime:0.000344s ]
NOTIC: [2048] Declaration of Home\Controller\EmptyController::error() should be compatible with Think\Controller::error($message = '', $jumpUrl = '', $ajax = false) E:\Web\WWW\ThinkFLAT\ThinkFlat\Home\Controller\EmptyController.class.php 第 41 行.
NOTIC: [2048] Declaration of Home\Controller\EmptyController::success() should be compatible with Think\Controller::success($message = '', $jumpUrl = '', $ajax = false) E:\Web\WWW\ThinkFLAT\ThinkFlat\Home\Controller\EmptyController.class.php 第 41 行.
INFO: [ view_parse ] --START--
INFO: [ template_filter ] --START--
INFO: Run Behavior\ContentReplaceBehavior [ RunTime:0.000128s ]
INFO: [ template_filter ] --END-- [ RunTime:0.000194s ]
NOTIC: [8] Undefined variable: pjax E:\Web\WWW\ThinkFLAT\ThinkFlat\Runtime\Cache\Home\adad5d59f0ed29916ceafdad7098f5bb.php 第 155 行.
INFO: Run Behavior\ParseTemplateBehavior [ RunTime:0.029666s ]
INFO: [ view_parse ] --END-- [ RunTime:0.029696s ]
INFO: [ view_filter ] --START--
INFO: Run Behavior\WriteHtmlCacheBehavior [ RunTime:0.000271s ]
INFO: [ view_filter ] --END-- [ RunTime:0.000292s ]
INFO: [ app_end ] --START--
INFO: Run Behavior\ShowPageTraceBehavior [ RunTime:0.000552s ]
INFO: [ app_end ] --END-- [ RunTime:0.000618s ]

[ 2017-07-27T16:17:05+08:00 ] 127.0.0.1 /flat.php
INFO: [ app_init ] --START--
INFO: Run Behavior\BuildLiteBehavior [ RunTime:0.000025s ]
INFO: [ app_init ] --END-- [ RunTime:0.000965s ]
INFO: [ app_begin ] --START--
INFO: Run Behavior\ReadHtmlCacheBehavior [ RunTime:0.001092s ]
INFO: [ app_begin ] --END-- [ RunTime:0.001166s ]
NOTIC: [2048] Declaration of Home\Controller\EmptyController::error() should be compatible with Think\Controller::error($message = '', $jumpUrl = '', $ajax = false) E:\Web\WWW\ThinkFLAT\ThinkFlat\Home\Controller\EmptyController.class.php 第 41 行.
NOTIC: [2048] Declaration of Home\Controller\EmptyController::success() should be compatible with Think\Controller::success($message = '', $jumpUrl = '', $ajax = false) E:\Web\WWW\ThinkFLAT\ThinkFlat\Home\Controller\EmptyController.class.php 第 41 行.
INFO: [ view_parse ] --START--
INFO: [ template_filter ] --START--
INFO: Run Behavior\ContentReplaceBehavior [ RunTime:0.000084s ]
INFO: [ template_filter ] --END-- [ RunTime:0.000120s ]
NOTIC: [8] Undefined variable: pjax E:\Web\WWW\ThinkFLAT\ThinkFlat\Runtime\Cache\Home\adad5d59f0ed29916ceafdad7098f5bb.php 第 155 行.
INFO: Run Behavior\ParseTemplateBehavior [ RunTime:0.030724s ]
INFO: [ view_parse ] --END-- [ RunTime:0.030756s ]
INFO: [ view_filter ] --START--
INFO: Run Behavior\WriteHtmlCacheBehavior [ RunTime:0.000337s ]
INFO: [ view_filter ] --END-- [ RunTime:0.000368s ]
INFO: [ app_end ] --START--
INFO: Run Behavior\ShowPageTraceBehavior [ RunTime:0.000517s ]
INFO: [ app_end ] --END-- [ RunTime:0.000564s ]

[ 2017-07-27T16:31:49+08:00 ] 127.0.0.1 /flat.php
INFO: [ app_init ] --START--
INFO: Run Behavior\BuildLiteBehavior [ RunTime:0.000008s ]
INFO: [ app_init ] --END-- [ RunTime:0.000354s ]
INFO: [ app_begin ] --START--
INFO: Run Behavior\ReadHtmlCacheBehavior [ RunTime:0.000396s ]
INFO: [ app_begin ] --END-- [ RunTime:0.000430s ]
NOTIC: [2048] Declaration of Home\Controller\EmptyController::error() should be compatible with Think\Controller::error($message = '', $jumpUrl = '', $ajax = false) E:\Web\WWW\ThinkFLAT\ThinkFlat\Home\Controller\EmptyController.class.php 第 41 行.
NOTIC: [2048] Declaration of Home\Controller\EmptyController::success() should be compatible with Think\Controller::success($message = '', $jumpUrl = '', $ajax = false) E:\Web\WWW\ThinkFLAT\ThinkFlat\Home\Controller\EmptyController.class.php 第 41 行.
INFO: [ view_parse ] --START--
INFO: [ template_filter ] --START--
INFO: Run Behavior\ContentReplaceBehavior [ RunTime:0.000064s ]
INFO: [ template_filter ] --END-- [ RunTime:0.000090s ]
NOTIC: [8] Undefined variable: pjax E:\Web\WWW\ThinkFLAT\ThinkFlat\Runtime\Cache\Home\adad5d59f0ed29916ceafdad7098f5bb.php 第 155 行.
INFO: Run Behavior\ParseTemplateBehavior [ RunTime:0.024917s ]
INFO: [ view_parse ] --END-- [ RunTime:0.024953s ]
INFO: [ view_filter ] --START--
INFO: Run Behavior\WriteHtmlCacheBehavior [ RunTime:0.000371s ]
INFO: [ view_filter ] --END-- [ RunTime:0.000399s ]
INFO: [ app_end ] --START--
INFO: Run Behavior\ShowPageTraceBehavior [ RunTime:0.000598s ]
INFO: [ app_end ] --END-- [ RunTime:0.000644s ]

[ 2017-07-27T17:04:37+08:00 ] 127.0.0.1 /flat.php/substance/prereg.html
INFO: [ app_init ] --START--
INFO: Run Behavior\BuildLiteBehavior [ RunTime:0.000010s ]
INFO: [ app_init ] --END-- [ RunTime:0.000433s ]
INFO: [ app_begin ] --START--
INFO: Run Behavior\ReadHtmlCacheBehavior [ RunTime:0.000416s ]
INFO: [ app_begin ] --END-- [ RunTime:0.000448s ]
NOTIC: [2048] Declaration of Home\Controller\EmptyController::error() should be compatible with Think\Controller::error($message = '', $jumpUrl = '', $ajax = false) E:\Web\WWW\ThinkFLAT\ThinkFlat\Home\Controller\EmptyController.class.php 第 41 行.
NOTIC: [2048] Declaration of Home\Controller\EmptyController::success() should be compatible with Think\Controller::success($message = '', $jumpUrl = '', $ajax = false) E:\Web\WWW\ThinkFLAT\ThinkFlat\Home\Controller\EmptyController.class.php 第 41 行.
INFO: [ view_parse ] --START--
INFO: [ template_filter ] --START--
INFO: Run Behavior\ContentReplaceBehavior [ RunTime:0.000066s ]
INFO: [ template_filter ] --END-- [ RunTime:0.000104s ]
NOTIC: [8] Undefined variable: pjax E:\Web\WWW\ThinkFLAT\ThinkFlat\Runtime\Cache\Home\564e8ba16e4e48579c29a3b455201bd5.php 第 155 行.
INFO: Run Behavior\ParseTemplateBehavior [ RunTime:0.038851s ]
INFO: [ view_parse ] --END-- [ RunTime:0.038883s ]
INFO: [ view_filter ] --START--
INFO: Run Behavior\WriteHtmlCacheBehavior [ RunTime:0.000406s ]
INFO: [ view_filter ] --END-- [ RunTime:0.000432s ]
INFO: [ app_end ] --START--
INFO: Run Behavior\ShowPageTraceBehavior [ RunTime:0.000642s ]
INFO: [ app_end ] --END-- [ RunTime:0.000691s ]

[ 2017-07-27T17:33:01+08:00 ] 127.0.0.1 /flat.php
INFO: [ app_init ] --START--
INFO: Run Behavior\BuildLiteBehavior [ RunTime:0.000008s ]
INFO: [ app_init ] --END-- [ RunTime:0.000368s ]
INFO: [ app_begin ] --START--
INFO: Run Behavior\ReadHtmlCacheBehavior [ RunTime:0.000369s ]
INFO: [ app_begin ] --END-- [ RunTime:0.000407s ]
NOTIC: [2048] Declaration of Home\Controller\EmptyController::error() should be compatible with Think\Controller::error($message = '', $jumpUrl = '', $ajax = false) E:\Web\WWW\ThinkFLAT\ThinkFlat\Home\Controller\EmptyController.class.php 第 41 行.
NOTIC: [2048] Declaration of Home\Controller\EmptyController::success() should be compatible with Think\Controller::success($message = '', $jumpUrl = '', $ajax = false) E:\Web\WWW\ThinkFLAT\ThinkFlat\Home\Controller\EmptyController.class.php 第 41 行.
INFO: [ view_parse ] --START--
INFO: [ template_filter ] --START--
INFO: Run Behavior\ContentReplaceBehavior [ RunTime:0.000064s ]
INFO: [ template_filter ] --END-- [ RunTime:0.000094s ]
NOTIC: [8] Undefined variable: pjax E:\Web\WWW\ThinkFLAT\ThinkFlat\Runtime\Cache\Home\adad5d59f0ed29916ceafdad7098f5bb.php 第 155 行.
INFO: Run Behavior\ParseTemplateBehavior [ RunTime:0.048238s ]
INFO: [ view_parse ] --END-- [ RunTime:0.048264s ]
INFO: [ view_filter ] --START--
INFO: Run Behavior\WriteHtmlCacheBehavior [ RunTime:0.000287s ]
INFO: [ view_filter ] --END-- [ RunTime:0.000309s ]
INFO: [ app_end ] --START--
INFO: Run Behavior\ShowPageTraceBehavior [ RunTime:0.000479s ]
INFO: [ app_end ] --END-- [ RunTime:0.000518s ]

[ 2017-07-27T18:03:18+08:00 ] 127.0.0.1 /flat.php
INFO: [ app_init ] --START--
INFO: Run Behavior\BuildLiteBehavior [ RunTime:0.000036s ]
INFO: [ app_init ] --END-- [ RunTime:0.008303s ]
INFO: [ app_begin ] --START--
INFO: Run Behavior\ReadHtmlCacheBehavior [ RunTime:0.015303s ]
INFO: [ app_begin ] --END-- [ RunTime:0.015345s ]
NOTIC: [2048] Declaration of Home\Controller\EmptyController::error() should be compatible with Think\Controller::error($message = '', $jumpUrl = '', $ajax = false) E:\Web\WWW\ThinkFLAT\ThinkFlat\Home\Controller\EmptyController.class.php 第 41 行.
NOTIC: [2048] Declaration of Home\Controller\EmptyController::success() should be compatible with Think\Controller::success($message = '', $jumpUrl = '', $ajax = false) E:\Web\WWW\ThinkFLAT\ThinkFlat\Home\Controller\EmptyController.class.php 第 41 行.
INFO: [ view_parse ] --START--
INFO: [ template_filter ] --START--
INFO: Run Behavior\ContentReplaceBehavior [ RunTime:0.000077s ]
INFO: [ template_filter ] --END-- [ RunTime:0.000123s ]
NOTIC: [8] Undefined variable: pjax E:\Web\WWW\ThinkFLAT\ThinkFlat\Runtime\Cache\Home\adad5d59f0ed29916ceafdad7098f5bb.php 第 155 行.
INFO: Run Behavior\ParseTemplateBehavior [ RunTime:0.184393s ]
INFO: [ view_parse ] --END-- [ RunTime:0.184445s ]
INFO: [ view_filter ] --START--
INFO: Run Behavior\WriteHtmlCacheBehavior [ RunTime:0.009024s ]
INFO: [ view_filter ] --END-- [ RunTime:0.009090s ]
INFO: [ app_end ] --START--
INFO: Run Behavior\ShowPageTraceBehavior [ RunTime:0.008526s ]
INFO: [ app_end ] --END-- [ RunTime:0.008579s ]

[ 2017-07-27T18:03:47+08:00 ] 127.0.0.1 /flat.php
INFO: [ app_init ] --START--
INFO: Run Behavior\BuildLiteBehavior [ RunTime:0.000021s ]
INFO: [ app_init ] --END-- [ RunTime:0.000623s ]
INFO: [ app_begin ] --START--
INFO: Run Behavior\ReadHtmlCacheBehavior [ RunTime:0.000771s ]
INFO: [ app_begin ] --END-- [ RunTime:0.000824s ]
NOTIC: [2048] Declaration of Home\Controller\EmptyController::error() should be compatible with Think\Controller::error($message = '', $jumpUrl = '', $ajax = false) E:\Web\WWW\ThinkFLAT\ThinkFlat\Home\Controller\EmptyController.class.php 第 41 行.
NOTIC: [2048] Declaration of Home\Controller\EmptyController::success() should be compatible with Think\Controller::success($message = '', $jumpUrl = '', $ajax = false) E:\Web\WWW\ThinkFLAT\ThinkFlat\Home\Controller\EmptyController.class.php 第 41 行.
INFO: [ view_parse ] --START--
INFO: [ template_filter ] --START--
INFO: Run Behavior\ContentReplaceBehavior [ RunTime:0.000067s ]
INFO: [ template_filter ] --END-- [ RunTime:0.000100s ]
NOTIC: [8] Undefined variable: pjax E:\Web\WWW\ThinkFLAT\ThinkFlat\Runtime\Cache\Home\adad5d59f0ed29916ceafdad7098f5bb.php 第 155 行.
INFO: Run Behavior\ParseTemplateBehavior [ RunTime:0.038154s ]
INFO: [ view_parse ] --END-- [ RunTime:0.038189s ]
INFO: [ view_filter ] --START--
INFO: Run Behavior\WriteHtmlCacheBehavior [ RunTime:0.000293s ]
INFO: [ view_filter ] --END-- [ RunTime:0.000323s ]
INFO: [ app_end ] --START--
INFO: Run Behavior\ShowPageTraceBehavior [ RunTime:0.002534s ]
INFO: [ app_end ] --END-- [ RunTime:0.002640s ]

[ 2017-07-27T18:07:04+08:00 ] 127.0.0.1 /flat.php
INFO: [ app_init ] --START--
INFO: Run Behavior\BuildLiteBehavior [ RunTime:0.000009s ]
INFO: [ app_init ] --END-- [ RunTime:0.000299s ]
INFO: [ app_begin ] --START--
INFO: Run Behavior\ReadHtmlCacheBehavior [ RunTime:0.000347s ]
INFO: [ app_begin ] --END-- [ RunTime:0.000386s ]
NOTIC: [2048] Declaration of Home\Controller\EmptyController::error() should be compatible with Think\Controller::error($message = '', $jumpUrl = '', $ajax = false) E:\Web\WWW\ThinkFLAT\ThinkFlat\Home\Controller\EmptyController.class.php 第 41 行.
NOTIC: [2048] Declaration of Home\Controller\EmptyController::success() should be compatible with Think\Controller::success($message = '', $jumpUrl = '', $ajax = false) E:\Web\WWW\ThinkFLAT\ThinkFlat\Home\Controller\EmptyController.class.php 第 41 行.
INFO: [ view_parse ] --START--
INFO: [ template_filter ] --START--
INFO: Run Behavior\ContentReplaceBehavior [ RunTime:0.000097s ]
INFO: [ template_filter ] --END-- [ RunTime:0.000149s ]
NOTIC: [8] Undefined variable: pjax E:\Web\WWW\ThinkFLAT\ThinkFlat\Runtime\Cache\Home\adad5d59f0ed29916ceafdad7098f5bb.php 第 155 行.
INFO: Run Behavior\ParseTemplateBehavior [ RunTime:0.044908s ]
INFO: [ view_parse ] --END-- [ RunTime:0.044948s ]
INFO: [ view_filter ] --START--
INFO: Run Behavior\WriteHtmlCacheBehavior [ RunTime:0.000472s ]
INFO: [ view_filter ] --END-- [ RunTime:0.000498s ]
INFO: [ app_end ] --START--
INFO: Run Behavior\ShowPageTraceBehavior [ RunTime:0.000742s ]
INFO: [ app_end ] --END-- [ RunTime:0.000792s ]

[ 2017-07-27T18:09:32+08:00 ] 127.0.0.1 /flat.php/substance/prereg.html
INFO: [ app_init ] --START--
INFO: Run Behavior\BuildLiteBehavior [ RunTime:0.000010s ]
INFO: [ app_init ] --END-- [ RunTime:0.000389s ]
INFO: [ app_begin ] --START--
INFO: Run Behavior\ReadHtmlCacheBehavior [ RunTime:0.000408s ]
INFO: [ app_begin ] --END-- [ RunTime:0.000440s ]
NOTIC: [2048] Declaration of Home\Controller\EmptyController::error() should be compatible with Think\Controller::error($message = '', $jumpUrl = '', $ajax = false) E:\Web\WWW\ThinkFLAT\ThinkFlat\Home\Controller\EmptyController.class.php 第 41 行.
NOTIC: [2048] Declaration of Home\Controller\EmptyController::success() should be compatible with Think\Controller::success($message = '', $jumpUrl = '', $ajax = false) E:\Web\WWW\ThinkFLAT\ThinkFlat\Home\Controller\EmptyController.class.php 第 41 行.
INFO: [ view_parse ] --START--
INFO: [ template_filter ] --START--
INFO: Run Behavior\ContentReplaceBehavior [ RunTime:0.000059s ]
INFO: [ template_filter ] --END-- [ RunTime:0.000089s ]
NOTIC: [8] Undefined variable: pjax E:\Web\WWW\ThinkFLAT\ThinkFlat\Runtime\Cache\Home\564e8ba16e4e48579c29a3b455201bd5.php 第 155 行.
INFO: Run Behavior\ParseTemplateBehavior [ RunTime:0.045143s ]
INFO: [ view_parse ] --END-- [ RunTime:0.045170s ]
INFO: [ view_filter ] --START--
INFO: Run Behavior\WriteHtmlCacheBehavior [ RunTime:0.000370s ]
INFO: [ view_filter ] --END-- [ RunTime:0.000394s ]
INFO: [ app_end ] --START--
INFO: Run Behavior\ShowPageTraceBehavior [ RunTime:0.000861s ]
INFO: [ app_end ] --END-- [ RunTime:0.000918s ]

[ 2017-07-27T18:09:40+08:00 ] 127.0.0.1 /flat.php/substance/prereg.html
INFO: [ app_init ] --START--
INFO: Run Behavior\BuildLiteBehavior [ RunTime:0.000009s ]
INFO: [ app_init ] --END-- [ RunTime:0.000322s ]
INFO: [ app_begin ] --START--
INFO: Run Behavior\ReadHtmlCacheBehavior [ RunTime:0.000625s ]
INFO: [ app_begin ] --END-- [ RunTime:0.000695s ]
NOTIC: [2048] Declaration of Home\Controller\EmptyController::error() should be compatible with Think\Controller::error($message = '', $jumpUrl = '', $ajax = false) E:\Web\WWW\ThinkFLAT\ThinkFlat\Home\Controller\EmptyController.class.php 第 41 行.
NOTIC: [2048] Declaration of Home\Controller\EmptyController::success() should be compatible with Think\Controller::success($message = '', $jumpUrl = '', $ajax = false) E:\Web\WWW\ThinkFLAT\ThinkFlat\Home\Controller\EmptyController.class.php 第 41 行.
INFO: [ view_parse ] --START--
INFO: [ template_filter ] --START--
INFO: Run Behavior\ContentReplaceBehavior [ RunTime:0.000109s ]
INFO: [ template_filter ] --END-- [ RunTime:0.000167s ]
NOTIC: [8] Undefined variable: pjax E:\Web\WWW\ThinkFLAT\ThinkFlat\Runtime\Cache\Home\564e8ba16e4e48579c29a3b455201bd5.php 第 155 行.
INFO: Run Behavior\ParseTemplateBehavior [ RunTime:0.042452s ]
INFO: [ view_parse ] --END-- [ RunTime:0.042479s ]
INFO: [ view_filter ] --START--
INFO: Run Behavior\WriteHtmlCacheBehavior [ RunTime:0.000262s ]
INFO: [ view_filter ] --END-- [ RunTime:0.000284s ]
INFO: [ app_end ] --START--
INFO: Run Behavior\ShowPageTraceBehavior [ RunTime:0.000477s ]
INFO: [ app_end ] --END-- [ RunTime:0.000521s ]

[ 2017-07-27T18:09:55+08:00 ] 127.0.0.1 /flat.php/substance/more-userprofile.html
INFO: [ app_init ] --START--
INFO: Run Behavior\BuildLiteBehavior [ RunTime:0.000023s ]
INFO: [ app_init ] --END-- [ RunTime:0.000529s ]
INFO: [ app_begin ] --START--
INFO: Run Behavior\ReadHtmlCacheBehavior [ RunTime:0.000440s ]
INFO: [ app_begin ] --END-- [ RunTime:0.000482s ]
NOTIC: [2048] Declaration of Home\Controller\EmptyController::error() should be compatible with Think\Controller::error($message = '', $jumpUrl = '', $ajax = false) E:\Web\WWW\ThinkFLAT\ThinkFlat\Home\Controller\EmptyController.class.php 第 41 行.
NOTIC: [2048] Declaration of Home\Controller\EmptyController::success() should be compatible with Think\Controller::success($message = '', $jumpUrl = '', $ajax = false) E:\Web\WWW\ThinkFLAT\ThinkFlat\Home\Controller\EmptyController.class.php 第 41 行.
ERR: 模板不存在:./ThinkFlat/Home/View/default/./ThinkFlat/Home/View/default/Substance/more-userprofile.html.html

[ 2017-07-27T18:09:57+08:00 ] 127.0.0.1 /flat.php/substance/prereg.html
INFO: [ app_init ] --START--
INFO: Run Behavior\BuildLiteBehavior [ RunTime:0.000011s ]
INFO: [ app_init ] --END-- [ RunTime:0.000377s ]
INFO: [ app_begin ] --START--
INFO: Run Behavior\ReadHtmlCacheBehavior [ RunTime:0.000536s ]
INFO: [ app_begin ] --END-- [ RunTime:0.000591s ]
NOTIC: [2048] Declaration of Home\Controller\EmptyController::error() should be compatible with Think\Controller::error($message = '', $jumpUrl = '', $ajax = false) E:\Web\WWW\ThinkFLAT\ThinkFlat\Home\Controller\EmptyController.class.php 第 41 行.
NOTIC: [2048] Declaration of Home\Controller\EmptyController::success() should be compatible with Think\Controller::success($message = '', $jumpUrl = '', $ajax = false) E:\Web\WWW\ThinkFLAT\ThinkFlat\Home\Controller\EmptyController.class.php 第 41 行.
INFO: [ view_parse ] --START--
INFO: [ template_filter ] --START--
INFO: Run Behavior\ContentReplaceBehavior [ RunTime:0.000100s ]
INFO: [ template_filter ] --END-- [ RunTime:0.000152s ]
NOTIC: [8] Undefined variable: pjax E:\Web\WWW\ThinkFLAT\ThinkFlat\Runtime\Cache\Home\564e8ba16e4e48579c29a3b455201bd5.php 第 155 行.
INFO: Run Behavior\ParseTemplateBehavior [ RunTime:0.033348s ]
INFO: [ view_parse ] --END-- [ RunTime:0.033400s ]
INFO: [ view_filter ] --START--
INFO: Run Behavior\WriteHtmlCacheBehavior [ RunTime:0.000298s ]
INFO: [ view_filter ] --END-- [ RunTime:0.000328s ]
INFO: [ app_end ] --START--
INFO: Run Behavior\ShowPageTraceBehavior [ RunTime:0.000574s ]
INFO: [ app_end ] --END-- [ RunTime:0.000624s ]

[ 2017-07-27T18:10:18+08:00 ] 127.0.0.1 /flat.php/substance/prereg.html
INFO: [ app_init ] --START--
INFO: Run Behavior\BuildLiteBehavior [ RunTime:0.000019s ]
INFO: [ app_init ] --END-- [ RunTime:0.000639s ]
INFO: [ app_begin ] --START--
INFO: Run Behavior\ReadHtmlCacheBehavior [ RunTime:0.000675s ]
INFO: [ app_begin ] --END-- [ RunTime:0.000735s ]
NOTIC: [2048] Declaration of Home\Controller\EmptyController::error() should be compatible with Think\Controller::error($message = '', $jumpUrl = '', $ajax = false) E:\Web\WWW\ThinkFLAT\ThinkFlat\Home\Controller\EmptyController.class.php 第 41 行.
NOTIC: [2048] Declaration of Home\Controller\EmptyController::success() should be compatible with Think\Controller::success($message = '', $jumpUrl = '', $ajax = false) E:\Web\WWW\ThinkFLAT\ThinkFlat\Home\Controller\EmptyController.class.php 第 41 行.
INFO: [ view_parse ] --START--
INFO: [ template_filter ] --START--
INFO: Run Behavior\ContentReplaceBehavior [ RunTime:0.000058s ]
INFO: [ template_filter ] --END-- [ RunTime:0.000091s ]
NOTIC: [8] Undefined variable: pjax E:\Web\WWW\ThinkFLAT\ThinkFlat\Runtime\Cache\Home\564e8ba16e4e48579c29a3b455201bd5.php 第 155 行.
INFO: Run Behavior\ParseTemplateBehavior [ RunTime:0.028446s ]
INFO: [ view_parse ] --END-- [ RunTime:0.028498s ]
INFO: [ view_filter ] --START--
INFO: Run Behavior\WriteHtmlCacheBehavior [ RunTime:0.000485s ]
INFO: [ view_filter ] --END-- [ RunTime:0.000522s ]
INFO: [ app_end ] --START--
INFO: Run Behavior\ShowPageTraceBehavior [ RunTime:0.003240s ]
INFO: [ app_end ] --END-- [ RunTime:0.003755s ]

