[ 2017-05-11T08:22:47+08:00 ] 192.168.16.188 /favicon.ico
INFO: [ app_init ] --START--
INFO: Run Behavior\BuildLiteBehavior [ RunTime:0.000022s ]
INFO: [ app_init ] --END-- [ RunTime:0.002818s ]

[ 2017-05-11T10:23:07+08:00 ] 127.0.0.1 /
INFO: [ app_init ] --START--
INFO: Run Behavior\BuildLiteBehavior [ RunTime:0.000019s ]
INFO: [ app_init ] --END-- [ RunTime:0.001161s ]
INFO: [ app_begin ] --START--
INFO: Run Behavior\ReadHtmlCacheBehavior [ RunTime:0.004409s ]
INFO: [ app_begin ] --END-- [ RunTime:0.004504s ]
NOTIC: [2048] Declaration of Home\Controller\EmptyController::error() should be compatible with Think\Controller::error($message = '', $jumpUrl = '', $ajax = false) E:\Web\WWW\ThinkFLAT\ThinkFlat\Home\Controller\EmptyController.class.php 第 39 行.
NOTIC: [2048] Declaration of Home\Controller\EmptyController::success() should be compatible with Think\Controller::success($message = '', $jumpUrl = '', $ajax = false) E:\Web\WWW\ThinkFLAT\ThinkFlat\Home\Controller\EmptyController.class.php 第 39 行.
INFO: [ view_parse ] --START--
INFO: [ template_filter ] --START--
INFO: Run Behavior\ContentReplaceBehavior [ RunTime:0.002039s ]
INFO: [ template_filter ] --END-- [ RunTime:0.002182s ]
NOTIC: [8] Undefined variable: title E:\Web\WWW\ThinkFLAT\ThinkFlat\Runtime\Cache\Home\adad5d59f0ed29916ceafdad7098f5bb.php 第 8 行.
INFO: Run Behavior\ParseTemplateBehavior [ RunTime:0.101647s ]
INFO: [ view_parse ] --END-- [ RunTime:0.101764s ]
INFO: [ view_filter ] --START--
INFO: Run Behavior\WriteHtmlCacheBehavior [ RunTime:0.001575s ]
INFO: [ view_filter ] --END-- [ RunTime:0.001677s ]
INFO: [ app_end ] --START--
INFO: Run Behavior\ShowPageTraceBehavior [ RunTime:0.004836s ]
INFO: [ app_end ] --END-- [ RunTime:0.004936s ]

[ 2017-05-11T10:23:13+08:00 ] 127.0.0.1 /favicon.ico
INFO: [ app_init ] --START--
INFO: Run Behavior\BuildLiteBehavior [ RunTime:0.000010s ]
INFO: [ app_init ] --END-- [ RunTime:0.000309s ]

