[ 2017-05-22T10:18:54+08:00 ] 127.0.0.1 /index.php/Login/index.html
INFO: [ app_init ] --START--
INFO: Run Behavior\BuildLiteBehavior [ RunTime:0.000021s ]
INFO: [ app_init ] --END-- [ RunTime:0.001045s ]
INFO: [ app_begin ] --START--
INFO: Run Behavior\ReadHtmlCacheBehavior [ RunTime:0.001860s ]
INFO: [ app_begin ] --END-- [ RunTime:0.001960s ]
NOTIC: [2048] Declaration of Home\Controller\EmptyController::error() should be compatible with Think\Controller::error($message = '', $jumpUrl = '', $ajax = false) E:\Web\WWW\ThinkFLAT\ThinkFlat\Home\Controller\EmptyController.class.php 第 39 行.
NOTIC: [2048] Declaration of Home\Controller\EmptyController::success() should be compatible with Think\Controller::success($message = '', $jumpUrl = '', $ajax = false) E:\Web\WWW\ThinkFLAT\ThinkFlat\Home\Controller\EmptyController.class.php 第 39 行.
ERR: 模板不存在:./ThinkFlat/Home/View/default/./ThinkFlat/Home/View/default/Login/index.html.html

[ 2017-05-22T10:18:55+08:00 ] 127.0.0.1 /
INFO: [ app_init ] --START--
INFO: Run Behavior\BuildLiteBehavior [ RunTime:0.000007s ]
INFO: [ app_init ] --END-- [ RunTime:0.000308s ]
INFO: [ app_begin ] --START--
INFO: Run Behavior\ReadHtmlCacheBehavior [ RunTime:0.000450s ]
INFO: [ app_begin ] --END-- [ RunTime:0.000507s ]
NOTIC: [2048] Declaration of Home\Controller\EmptyController::error() should be compatible with Think\Controller::error($message = '', $jumpUrl = '', $ajax = false) E:\Web\WWW\ThinkFLAT\ThinkFlat\Home\Controller\EmptyController.class.php 第 39 行.
NOTIC: [2048] Declaration of Home\Controller\EmptyController::success() should be compatible with Think\Controller::success($message = '', $jumpUrl = '', $ajax = false) E:\Web\WWW\ThinkFLAT\ThinkFlat\Home\Controller\EmptyController.class.php 第 39 行.
INFO: [ view_parse ] --START--
INFO: [ template_filter ] --START--
INFO: Run Behavior\ContentReplaceBehavior [ RunTime:0.000170s ]
INFO: [ template_filter ] --END-- [ RunTime:0.000231s ]
NOTIC: [8] Undefined variable: title E:\Web\WWW\ThinkFLAT\ThinkFlat\Runtime\Cache\Home\adad5d59f0ed29916ceafdad7098f5bb.php 第 8 行.
INFO: Run Behavior\ParseTemplateBehavior [ RunTime:0.085238s ]
INFO: [ view_parse ] --END-- [ RunTime:0.085274s ]
INFO: [ view_filter ] --START--
INFO: Run Behavior\WriteHtmlCacheBehavior [ RunTime:0.000376s ]
INFO: [ view_filter ] --END-- [ RunTime:0.000407s ]
INFO: [ app_end ] --START--
INFO: Run Behavior\ShowPageTraceBehavior [ RunTime:0.000598s ]
INFO: [ app_end ] --END-- [ RunTime:0.000654s ]

[ 2017-05-22T10:24:19+08:00 ] 127.0.0.1 /?_pjax=%23main
INFO: [ app_init ] --START--
INFO: Run Behavior\BuildLiteBehavior [ RunTime:0.000012s ]
INFO: [ app_init ] --END-- [ RunTime:0.000411s ]
INFO: [ app_begin ] --START--
INFO: Run Behavior\ReadHtmlCacheBehavior [ RunTime:0.000611s ]
INFO: [ app_begin ] --END-- [ RunTime:0.000668s ]
NOTIC: [2048] Declaration of Home\Controller\EmptyController::error() should be compatible with Think\Controller::error($message = '', $jumpUrl = '', $ajax = false) E:\Web\WWW\ThinkFLAT\ThinkFlat\Home\Controller\EmptyController.class.php 第 39 行.
NOTIC: [2048] Declaration of Home\Controller\EmptyController::success() should be compatible with Think\Controller::success($message = '', $jumpUrl = '', $ajax = false) E:\Web\WWW\ThinkFLAT\ThinkFlat\Home\Controller\EmptyController.class.php 第 39 行.
INFO: [ view_parse ] --START--
INFO: [ template_filter ] --START--
INFO: Run Behavior\ContentReplaceBehavior [ RunTime:0.000064s ]
INFO: [ template_filter ] --END-- [ RunTime:0.000120s ]
INFO: Run Behavior\ParseTemplateBehavior [ RunTime:0.039202s ]
INFO: [ view_parse ] --END-- [ RunTime:0.039266s ]
INFO: [ view_filter ] --START--
INFO: Run Behavior\WriteHtmlCacheBehavior [ RunTime:0.000496s ]
INFO: [ view_filter ] --END-- [ RunTime:0.000573s ]
INFO: [ app_end ] --START--
INFO: Run Behavior\ShowPageTraceBehavior [ RunTime:0.001061s ]
INFO: [ app_end ] --END-- [ RunTime:0.001164s ]

[ 2017-05-22T10:24:22+08:00 ] 127.0.0.1 /index/validate?_pjax=%23main
INFO: [ app_init ] --START--
INFO: Run Behavior\BuildLiteBehavior [ RunTime:0.000012s ]
INFO: [ app_init ] --END-- [ RunTime:0.000425s ]
INFO: [ app_begin ] --START--
INFO: Run Behavior\ReadHtmlCacheBehavior [ RunTime:0.000550s ]
INFO: [ app_begin ] --END-- [ RunTime:0.000600s ]
NOTIC: [2048] Declaration of Home\Controller\EmptyController::error() should be compatible with Think\Controller::error($message = '', $jumpUrl = '', $ajax = false) E:\Web\WWW\ThinkFLAT\ThinkFlat\Home\Controller\EmptyController.class.php 第 39 行.
NOTIC: [2048] Declaration of Home\Controller\EmptyController::success() should be compatible with Think\Controller::success($message = '', $jumpUrl = '', $ajax = false) E:\Web\WWW\ThinkFLAT\ThinkFlat\Home\Controller\EmptyController.class.php 第 39 行.
INFO: [ view_parse ] --START--
INFO: [ template_filter ] --START--
INFO: Run Behavior\ContentReplaceBehavior [ RunTime:0.000055s ]
INFO: [ template_filter ] --END-- [ RunTime:0.000107s ]
INFO: Run Behavior\ParseTemplateBehavior [ RunTime:0.028970s ]
INFO: [ view_parse ] --END-- [ RunTime:0.029025s ]
INFO: [ view_filter ] --START--
INFO: Run Behavior\WriteHtmlCacheBehavior [ RunTime:0.000234s ]
INFO: [ view_filter ] --END-- [ RunTime:0.000256s ]
INFO: [ app_end ] --START--
INFO: Run Behavior\ShowPageTraceBehavior [ RunTime:0.000456s ]
INFO: [ app_end ] --END-- [ RunTime:0.000489s ]

[ 2017-05-22T10:59:56+08:00 ] 127.0.0.1 /
INFO: [ app_init ] --START--
INFO: Run Behavior\BuildLiteBehavior [ RunTime:0.000021s ]
INFO: [ app_init ] --END-- [ RunTime:0.002508s ]
INFO: [ app_begin ] --START--
INFO: Run Behavior\ReadHtmlCacheBehavior [ RunTime:0.000891s ]
INFO: [ app_begin ] --END-- [ RunTime:0.001026s ]
NOTIC: [2048] Declaration of Home\Controller\EmptyController::error() should be compatible with Think\Controller::error($message = '', $jumpUrl = '', $ajax = false) E:\Web\WWW\ThinkFLAT\ThinkFlat\Home\Controller\EmptyController.class.php 第 39 行.
NOTIC: [2048] Declaration of Home\Controller\EmptyController::success() should be compatible with Think\Controller::success($message = '', $jumpUrl = '', $ajax = false) E:\Web\WWW\ThinkFLAT\ThinkFlat\Home\Controller\EmptyController.class.php 第 39 行.
INFO: [ view_parse ] --START--
INFO: [ template_filter ] --START--
INFO: Run Behavior\ContentReplaceBehavior [ RunTime:0.000088s ]
INFO: [ template_filter ] --END-- [ RunTime:0.000123s ]
NOTIC: [8] Undefined variable: title E:\Web\WWW\ThinkFLAT\ThinkFlat\Runtime\Cache\Home\adad5d59f0ed29916ceafdad7098f5bb.php 第 8 行.
INFO: Run Behavior\ParseTemplateBehavior [ RunTime:0.013610s ]
INFO: [ view_parse ] --END-- [ RunTime:0.013646s ]
INFO: [ view_filter ] --START--
INFO: Run Behavior\WriteHtmlCacheBehavior [ RunTime:0.000324s ]
INFO: [ view_filter ] --END-- [ RunTime:0.000346s ]
INFO: [ app_end ] --START--
INFO: Run Behavior\ShowPageTraceBehavior [ RunTime:0.000418s ]
INFO: [ app_end ] --END-- [ RunTime:0.000451s ]

[ 2017-05-22T10:59:59+08:00 ] 127.0.0.1 /index/validate?_pjax=%23main
INFO: [ app_init ] --START--
INFO: Run Behavior\BuildLiteBehavior [ RunTime:0.000015s ]
INFO: [ app_init ] --END-- [ RunTime:0.000505s ]
INFO: [ app_begin ] --START--
INFO: Run Behavior\ReadHtmlCacheBehavior [ RunTime:0.000520s ]
INFO: [ app_begin ] --END-- [ RunTime:0.000570s ]
NOTIC: [2048] Declaration of Home\Controller\EmptyController::error() should be compatible with Think\Controller::error($message = '', $jumpUrl = '', $ajax = false) E:\Web\WWW\ThinkFLAT\ThinkFlat\Home\Controller\EmptyController.class.php 第 39 行.
NOTIC: [2048] Declaration of Home\Controller\EmptyController::success() should be compatible with Think\Controller::success($message = '', $jumpUrl = '', $ajax = false) E:\Web\WWW\ThinkFLAT\ThinkFlat\Home\Controller\EmptyController.class.php 第 39 行.
INFO: [ view_parse ] --START--
INFO: [ template_filter ] --START--
INFO: Run Behavior\ContentReplaceBehavior [ RunTime:0.000055s ]
INFO: [ template_filter ] --END-- [ RunTime:0.000107s ]
INFO: Run Behavior\ParseTemplateBehavior [ RunTime:0.007239s ]
INFO: [ view_parse ] --END-- [ RunTime:0.007307s ]
INFO: [ view_filter ] --START--
INFO: Run Behavior\WriteHtmlCacheBehavior [ RunTime:0.000459s ]
INFO: [ view_filter ] --END-- [ RunTime:0.000496s ]
INFO: [ app_end ] --START--
INFO: Run Behavior\ShowPageTraceBehavior [ RunTime:0.000492s ]
INFO: [ app_end ] --END-- [ RunTime:0.000539s ]

[ 2017-05-22T11:01:01+08:00 ] 127.0.0.1 /?_pjax=%23main
INFO: [ app_init ] --START--
INFO: Run Behavior\BuildLiteBehavior [ RunTime:0.000009s ]
INFO: [ app_init ] --END-- [ RunTime:0.000261s ]
INFO: [ app_begin ] --START--
INFO: Run Behavior\ReadHtmlCacheBehavior [ RunTime:0.000331s ]
INFO: [ app_begin ] --END-- [ RunTime:0.000365s ]
NOTIC: [2048] Declaration of Home\Controller\EmptyController::error() should be compatible with Think\Controller::error($message = '', $jumpUrl = '', $ajax = false) E:\Web\WWW\ThinkFLAT\ThinkFlat\Home\Controller\EmptyController.class.php 第 39 行.
NOTIC: [2048] Declaration of Home\Controller\EmptyController::success() should be compatible with Think\Controller::success($message = '', $jumpUrl = '', $ajax = false) E:\Web\WWW\ThinkFLAT\ThinkFlat\Home\Controller\EmptyController.class.php 第 39 行.
INFO: [ view_parse ] --START--
INFO: [ template_filter ] --START--
INFO: Run Behavior\ContentReplaceBehavior [ RunTime:0.000038s ]
INFO: [ template_filter ] --END-- [ RunTime:0.000073s ]
INFO: Run Behavior\ParseTemplateBehavior [ RunTime:0.006780s ]
INFO: [ view_parse ] --END-- [ RunTime:0.006811s ]
INFO: [ view_filter ] --START--
INFO: Run Behavior\WriteHtmlCacheBehavior [ RunTime:0.000212s ]
INFO: [ view_filter ] --END-- [ RunTime:0.000237s ]
INFO: [ app_end ] --START--
INFO: Run Behavior\ShowPageTraceBehavior [ RunTime:0.000357s ]
INFO: [ app_end ] --END-- [ RunTime:0.000384s ]

[ 2017-05-22T11:01:04+08:00 ] 127.0.0.1 /index/validate?_pjax=%23main
INFO: [ app_init ] --START--
INFO: Run Behavior\BuildLiteBehavior [ RunTime:0.000008s ]
INFO: [ app_init ] --END-- [ RunTime:0.000260s ]
INFO: [ app_begin ] --START--
INFO: Run Behavior\ReadHtmlCacheBehavior [ RunTime:0.000303s ]
INFO: [ app_begin ] --END-- [ RunTime:0.000333s ]
NOTIC: [2048] Declaration of Home\Controller\EmptyController::error() should be compatible with Think\Controller::error($message = '', $jumpUrl = '', $ajax = false) E:\Web\WWW\ThinkFLAT\ThinkFlat\Home\Controller\EmptyController.class.php 第 39 行.
NOTIC: [2048] Declaration of Home\Controller\EmptyController::success() should be compatible with Think\Controller::success($message = '', $jumpUrl = '', $ajax = false) E:\Web\WWW\ThinkFLAT\ThinkFlat\Home\Controller\EmptyController.class.php 第 39 行.
INFO: [ view_parse ] --START--
INFO: [ template_filter ] --START--
INFO: Run Behavior\ContentReplaceBehavior [ RunTime:0.000049s ]
INFO: [ template_filter ] --END-- [ RunTime:0.000095s ]
INFO: Run Behavior\ParseTemplateBehavior [ RunTime:0.007479s ]
INFO: [ view_parse ] --END-- [ RunTime:0.007524s ]
INFO: [ view_filter ] --START--
INFO: Run Behavior\WriteHtmlCacheBehavior [ RunTime:0.000214s ]
INFO: [ view_filter ] --END-- [ RunTime:0.000233s ]
INFO: [ app_end ] --START--
INFO: Run Behavior\ShowPageTraceBehavior [ RunTime:0.000417s ]
INFO: [ app_end ] --END-- [ RunTime:0.000452s ]

[ 2017-05-22T11:01:09+08:00 ] 127.0.0.1 /?_pjax=%23main
INFO: [ app_init ] --START--
INFO: Run Behavior\BuildLiteBehavior [ RunTime:0.000009s ]
INFO: [ app_init ] --END-- [ RunTime:0.000264s ]
INFO: [ app_begin ] --START--
INFO: Run Behavior\ReadHtmlCacheBehavior [ RunTime:0.000363s ]
INFO: [ app_begin ] --END-- [ RunTime:0.000391s ]
NOTIC: [2048] Declaration of Home\Controller\EmptyController::error() should be compatible with Think\Controller::error($message = '', $jumpUrl = '', $ajax = false) E:\Web\WWW\ThinkFLAT\ThinkFlat\Home\Controller\EmptyController.class.php 第 39 行.
NOTIC: [2048] Declaration of Home\Controller\EmptyController::success() should be compatible with Think\Controller::success($message = '', $jumpUrl = '', $ajax = false) E:\Web\WWW\ThinkFLAT\ThinkFlat\Home\Controller\EmptyController.class.php 第 39 行.
INFO: [ view_parse ] --START--
INFO: [ template_filter ] --START--
INFO: Run Behavior\ContentReplaceBehavior [ RunTime:0.000050s ]
INFO: [ template_filter ] --END-- [ RunTime:0.000092s ]
INFO: Run Behavior\ParseTemplateBehavior [ RunTime:0.005308s ]
INFO: [ view_parse ] --END-- [ RunTime:0.005358s ]
INFO: [ view_filter ] --START--
INFO: Run Behavior\WriteHtmlCacheBehavior [ RunTime:0.000376s ]
INFO: [ view_filter ] --END-- [ RunTime:0.000415s ]
INFO: [ app_end ] --START--
INFO: Run Behavior\ShowPageTraceBehavior [ RunTime:0.000646s ]
INFO: [ app_end ] --END-- [ RunTime:0.000699s ]

[ 2017-05-22T11:20:45+08:00 ] 127.0.0.1 /?_pjax=%23main
INFO: [ app_init ] --START--
INFO: Run Behavior\BuildLiteBehavior [ RunTime:0.000014s ]
INFO: [ app_init ] --END-- [ RunTime:0.000658s ]
INFO: [ app_begin ] --START--
INFO: Run Behavior\ReadHtmlCacheBehavior [ RunTime:0.000872s ]
INFO: [ app_begin ] --END-- [ RunTime:0.000959s ]
NOTIC: [2048] Declaration of Home\Controller\EmptyController::error() should be compatible with Think\Controller::error($message = '', $jumpUrl = '', $ajax = false) E:\Web\WWW\ThinkFLAT\ThinkFlat\Home\Controller\EmptyController.class.php 第 39 行.
NOTIC: [2048] Declaration of Home\Controller\EmptyController::success() should be compatible with Think\Controller::success($message = '', $jumpUrl = '', $ajax = false) E:\Web\WWW\ThinkFLAT\ThinkFlat\Home\Controller\EmptyController.class.php 第 39 行.
INFO: [ view_parse ] --START--
INFO: [ template_filter ] --START--
INFO: Run Behavior\ContentReplaceBehavior [ RunTime:0.000074s ]
INFO: [ template_filter ] --END-- [ RunTime:0.000128s ]
INFO: Run Behavior\ParseTemplateBehavior [ RunTime:0.008654s ]
INFO: [ view_parse ] --END-- [ RunTime:0.008709s ]
INFO: [ view_filter ] --START--
INFO: Run Behavior\WriteHtmlCacheBehavior [ RunTime:0.000519s ]
INFO: [ view_filter ] --END-- [ RunTime:0.000559s ]
INFO: [ app_end ] --START--
INFO: Run Behavior\ShowPageTraceBehavior [ RunTime:0.000761s ]
INFO: [ app_end ] --END-- [ RunTime:0.000812s ]

[ 2017-05-22T11:20:47+08:00 ] 127.0.0.1 /index/validate?_pjax=%23main
INFO: [ app_init ] --START--
INFO: Run Behavior\BuildLiteBehavior [ RunTime:0.000010s ]
INFO: [ app_init ] --END-- [ RunTime:0.000277s ]
INFO: [ app_begin ] --START--
INFO: Run Behavior\ReadHtmlCacheBehavior [ RunTime:0.000354s ]
INFO: [ app_begin ] --END-- [ RunTime:0.000381s ]
NOTIC: [2048] Declaration of Home\Controller\EmptyController::error() should be compatible with Think\Controller::error($message = '', $jumpUrl = '', $ajax = false) E:\Web\WWW\ThinkFLAT\ThinkFlat\Home\Controller\EmptyController.class.php 第 39 行.
NOTIC: [2048] Declaration of Home\Controller\EmptyController::success() should be compatible with Think\Controller::success($message = '', $jumpUrl = '', $ajax = false) E:\Web\WWW\ThinkFLAT\ThinkFlat\Home\Controller\EmptyController.class.php 第 39 行.
INFO: [ view_parse ] --START--
INFO: [ template_filter ] --START--
INFO: Run Behavior\ContentReplaceBehavior [ RunTime:0.000035s ]
INFO: [ template_filter ] --END-- [ RunTime:0.000069s ]
INFO: Run Behavior\ParseTemplateBehavior [ RunTime:0.004958s ]
INFO: [ view_parse ] --END-- [ RunTime:0.005009s ]
INFO: [ view_filter ] --START--
INFO: Run Behavior\WriteHtmlCacheBehavior [ RunTime:0.000273s ]
INFO: [ view_filter ] --END-- [ RunTime:0.000295s ]
INFO: [ app_end ] --START--
INFO: Run Behavior\ShowPageTraceBehavior [ RunTime:0.000436s ]
INFO: [ app_end ] --END-- [ RunTime:0.000472s ]

[ 2017-05-22T11:20:48+08:00 ] 127.0.0.1 /?_pjax=%23main
INFO: [ app_init ] --START--
INFO: Run Behavior\BuildLiteBehavior [ RunTime:0.000009s ]
INFO: [ app_init ] --END-- [ RunTime:0.000277s ]
INFO: [ app_begin ] --START--
INFO: Run Behavior\ReadHtmlCacheBehavior [ RunTime:0.000323s ]
INFO: [ app_begin ] --END-- [ RunTime:0.000355s ]
NOTIC: [2048] Declaration of Home\Controller\EmptyController::error() should be compatible with Think\Controller::error($message = '', $jumpUrl = '', $ajax = false) E:\Web\WWW\ThinkFLAT\ThinkFlat\Home\Controller\EmptyController.class.php 第 39 行.
NOTIC: [2048] Declaration of Home\Controller\EmptyController::success() should be compatible with Think\Controller::success($message = '', $jumpUrl = '', $ajax = false) E:\Web\WWW\ThinkFLAT\ThinkFlat\Home\Controller\EmptyController.class.php 第 39 行.
INFO: [ view_parse ] --START--
INFO: [ template_filter ] --START--
INFO: Run Behavior\ContentReplaceBehavior [ RunTime:0.000051s ]
INFO: [ template_filter ] --END-- [ RunTime:0.000111s ]
INFO: Run Behavior\ParseTemplateBehavior [ RunTime:0.008653s ]
INFO: [ view_parse ] --END-- [ RunTime:0.008684s ]
INFO: [ view_filter ] --START--
INFO: Run Behavior\WriteHtmlCacheBehavior [ RunTime:0.000188s ]
INFO: [ view_filter ] --END-- [ RunTime:0.000205s ]
INFO: [ app_end ] --START--
INFO: Run Behavior\ShowPageTraceBehavior [ RunTime:0.000392s ]
INFO: [ app_end ] --END-- [ RunTime:0.000429s ]

